<?xml version="1.0" encoding="UTF-8"?>
<robot generator="Robot 7.5 (Python 3.14.7 on win32)" generated="2026-09-16T15:44:32.647387" rpa="false" schemaversion="5">
<suite id="s1" name="OPC UA CS tests" source="C:\projects\Git\ASW-UI-Tests\RobotTests\tests\OPC UA CS\OPC UA CS_tests.robot">
<test id="s1-t1" name="Initialise OPCUA Version" line="10">
<kw name="Start FlaUI Server" owner="project_keywords">
<kw name="Run Process" owner="Process">
<msg time="2026-09-16T15:44:38.524391" level="INFO">Starting process:
powershell.exe "if($null -eq (Get-Process FlaUILibrary -ErrorAction SilentlyContinue)){C:\projects\Git\ASW-UI-Tests\RobotTests\keywords/../libraries/FlaUILibrary/bin/Release/net481/FlaUILibrary.exe}"</msg>
<msg time="2026-09-16T15:44:38.532732" level="INFO">Waiting for process to complete.</msg>
<msg time="2026-09-16T15:44:38.680102" level="INFO">Process completed.</msg>
<arg>powershell.exe</arg>
<arg>if($null -eq (Get-Process FlaUILibrary -ErrorAction SilentlyContinue)){C:\\projects\\Git\\ASW-UI-Tests\\RobotTests\\keywords/../libraries/FlaUILibrary/bin/Release/net481/FlaUILibrary.exe}</arg>
<doc>Runs a process and waits for it to complete.</doc>
<status status="PASS" start="2026-09-16T15:44:38.524150" elapsed="0.156051"/>
</kw>
<kw name="Sleep" owner="BuiltIn">
<msg time="2026-09-16T15:44:43.680826" level="INFO">Slept 5 seconds.</msg>
<msg time="2026-09-16T15:44:43.681039" level="INFO">Waiting for FlaUI server to start</msg>
<arg>5s</arg>
<arg>Waiting for FlaUI server to start</arg>
<doc>Pauses execution for the given time.</doc>
<status status="PASS" start="2026-09-16T15:44:38.680383" elapsed="5.000829"/>
</kw>
<doc>Starts the FlaUI server for IDE interactions.</doc>
<status status="PASS" start="2026-09-16T15:44:38.523496" elapsed="5.158033"/>
</kw>
<kw name="Initialize Automation Studio" owner="ide_keywords">
<kw name="Initialize Automation Studio" owner="FlaUILib">
<arg>${AS_DEFAULT_TIMEOUT}</arg>
<arg>${AS_VERBOSE}</arg>
<status status="PASS" start="2026-09-16T15:44:43.683656" elapsed="0.702673"/>
</kw>
<kw name="Click into IDE" owner="FlaUILib">
<status status="PASS" start="2026-09-16T15:44:44.386491" elapsed="0.037299"/>
</kw>
<kw name="Log" owner="BuiltIn">
<msg time="2026-09-16T15:44:44.424162" level="INFO">Automation Studio initialised.</msg>
<arg>Automation Studio initialised.</arg>
<doc>Logs the given message with the given level.</doc>
<status status="PASS" start="2026-09-16T15:44:44.423971" elapsed="0.000223"/>
</kw>
<doc>Launches (or attaches to) Automation Studio IDE and waits until ready.</doc>
<status status="PASS" start="2026-09-16T15:44:43.683001" elapsed="0.741242"/>
</kw>
<kw name="Select Working Version for Component" owner="project_keywords">
<kw name="Invoke IDE Menu" owner="ide_keywords">
<kw name="Invoke Menu" owner="FlaUILib">
<arg>${menu_name}</arg>
<arg>${menu_item}</arg>
<arg>${submenu_item}</arg>
<status status="PASS" start="2026-09-16T15:44:44.425056" elapsed="1.159127"/>
</kw>
<kw name="Log" owner="BuiltIn">
<msg time="2026-09-16T15:44:45.584636" level="INFO">Menu invoked: Project &gt; Change Runtime Versions... &gt; None</msg>
<arg>Menu invoked: ${menu_name} &gt; ${menu_item} &gt; ${submenu_item}</arg>
<doc>Logs the given message with the given level.</doc>
<status status="PASS" start="2026-09-16T15:44:45.584384" elapsed="0.000289"/>
</kw>
<arg>Project</arg>
<arg>Change Runtime Versions...</arg>
<doc>Clicks a top-level menu and optionally a menu/sub-menu item.</doc>
<status status="PASS" start="2026-09-16T15:44:44.424866" elapsed="1.159860"/>
</kw>
<kw name="Wait For Dialog" owner="FlaUILib">
<msg time="2026-09-16T15:44:48.622524" level="INFO">${dialog_appeared} = True</msg>
<var>${dialog_appeared}</var>
<arg>${CPU_TYPE} - Properties</arg>
<arg>15</arg>
<status status="PASS" start="2026-09-16T15:44:45.584831" elapsed="3.037727"/>
</kw>
<if>
<branch type="IF" condition="${dialog_appeared}">
<kw name="Select Component Version" owner="FlaUILib">
<arg>${component_name}</arg>
<arg>${working_version}</arg>
<status status="PASS" start="2026-09-16T15:44:48.622798" elapsed="1.161443"/>
</kw>
<kw name="Click Dialog Button" owner="FlaUILib">
<arg>OK</arg>
<arg>dialog_close=True</arg>
<status status="PASS" start="2026-09-16T15:44:49.784504" elapsed="11.491190"/>
</kw>
<status status="PASS" start="2026-09-16T15:44:48.622657" elapsed="12.653105"/>
</branch>
<branch type="ELSE">
<kw name="Log" owner="BuiltIn">
<arg>No Change Runtime Versions dialog appeared.</arg>
<doc>Logs the given message with the given level.</doc>
<status status="NOT RUN" start="2026-09-16T15:45:01.275983" elapsed="0.000020"/>
</kw>
<status status="NOT RUN" start="2026-09-16T15:45:01.275811" elapsed="0.000217"/>
</branch>
<status status="PASS" start="2026-09-16T15:44:48.622629" elapsed="12.653421"/>
</if>
<kw name="Log" owner="BuiltIn">
<msg time="2026-09-16T15:45:01.276426" level="INFO">Working version selected: 6.6.1</msg>
<arg>Working version selected: ${working_version}</arg>
<doc>Logs the given message with the given level.</doc>
<status status="PASS" start="2026-09-16T15:45:01.276177" elapsed="0.000283"/>
</kw>
<arg>OPC</arg>
<arg>${UACS_VERSION}</arg>
<doc>Selects the component's version inside the Project - Change Runtime Version dialog.</doc>
<status status="PASS" start="2026-09-16T15:44:44.424588" elapsed="16.851919"/>
</kw>
<kw name="Verify Working Version For Component" owner="project_keywords">
<if>
<branch type="IF" condition="&quot;${component_name}&quot; == &quot;AutomationRuntime&quot;">
<kw name="Parse Xml" owner="XML">
<var>${XML_root}</var>
<arg>${PROJECT_TEMP_PATH}${PROJECT_NAME}\\${PROJECT_NAME}\\Physical\\${PROJECT_DEFAULT_CONFIG_NAME}\\${DEFAULT_CPU_TYPE}\\Cpu.pkg</arg>
<doc>Parses the given XML file or string into an element structure.</doc>
<status status="NOT RUN" start="2026-09-16T15:45:01.277298" elapsed="0.000021"/>
</kw>
<kw name="Get Elements" owner="XML">
<var>${configurations}</var>
<arg>${XML_root}</arg>
<arg>Configuration</arg>
<doc>Returns a list of elements in the `source` matching the `xpath`.</doc>
<status status="NOT RUN" start="2026-09-16T15:45:01.277414" elapsed="0.000014"/>
</kw>
<for flavor="IN">
<iter>
<kw name="Get Element Attribute" owner="XML">
<var>${moduleId}</var>
<arg>${config}</arg>
<arg>ModuleId</arg>
<doc>Returns the named attribute of the specified element.</doc>
<status status="NOT RUN" start="2026-09-16T15:45:01.277653" elapsed="0.000016"/>
</kw>
<if>
<branch type="IF" condition="&quot;${moduleId}&quot; == &quot;${DEFAULT_CPU_TYPE}&quot;">
<kw name="Get Element" owner="XML">
<var>${component}</var>
<arg>${config}</arg>
<arg>${component_name}</arg>
<doc>Returns an element in the `source` matching the `xpath`.</doc>
<status status="NOT RUN" start="2026-09-16T15:45:01.277796" elapsed="0.000015"/>
</kw>
<status status="NOT RUN" start="2026-09-16T15:45:01.277712" elapsed="0.000123"/>
</branch>
<status status="NOT RUN" start="2026-09-16T15:45:01.277702" elapsed="0.000154"/>
</if>
<var name="${config}"/>
<status status="NOT RUN" start="2026-09-16T15:45:01.277558" elapsed="0.000312"/>
</iter>
<var>${config}</var>
<value>@{configurations}</value>
<status status="NOT RUN" start="2026-09-16T15:45:01.277471" elapsed="0.000427"/>
</for>
<status status="NOT RUN" start="2026-09-16T15:45:01.277115" elapsed="0.000811"/>
</branch>
<branch type="ELSE">
<kw name="Parse Xml" owner="XML">
<msg time="2026-09-16T15:45:01.278730" level="INFO">${XML_root} = &lt;Element 'Project' at 0x0000019ECB8F9A30&gt;</msg>
<var>${XML_root}</var>
<arg>${PROJECT_TEMP_PATH}${PROJECT_NAME}\\${PROJECT_NAME}\\${PROJECT_NAME}.apj</arg>
<doc>Parses the given XML file or string into an element structure.</doc>
<status status="PASS" start="2026-09-16T15:45:01.278031" elapsed="0.000723"/>
</kw>
<kw name="Get Element" owner="XML">
<msg time="2026-09-16T15:45:01.279054" level="INFO">${technology_packages} = &lt;Element 'TechnologyPackages' at 0x0000019ECB8F9DA0&gt;</msg>
<var>${technology_packages}</var>
<arg>${XML_root}</arg>
<arg>TechnologyPackages</arg>
<doc>Returns an element in the `source` matching the `xpath`.</doc>
<status status="PASS" start="2026-09-16T15:45:01.278872" elapsed="0.000200"/>
</kw>
<kw name="Get Element" owner="XML">
<msg time="2026-09-16T15:45:01.279367" level="INFO">${component} = &lt;Element 'OpcUaCs' at 0x0000019ECB8F9E40&gt;</msg>
<var>${component}</var>
<arg>${technology_packages}</arg>
<arg>${component_name}</arg>
<doc>Returns an element in the `source` matching the `xpath`.</doc>
<status status="PASS" start="2026-09-16T15:45:01.279208" elapsed="0.000175"/>
</kw>
<status status="PASS" start="2026-09-16T15:45:01.277944" elapsed="0.001468"/>
</branch>
<status status="PASS" start="2026-09-16T15:45:01.277095" elapsed="0.002339"/>
</if>
<kw name="Element Attribute Should Be" owner="XML">
<arg>${component}</arg>
<arg>Version</arg>
<arg>${expected_working_version}</arg>
<doc>Verifies that the specified attribute is `expected`.</doc>
<status status="PASS" start="2026-09-16T15:45:01.279517" elapsed="0.000140"/>
</kw>
<kw name="Log" owner="BuiltIn">
<msg time="2026-09-16T15:45:01.279892" level="INFO">Working version verified: 6.6.1</msg>
<arg>Working version verified: ${expected_working_version}</arg>
<doc>Logs the given message with the given level.</doc>
<status status="PASS" start="2026-09-16T15:45:01.279765" elapsed="0.000156"/>
</kw>
<arg>OpcUaCs</arg>
<arg>${UACS_VERSION}</arg>
<doc>Verifies the component's version inside the Project - Change Runtime Version dialog.</doc>
<status status="PASS" start="2026-09-16T15:45:01.276861" elapsed="0.003097"/>
</kw>
<kw name="Build Project" owner="project_keywords">
<kw name="Click Toolbar Button" owner="FlaUILib">
<arg>Build Configuration</arg>
<status status="PASS" start="2026-09-16T15:45:01.280398" elapsed="0.545367"/>
</kw>
<kw name="Wait For Message" owner="FlaUILib">
<arg>Build:</arg>
<arg>${timeout}</arg>
<status status="PASS" start="2026-09-16T15:45:01.825938" elapsed="18.850880"/>
</kw>
<kw name="Wait For Dialog" owner="FlaUILib">
<msg time="2026-09-16T15:45:21.418482" level="INFO">${dialog_appeared} = True</msg>
<var>${dialog_appeared}</var>
<arg>Build Project</arg>
<arg>${timeout}</arg>
<status status="PASS" start="2026-09-16T15:45:20.676986" elapsed="0.741530"/>
</kw>
<if>
<branch type="IF" condition="${dialog_appeared}">
<kw name="Click Dialog Button" owner="FlaUILib">
<arg>Don't Transfer</arg>
<arg>dialog_close=True</arg>
<status status="PASS" start="2026-09-16T15:45:21.418732" elapsed="1.374886"/>
</kw>
<status status="PASS" start="2026-09-16T15:45:21.418606" elapsed="1.375073"/>
</branch>
<branch type="ELSE">
<kw name="Log" owner="BuiltIn">
<arg>No Transfer dialog appeared.</arg>
<doc>Logs the given message with the given level.</doc>
<status status="NOT RUN" start="2026-09-16T15:45:22.793916" elapsed="0.000035"/>
</kw>
<status status="NOT RUN" start="2026-09-16T15:45:22.793711" elapsed="0.000275"/>
</branch>
<status status="PASS" start="2026-09-16T15:45:21.418583" elapsed="1.375425"/>
</if>
<kw name="Log" owner="BuiltIn">
<msg time="2026-09-16T15:45:22.794337" level="INFO">Project build complete</msg>
<arg>Project build complete</arg>
<doc>Logs the given message with the given level.</doc>
<status status="PASS" start="2026-09-16T15:45:22.794124" elapsed="0.000247"/>
</kw>
<doc>Builds the active configuration and waits for completion.</doc>
<status status="PASS" start="2026-09-16T15:45:01.280212" elapsed="21.514203"/>
</kw>
<kw name="Stop FlaUI Server" owner="project_keywords">
<kw name="Run Process" owner="Process">
<msg time="2026-09-16T15:45:22.795127" level="INFO">Starting process:
powershell.exe "if($null -ne (Get-Process FlaUILibrary -ErrorAction SilentlyContinue)){Stop-Process -Name FlaUILibrary -Force}"</msg>
<msg time="2026-09-16T15:45:22.803341" level="INFO">Waiting for process to complete.</msg>
<msg time="2026-09-16T15:45:22.975315" level="INFO">Process completed.</msg>
<arg>powershell.exe</arg>
<arg>if($null -ne (Get-Process FlaUILibrary -ErrorAction SilentlyContinue)){Stop-Process -Name FlaUILibrary -Force}</arg>
<doc>Runs a process and waits for it to complete.</doc>
<status status="PASS" start="2026-09-16T15:45:22.794928" elapsed="0.180500"/>
</kw>
<kw name="Sleep" owner="BuiltIn">
<msg time="2026-09-16T15:45:27.976581" level="INFO">Slept 5 seconds.</msg>
<msg time="2026-09-16T15:45:27.976642" level="INFO">Waiting for FlaUI server to stop</msg>
<arg>5s</arg>
<arg>Waiting for FlaUI server to stop</arg>
<doc>Pauses execution for the given time.</doc>
<status status="PASS" start="2026-09-16T15:45:22.975726" elapsed="5.000963"/>
</kw>
<doc>Stops the FlaUI server for IDE interactions.</doc>
<status status="PASS" start="2026-09-16T15:45:22.794697" elapsed="5.182066"/>
</kw>
<kw name="Log" owner="BuiltIn">
<msg time="2026-09-16T15:45:27.977320" level="INFO">OPC UA CS version initialised</msg>
<arg>OPC UA CS version initialised</arg>
<doc>Logs the given message with the given level.</doc>
<status status="PASS" start="2026-09-16T15:45:27.977060" elapsed="0.000294"/>
</kw>
<doc>Scenario: Initialize OPC UA CS version
Traceability ID: FW-OPCUA-C1
Component: OPC UA CS
Source Manual:
Source Section:
Evidence Type: Manual procedure
Determinism: Deterministic UI path
Preconditions: OPC UA CS TP available</doc>
<tag>configuration</tag>
<tag>opcua</tag>
<tag>smoke</tag>
<tag>trace:fw-opcua-c1</tag>
<status status="PASS" start="2026-09-16T15:44:38.522421" elapsed="49.455117"/>
</test>
<test id="s1-t2" name="Activate OPCUA Client Server With Anonymous Access and BR_Engineer" line="28">
<kw name="Start FlaUI Server" owner="project_keywords">
<kw name="Run Process" owner="Process">
<msg time="2026-09-16T15:45:27.979062" level="INFO">Starting process:
powershell.exe "if($null -eq (Get-Process FlaUILibrary -ErrorAction SilentlyContinue)){C:\projects\Git\ASW-UI-Tests\RobotTests\keywords/../libraries/FlaUILibrary/bin/Release/net481/FlaUILibrary.exe}"</msg>
<msg time="2026-09-16T15:45:27.982505" level="INFO">Waiting for process to complete.</msg>
<arg>powershell.exe</arg>
<arg>if($null -eq (Get-Process FlaUILibrary -ErrorAction SilentlyContinue)){C:\\projects\\Git\\ASW-UI-Tests\\RobotTests\\keywords/../libraries/FlaUILibrary/bin/Release/net481/FlaUILibrary.exe}</arg>
<doc>Runs a process and waits for it to complete.</doc>
<status status="FAIL" start="2026-09-16T15:45:27.978886" elapsed="78.606819">Execution terminated by signal</status>
</kw>
<kw name="Sleep" owner="BuiltIn">
<arg>5s</arg>
<arg>Waiting for FlaUI server to start</arg>
<doc>Pauses execution for the given time.</doc>
<status status="NOT RUN" start="2026-09-16T15:46:46.586183" elapsed="0.000056"/>
</kw>
<doc>Starts the FlaUI server for IDE interactions.</doc>
<status status="FAIL" start="2026-09-16T15:45:27.978671" elapsed="78.607699">Execution terminated by signal</status>
</kw>
<kw name="Initialize Automation Studio" owner="ide_keywords">
<doc>Launches (or attaches to) Automation Studio IDE and waits until ready.</doc>
<status status="NOT RUN" start="2026-09-16T15:46:46.589111" elapsed="0.000041"/>
</kw>
<kw name="Navigate To OPCUA Default View" owner="component_keywords">
<doc>Navigates to the DefaultView node under OpcUa in the Configuration View</doc>
<status status="NOT RUN" start="2026-09-16T15:46:46.589437" elapsed="0.000037"/>
</kw>
<kw name="Activate Button in Workspace Editor" owner="project_keywords">
<arg>Change Advanced Parameter Visibility</arg>
<doc>Clicks a button in the workspace editor, identified by its name.
If "activate" is True, only clicks the button if it is not already active/selected.</doc>
<status status="NOT RUN" start="2026-09-16T15:46:46.589642" elapsed="0.000020"/>
</kw>
<kw name="Expand and Click Tree Leaf" owner="ide_keywords">
<arg>Workspace</arg>
<arg>BR_OPC UA Client/Server</arg>
<arg>rootname=BR_ClientServerConfiguration</arg>
<arg>editorname=e</arg>
<doc>Expands a tree node and (double)-clicks a leaf node in the active tree.</doc>
<status status="NOT RUN" start="2026-09-16T15:46:46.589806" elapsed="0.000018"/>
</kw>
<kw name="Select From TreeComboBox" owner="ide_keywords">
<arg>item_number=1</arg>
<doc>Selects a value from a combo box in a tree by opening it and clicking the item.</doc>
<status status="NOT RUN" start="2026-09-16T15:46:46.590001" elapsed="0.000020"/>
</kw>
<kw name="Expand and Click Tree Leaf" owner="ide_keywords">
<arg>Workspace</arg>
<arg>rootname=BR_ClientServerConfiguration</arg>
<arg>editorname=e</arg>
<arg>filename=OPCUACS</arg>
<arg>filetree=Anonymous</arg>
<arg>version=${UACS_VERSION}</arg>
<doc>Expands a tree node and (double)-clicks a leaf node in the active tree.</doc>
<status status="NOT RUN" start="2026-09-16T15:46:46.590196" elapsed="0.000020"/>
</kw>
<kw name="Select From TreeComboBox" owner="ide_keywords">
<arg>item_number=1</arg>
<doc>Selects a value from a combo box in a tree by opening it and clicking the item.</doc>
<status status="NOT RUN" start="2026-09-16T15:46:46.590438" elapsed="0.000027"/>
</kw>
<kw name="Expand and Click Tree Leaf" owner="ide_keywords">
<arg>Workspace</arg>
<arg>rootname=BR_ClientServerConfiguration</arg>
<arg>editorname=e</arg>
<arg>filename=OPCUACS</arg>
<arg>filetree=Anonymous Access|BR_User Role 1</arg>
<arg>version=${UACS_VERSION}</arg>
<doc>Expands a tree node and (double)-clicks a leaf node in the active tree.</doc>
<status status="NOT RUN" start="2026-09-16T15:46:46.590676" elapsed="0.000019"/>
</kw>
<kw name="Select From TreeComboBox" owner="ide_keywords">
<arg>item_number=2</arg>
<doc>Selects a value from a combo box in a tree by opening it and clicking the item.</doc>
<status status="NOT RUN" start="2026-09-16T15:46:46.590975" elapsed="0.000018"/>
</kw>
<kw name="Build Project" owner="project_keywords">
<doc>Builds the active configuration and waits for completion.</doc>
<status status="NOT RUN" start="2026-09-16T15:46:46.591138" elapsed="0.000020"/>
</kw>
<kw name="Stop FlaUI Server" owner="project_keywords">
<doc>Stops the FlaUI server for IDE interactions.</doc>
<status status="NOT RUN" start="2026-09-16T15:46:46.591287" elapsed="0.000015"/>
</kw>
<kw name="Log" owner="BuiltIn">
<arg>OPC UA client/server activation with anonymous access and BR_Engineer configured successfully</arg>
<doc>Logs the given message with the given level.</doc>
<status status="NOT RUN" start="2026-09-16T15:46:46.591445" elapsed="0.000016"/>
</kw>
<doc>Scenario: Activate OPC UA CS with anonymous access and BR_Engineer user
Traceability ID: FW-OPCUA-C4
Component: OPC UA CS
Source Manual:
Source Section: TM611_3_1_ActivateOPCUACS
Evidence Type: Automated UI procedure
Determinism: Deterministic UI path
Preconditions: OPC UA CS package is available and project is open</doc>
<tag>configuration</tag>
<tag>opcua</tag>
<tag>security</tag>
<tag>trace:fw-opcua-c4</tag>
<tag>trace:tm611</tag>
<status status="FAIL" start="2026-09-16T15:45:27.977824" elapsed="78.613779">Execution terminated by signal</status>
</test>
<test id="s1-t3" name="Configure OPCUA RBAC Roles, Users, And Default Permissions" line="53">
<doc>Scenario: Replicate TM611_10 RBAC flow for OPC UA/CS
Traceability ID: FW-OPCUA-C5
Component: OPC UA CS
Source Manual:
Source Section: TM611_10_RBAC
Evidence Type: Automated UI procedure
Determinism: Deterministic UI path
Preconditions: OPC UA CS package is available and project is open</doc>
<tag>opcua</tag>
<tag>rbac</tag>
<tag>robot:exit</tag>
<tag>security</tag>
<tag>trace:fw-opcua-c5</tag>
<tag>trace:tm611</tag>
<status status="FAIL" start="2026-09-16T15:46:46.591855" elapsed="0.002186">Test execution stopped due to a fatal error.</status>
</test>
<kw name="Stop FlaUI Server" owner="project_keywords" type="TEARDOWN">
<kw name="Run Process" owner="Process">
<msg time="2026-09-16T15:46:46.594842" level="INFO">Starting process:
powershell.exe "if($null -ne (Get-Process FlaUILibrary -ErrorAction SilentlyContinue)){Stop-Process -Name FlaUILibrary -Force}"</msg>
<msg time="2026-09-16T15:46:46.597928" level="INFO">Waiting for process to complete.</msg>
<msg time="2026-09-16T15:46:46.757013" level="INFO">Process completed.</msg>
<arg>powershell.exe</arg>
<arg>if($null -ne (Get-Process FlaUILibrary -ErrorAction SilentlyContinue)){Stop-Process -Name FlaUILibrary -Force}</arg>
<doc>Runs a process and waits for it to complete.</doc>
<status status="PASS" start="2026-09-16T15:46:46.594658" elapsed="0.162442"/>
</kw>
<kw name="Sleep" owner="BuiltIn">
<msg time="2026-09-16T15:46:51.758580" level="INFO">Slept 5 seconds.</msg>
<msg time="2026-09-16T15:46:51.758826" level="INFO">Waiting for FlaUI server to stop</msg>
<arg>5s</arg>
<arg>Waiting for FlaUI server to stop</arg>
<doc>Pauses execution for the given time.</doc>
<status status="PASS" start="2026-09-16T15:46:46.757262" elapsed="5.001737"/>
</kw>
<doc>Stops the FlaUI server for IDE interactions.</doc>
<status status="PASS" start="2026-09-16T15:46:46.594489" elapsed="5.164799"/>
</kw>
<doc>Test cases for OPCUA component configuration.</doc>
<status status="FAIL" start="2026-09-16T15:44:32.648596" elapsed="139.110824"/>
</suite>
<statistics>
<total>
<stat pass="1" fail="2" skip="0">All Tests</stat>
</total>
<tag>
<stat info="combined" combined="NOT robot:exit" pass="1" fail="1" skip="0">NOT robot:exit</stat>
<stat pass="1" fail="1" skip="0">configuration</stat>
<stat pass="1" fail="2" skip="0">opcua</stat>
<stat pass="0" fail="1" skip="0">rbac</stat>
<stat pass="0" fail="2" skip="0">security</stat>
<stat pass="1" fail="0" skip="0">smoke</stat>
<stat pass="1" fail="0" skip="0">trace:fw-opcua-c1</stat>
<stat pass="0" fail="1" skip="0">trace:fw-opcua-c4</stat>
<stat pass="0" fail="1" skip="0">trace:fw-opcua-c5</stat>
<stat pass="0" fail="2" skip="0">trace:tm611</stat>
</tag>
<suite>
<stat name="OPC UA CS tests" id="s1" pass="1" fail="2" skip="0">OPC UA CS tests</stat>
</suite>
</statistics>
<errors>
<msg time="2026-09-16T15:44:32.703643" level="WARN">Imported resource file 'C:\projects\Git\ASW-UI-Tests\config\Automation Studio\config.robot' is empty.</msg>
<msg time="2026-09-16T15:46:46.593848" level="ERROR">Calling method '_start_test' of listener 'FlaUILibrary' failed: FlaUiError: UIA2 helper process failed: cannot send to &lt;Channel id=3 closed&gt;</msg>
</errors>
</robot>
