<?xml version="1.0" encoding="UTF-8"?>
<robot generator="Robot 7.4.2 (Python 3.14.3 on win32)" generated="2026-05-18T12:17:24.121285" rpa="false" schemaversion="5">
<suite id="s1" name="Tests" source="C:\Users\ATDIBRU\OneDrive - ABB\projects\ASW-UI-Tests\RobotTests\tests">
<suite id="s1-s1" name="Automationruntime" source="C:\Users\ATDIBRU\OneDrive - ABB\projects\ASW-UI-Tests\RobotTests\tests\automationruntime">
<suite id="s1-s1-s1" name="Automationruntime Tests" source="C:\Users\ATDIBRU\OneDrive - ABB\projects\ASW-UI-Tests\RobotTests\tests\automationruntime\automationruntime_tests.robot">
<test id="s1-s1-s1-t1" name="Initialise AutomationRuntime Component" line="9">
<kw name="Set Variable" owner="BuiltIn">
<var>${project_name}</var>
<arg>Runtime_Init</arg>
<doc>Returns the given values which can then be assigned to a variables.</doc>
<status status="NOT RUN" start="2026-05-18T12:17:24.485025" elapsed="0.000183"/>
</kw>
<kw name="Set Variable" owner="BuiltIn">
<var>${project_path}</var>
<arg>${PROJECT_TEMP_PATH}${project_name}</arg>
<doc>Returns the given values which can then be assigned to a variables.</doc>
<status status="NOT RUN" start="2026-05-18T12:17:24.485388" elapsed="0.000133"/>
</kw>
<kw name="Create New Project In Automation Studio" owner="project_keywords">
<kw name="Initialize Automation Studio" owner="ide_keywords">
<kw name="Initialize Automation Studio" owner="FlaUILib">
<arg>${AS_IDE_PATH}</arg>
<arg>${AS_DEFAULT_TIMEOUT}</arg>
<doc>Launch or attach to Automation Studio IDE.</doc>
<status status="NOT RUN" start="2026-05-18T12:17:24.486460" elapsed="0.000042"/>
</kw>
<kw name="Log" owner="BuiltIn">
<arg>Automation Studio initialised at: ${AS_IDE_PATH}</arg>
<doc>Logs the given message with the given level.</doc>
<status status="NOT RUN" start="2026-05-18T12:17:24.486569" elapsed="0.000113"/>
</kw>
<doc>Launches (or attaches to) Automation Studio IDE and waits until ready.</doc>
<status status="PASS" start="2026-05-18T12:17:24.486329" elapsed="0.000383"/>
</kw>
<kw name="Invoke IDE Menu" owner="ide_keywords">
<kw name="Invoke Menu" owner="FlaUILib">
<arg>${menu_name}</arg>
<arg>${menu_item}</arg>
<arg>${submenu_item}</arg>
<doc>Invoke a top-level menu, optionally clicking a menu item and submenu.</doc>
<status status="NOT RUN" start="2026-05-18T12:17:24.486935" elapsed="0.000039"/>
</kw>
<kw name="Log" owner="BuiltIn">
<arg>Menu invoked: ${menu_name} &gt; ${menu_item} &gt; ${submenu_item}</arg>
<doc>Logs the given message with the given level.</doc>
<status status="NOT RUN" start="2026-05-18T12:17:24.487031" elapsed="0.000090"/>
</kw>
<arg>File</arg>
<arg>New Project...</arg>
<doc>Clicks a top-level menu and optionally a menu/sub-menu item.</doc>
<status status="PASS" start="2026-05-18T12:17:24.486790" elapsed="0.000358"/>
</kw>
<kw name="Wait For Dialog" owner="FlaUILib">
<arg>New Project</arg>
<doc>Wait for a modal dialog with the given title to appear.</doc>
<status status="NOT RUN" start="2026-05-18T12:17:24.487195" elapsed="0.000021"/>
</kw>
<kw name="Type Into Dialog Field" owner="FlaUILib">
<arg>Name</arg>
<arg>${project_name}</arg>
<doc>Type text into a labeled dialog field.</doc>
<status status="NOT RUN" start="2026-05-18T12:17:24.487258" elapsed="0.000020"/>
</kw>
<kw name="Set Dialog Field Value" owner="FlaUILib">
<arg>Location</arg>
<arg>${project_path}</arg>
<doc>Set value in a labeled dialog field.</doc>
<status status="NOT RUN" start="2026-05-18T12:17:24.487319" elapsed="0.000020"/>
</kw>
<kw name="Select CPU In New Project Dialog" owner="project_keywords">
<kw name="Navigate To Tree Leaf" owner="ide_keywords">
<kw name="Activate Tree Leaf" owner="FlaUILib">
<arg>${tree_path}</arg>
<doc>Navigate and select a node in the project tree.</doc>
<status status="NOT RUN" start="2026-05-18T12:17:24.487616" elapsed="0.000028"/>
</kw>
<kw name="Log" owner="BuiltIn">
<arg>Navigated to tree path: ${tree_path}</arg>
<doc>Logs the given message with the given level.</doc>
<status status="NOT RUN" start="2026-05-18T12:17:24.487694" elapsed="0.000087"/>
</kw>
<arg>${cpu_type}</arg>
<doc>Clicks through a slash-separated path in the project tree.</doc>
<status status="PASS" start="2026-05-18T12:17:24.487529" elapsed="0.000274"/>
</kw>
<kw name="Log" owner="BuiltIn">
<arg>CPU selected: ${cpu_type}</arg>
<doc>Logs the given message with the given level.</doc>
<status status="NOT RUN" start="2026-05-18T12:17:24.487848" elapsed="0.000074"/>
</kw>
<arg>${cpu_type}</arg>
<doc>Selects the CPU type inside the New Project dialog.</doc>
<status status="PASS" start="2026-05-18T12:17:24.487404" elapsed="0.000541"/>
</kw>
<kw name="Click Dialog Button" owner="FlaUILib">
<arg>OK</arg>
<arg>New Project</arg>
<doc>Click a button in a modal dialog.</doc>
<status status="NOT RUN" start="2026-05-18T12:17:24.487988" elapsed="0.000052"/>
</kw>
<kw name="Wait Until IDE Is Ready" owner="ide_keywords">
<kw name="Wait For Idle" owner="FlaUILib">
<arg>${timeout}</arg>
<doc>Wait for the IDE to become idle.</doc>
<status status="NOT RUN" start="2026-05-18T12:17:24.488192" elapsed="0.000023"/>
</kw>
<kw name="Log" owner="BuiltIn">
<arg>IDE is ready (idle)</arg>
<doc>Logs the given message with the given level.</doc>
<status status="NOT RUN" start="2026-05-18T12:17:24.488260" elapsed="0.000075"/>
</kw>
<doc>Waits for the IDE to become idle (no busy indicator).</doc>
<status status="PASS" start="2026-05-18T12:17:24.488108" elapsed="0.000249"/>
</kw>
<kw name="Log" owner="BuiltIn">
<arg>Project "${project_name}" created at ${project_path}</arg>
<doc>Logs the given message with the given level.</doc>
<status status="NOT RUN" start="2026-05-18T12:17:24.488400" elapsed="0.000072"/>
</kw>
<arg>${project_name}</arg>
<arg>${project_path}</arg>
<doc>Creates a new Automation Studio project.
Opens File &gt; New Project, fills in name and location, selects CPU, confirms.</doc>
<status status="PASS" start="2026-05-18T12:17:24.485992" elapsed="0.002500"/>
</kw>
<kw name="Initialize AutomationRuntime Component" owner="component_keywords">
<kw name="Add Software Component" owner="project_keywords">
<kw name="Switch To Logical View" owner="project_keywords">
<kw name="Navigate To Tree Leaf" owner="ide_keywords">
<kw name="Activate Tree Leaf" owner="FlaUILib">
<arg>${tree_path}</arg>
<doc>Navigate and select a node in the project tree.</doc>
<status status="NOT RUN" start="2026-05-18T12:17:24.489315" elapsed="0.000029"/>
</kw>
<kw name="Log" owner="BuiltIn">
<arg>Navigated to tree path: ${tree_path}</arg>
<doc>Logs the given message with the given level.</doc>
<status status="NOT RUN" start="2026-05-18T12:17:24.489394" elapsed="0.000088"/>
</kw>
<arg>Logical View</arg>
<doc>Clicks through a slash-separated path in the project tree.</doc>
<status status="PASS" start="2026-05-18T12:17:24.489229" elapsed="0.000280"/>
</kw>
<kw name="Log" owner="BuiltIn">
<arg>Switched to Logical View</arg>
<doc>Logs the given message with the given level.</doc>
<status status="NOT RUN" start="2026-05-18T12:17:24.489553" elapsed="0.000077"/>
</kw>
<doc>Switches the project tree to Logical View.</doc>
<status status="PASS" start="2026-05-18T12:17:24.489130" elapsed="0.000520"/>
</kw>
<kw name="Open Context Menu For Element" owner="ide_keywords">
<kw name="Open Context Menu" owner="FlaUILib">
<arg>${element_name}</arg>
<arg>${search_by}</arg>
<doc>Right-click an element to open its context menu.</doc>
<status status="NOT RUN" start="2026-05-18T12:17:24.489806" elapsed="0.000036"/>
</kw>
<kw name="Log" owner="BuiltIn">
<arg>Context menu opened for: ${element_name}</arg>
<doc>Logs the given message with the given level.</doc>
<status status="NOT RUN" start="2026-05-18T12:17:24.489891" elapsed="0.000080"/>
</kw>
<arg>Logical</arg>
<doc>Right-clicks a UI element to open its context menu.</doc>
<status status="PASS" start="2026-05-18T12:17:24.489711" elapsed="0.000282"/>
</kw>
<kw name="Select Context Menu Item" owner="ide_keywords">
<kw name="Select From Context Menu" owner="FlaUILib">
<arg>${menu_item}</arg>
<arg>${submenu_item}</arg>
<doc>Click an item in the currently visible context menu.</doc>
<status status="NOT RUN" start="2026-05-18T12:17:24.490146" elapsed="0.000032"/>
</kw>
<kw name="Log" owner="BuiltIn">
<arg>Context menu item selected: ${menu_item}</arg>
<doc>Logs the given message with the given level.</doc>
<status status="NOT RUN" start="2026-05-18T12:17:24.490244" elapsed="0.000113"/>
</kw>
<arg>Add Object</arg>
<doc>Clicks an item (and optional sub-item) in the visible context menu.</doc>
<status status="PASS" start="2026-05-18T12:17:24.490056" elapsed="0.000324"/>
</kw>
<kw name="Wait For Dialog" owner="FlaUILib">
<arg>Add Object</arg>
<doc>Wait for a modal dialog with the given title to appear.</doc>
<status status="NOT RUN" start="2026-05-18T12:17:24.490428" elapsed="0.000050"/>
</kw>
<kw name="Navigate To Tree Leaf" owner="ide_keywords">
<kw name="Activate Tree Leaf" owner="FlaUILib">
<arg>${tree_path}</arg>
<doc>Navigate and select a node in the project tree.</doc>
<status status="NOT RUN" start="2026-05-18T12:17:24.490675" elapsed="0.000027"/>
</kw>
<kw name="Log" owner="BuiltIn">
<arg>Navigated to tree path: ${tree_path}</arg>
<doc>Logs the given message with the given level.</doc>
<status status="NOT RUN" start="2026-05-18T12:17:24.490750" elapsed="0.000075"/>
</kw>
<arg>${component_name}</arg>
<doc>Clicks through a slash-separated path in the project tree.</doc>
<status status="PASS" start="2026-05-18T12:17:24.490572" elapsed="0.000274"/>
</kw>
<kw name="Click Dialog Button" owner="FlaUILib">
<arg>OK</arg>
<doc>Click a button in a modal dialog.</doc>
<status status="NOT RUN" start="2026-05-18T12:17:24.490888" elapsed="0.000031"/>
</kw>
<kw name="Wait Until IDE Is Ready" owner="ide_keywords">
<kw name="Wait For Idle" owner="FlaUILib">
<arg>${timeout}</arg>
<doc>Wait for the IDE to become idle.</doc>
<status status="NOT RUN" start="2026-05-18T12:17:24.491064" elapsed="0.000027"/>
</kw>
<kw name="Log" owner="BuiltIn">
<arg>IDE is ready (idle)</arg>
<doc>Logs the given message with the given level.</doc>
<status status="NOT RUN" start="2026-05-18T12:17:24.491136" elapsed="0.000076"/>
</kw>
<doc>Waits for the IDE to become idle (no busy indicator).</doc>
<status status="PASS" start="2026-05-18T12:17:24.490980" elapsed="0.000253"/>
</kw>
<kw name="Log" owner="BuiltIn">
<arg>Component added: ${component_name}</arg>
<doc>Logs the given message with the given level.</doc>
<status status="NOT RUN" start="2026-05-18T12:17:24.491275" elapsed="0.000068"/>
</kw>
<arg>AutomationRuntime</arg>
<doc>Adds a software component to the project via the Logical View context menu.</doc>
<status status="PASS" start="2026-05-18T12:17:24.489021" elapsed="0.002344"/>
</kw>
<kw name="Navigate To AutomationRuntime Settings" owner="component_keywords">
<kw name="Switch To Logical View" owner="project_keywords">
<kw name="Navigate To Tree Leaf" owner="ide_keywords">
<kw name="Activate Tree Leaf" owner="FlaUILib">
<arg>${tree_path}</arg>
<doc>Navigate and select a node in the project tree.</doc>
<status status="NOT RUN" start="2026-05-18T12:17:24.491695" elapsed="0.000024"/>
</kw>
<kw name="Log" owner="BuiltIn">
<arg>Navigated to tree path: ${tree_path}</arg>
<doc>Logs the given message with the given level.</doc>
<status status="NOT RUN" start="2026-05-18T12:17:24.491760" elapsed="0.000069"/>
</kw>
<arg>Logical View</arg>
<doc>Clicks through a slash-separated path in the project tree.</doc>
<status status="PASS" start="2026-05-18T12:17:24.491618" elapsed="0.000230"/>
</kw>
<kw name="Log" owner="BuiltIn">
<arg>Switched to Logical View</arg>
<doc>Logs the given message with the given level.</doc>
<status status="NOT RUN" start="2026-05-18T12:17:24.491889" elapsed="0.000068"/>
</kw>
<doc>Switches the project tree to Logical View.</doc>
<status status="PASS" start="2026-05-18T12:17:24.491530" elapsed="0.000446"/>
</kw>
<kw name="Navigate To Tree Leaf" owner="ide_keywords">
<kw name="Activate Tree Leaf" owner="FlaUILib">
<arg>${tree_path}</arg>
<doc>Navigate and select a node in the project tree.</doc>
<status status="NOT RUN" start="2026-05-18T12:17:24.492114" elapsed="0.000024"/>
</kw>
<kw name="Log" owner="BuiltIn">
<arg>Navigated to tree path: ${tree_path}</arg>
<doc>Logs the given message with the given level.</doc>
<status status="NOT RUN" start="2026-05-18T12:17:24.492180" elapsed="0.000076"/>
</kw>
<arg>AutomationRuntime</arg>
<doc>Clicks through a slash-separated path in the project tree.</doc>
<status status="PASS" start="2026-05-18T12:17:24.492032" elapsed="0.000243"/>
</kw>
<doc>Navigates to the AutomationRuntime node in the Logical View.</doc>
<status status="PASS" start="2026-05-18T12:17:24.491427" elapsed="0.000864"/>
</kw>
<kw name="Set IDE Property" owner="ide_keywords">
<kw name="Set Property Value" owner="FlaUILib">
<arg>${property_name}</arg>
<arg>${value}</arg>
<doc>Set a property in the IDE property panel.</doc>
<status status="NOT RUN" start="2026-05-18T12:17:24.492431" elapsed="0.000021"/>
</kw>
<kw name="Log" owner="BuiltIn">
<arg>Property set: ${property_name} = ${value}</arg>
<doc>Logs the given message with the given level.</doc>
<status status="NOT RUN" start="2026-05-18T12:17:24.492496" elapsed="0.000092"/>
</kw>
<arg>Version</arg>
<arg>${min_version}</arg>
<doc>Sets a value in the IDE property panel.</doc>
<status status="PASS" start="2026-05-18T12:17:24.492346" elapsed="0.000263"/>
</kw>
<kw name="Log" owner="BuiltIn">
<arg>AutomationRuntime component initialised (v${min_version})</arg>
<doc>Logs the given message with the given level.</doc>
<status status="NOT RUN" start="2026-05-18T12:17:24.492653" elapsed="0.000068"/>
</kw>
<arg>${AUTOMATIONRUNTIME_MIN_VERSION}</arg>
<doc>Adds and configures the AutomationRuntime component.</doc>
<status status="PASS" start="2026-05-18T12:17:24.488833" elapsed="0.003907"/>
</kw>
<kw name="Build Project" owner="project_keywords">
<kw name="Invoke IDE Menu" owner="ide_keywords">
<kw name="Invoke Menu" owner="FlaUILib">
<arg>${menu_name}</arg>
<arg>${menu_item}</arg>
<arg>${submenu_item}</arg>
<doc>Invoke a top-level menu, optionally clicking a menu item and submenu.</doc>
<status status="NOT RUN" start="2026-05-18T12:17:24.493322" elapsed="0.000037"/>
</kw>
<kw name="Log" owner="BuiltIn">
<arg>Menu invoked: ${menu_name} &gt; ${menu_item} &gt; ${submenu_item}</arg>
<doc>Logs the given message with the given level.</doc>
<status status="NOT RUN" start="2026-05-18T12:17:24.493415" elapsed="0.000089"/>
</kw>
<arg>Build</arg>
<arg>Build Active Project</arg>
<doc>Clicks a top-level menu and optionally a menu/sub-menu item.</doc>
<status status="PASS" start="2026-05-18T12:17:24.493209" elapsed="0.000319"/>
</kw>
<kw name="Wait For Build To Complete" owner="FlaUILib">
<arg>${timeout}</arg>
<doc>Wait for the IDE build process to finish.</doc>
<status status="NOT RUN" start="2026-05-18T12:17:24.493577" elapsed="0.000026"/>
</kw>
<kw name="Log" owner="BuiltIn">
<arg>Project build complete</arg>
<doc>Logs the given message with the given level.</doc>
<status status="NOT RUN" start="2026-05-18T12:17:24.493647" elapsed="0.000071"/>
</kw>
<doc>Builds the active project (Build &gt; Build Active Project) and waits for completion.</doc>
<status status="PASS" start="2026-05-18T12:17:24.493085" elapsed="0.000653"/>
</kw>
<kw name="Log" owner="BuiltIn">
<arg>AutomationRuntime component initialised (v${AUTOMATIONRUNTIME_MIN_VERSION})</arg>
<doc>Logs the given message with the given level.</doc>
<status status="NOT RUN" start="2026-05-18T12:17:24.493981" elapsed="0.000105"/>
</kw>
<doc>Creates a project, adds AutomationRuntime, and builds.</doc>
<tag>automationruntime</tag>
<tag>configuration</tag>
<tag>smoke</tag>
<status status="PASS" start="2026-05-18T12:17:24.484208" elapsed="0.010001"/>
</test>
<test id="s1-s1-s1-t2" name="AutomationRuntime With MappView" line="20">
<kw name="Set Variable" owner="BuiltIn">
<var>${project_name}</var>
<arg>Runtime_MappView</arg>
<doc>Returns the given values which can then be assigned to a variables.</doc>
<status status="NOT RUN" start="2026-05-18T12:17:24.494952" elapsed="0.000107"/>
</kw>
<kw name="Set Variable" owner="BuiltIn">
<var>${project_path}</var>
<arg>${PROJECT_TEMP_PATH}${project_name}</arg>
<doc>Returns the given values which can then be assigned to a variables.</doc>
<status status="NOT RUN" start="2026-05-18T12:17:24.495202" elapsed="0.000089"/>
</kw>
<kw name="Create New Project In Automation Studio" owner="project_keywords">
<kw name="Initialize Automation Studio" owner="ide_keywords">
<kw name="Initialize Automation Studio" owner="FlaUILib">
<arg>${AS_IDE_PATH}</arg>
<arg>${AS_DEFAULT_TIMEOUT}</arg>
<doc>Launch or attach to Automation Studio IDE.</doc>
<status status="NOT RUN" start="2026-05-18T12:17:24.495665" elapsed="0.000032"/>
</kw>
<kw name="Log" owner="BuiltIn">
<arg>Automation Studio initialised at: ${AS_IDE_PATH}</arg>
<doc>Logs the given message with the given level.</doc>
<status status="NOT RUN" start="2026-05-18T12:17:24.495749" elapsed="0.000090"/>
</kw>
<doc>Launches (or attaches to) Automation Studio IDE and waits until ready.</doc>
<status status="PASS" start="2026-05-18T12:17:24.495576" elapsed="0.000284"/>
</kw>
<kw name="Invoke IDE Menu" owner="ide_keywords">
<kw name="Invoke Menu" owner="FlaUILib">
<arg>${menu_name}</arg>
<arg>${menu_item}</arg>
<arg>${submenu_item}</arg>
<doc>Invoke a top-level menu, optionally clicking a menu item and submenu.</doc>
<status status="NOT RUN" start="2026-05-18T12:17:24.496023" elapsed="0.000031"/>
</kw>
<kw name="Log" owner="BuiltIn">
<arg>Menu invoked: ${menu_name} &gt; ${menu_item} &gt; ${submenu_item}</arg>
<doc>Logs the given message with the given level.</doc>
<status status="NOT RUN" start="2026-05-18T12:17:24.496103" elapsed="0.000075"/>
</kw>
<arg>File</arg>
<arg>New Project...</arg>
<doc>Clicks a top-level menu and optionally a menu/sub-menu item.</doc>
<status status="PASS" start="2026-05-18T12:17:24.495923" elapsed="0.000276"/>
</kw>
<kw name="Wait For Dialog" owner="FlaUILib">
<arg>New Project</arg>
<doc>Wait for a modal dialog with the given title to appear.</doc>
<status status="NOT RUN" start="2026-05-18T12:17:24.496242" elapsed="0.000022"/>
</kw>
<kw name="Type Into Dialog Field" owner="FlaUILib">
<arg>Name</arg>
<arg>${project_name}</arg>
<doc>Type text into a labeled dialog field.</doc>
<status status="NOT RUN" start="2026-05-18T12:17:24.496302" elapsed="0.000019"/>
</kw>
<kw name="Set Dialog Field Value" owner="FlaUILib">
<arg>Location</arg>
<arg>${project_path}</arg>
<doc>Set value in a labeled dialog field.</doc>
<status status="NOT RUN" start="2026-05-18T12:17:24.496368" elapsed="0.000019"/>
</kw>
<kw name="Select CPU In New Project Dialog" owner="project_keywords">
<kw name="Navigate To Tree Leaf" owner="ide_keywords">
<kw name="Activate Tree Leaf" owner="FlaUILib">
<arg>${tree_path}</arg>
<doc>Navigate and select a node in the project tree.</doc>
<status status="NOT RUN" start="2026-05-18T12:17:24.496627" elapsed="0.000024"/>
</kw>
<kw name="Log" owner="BuiltIn">
<arg>Navigated to tree path: ${tree_path}</arg>
<doc>Logs the given message with the given level.</doc>
<status status="NOT RUN" start="2026-05-18T12:17:24.496696" elapsed="0.000078"/>
</kw>
<arg>${cpu_type}</arg>
<doc>Clicks through a slash-separated path in the project tree.</doc>
<status status="PASS" start="2026-05-18T12:17:24.496546" elapsed="0.000250"/>
</kw>
<kw name="Log" owner="BuiltIn">
<arg>CPU selected: ${cpu_type}</arg>
<doc>Logs the given message with the given level.</doc>
<status status="NOT RUN" start="2026-05-18T12:17:24.496837" elapsed="0.000067"/>
</kw>
<arg>${cpu_type}</arg>
<doc>Selects the CPU type inside the New Project dialog.</doc>
<status status="PASS" start="2026-05-18T12:17:24.496448" elapsed="0.000474"/>
</kw>
<kw name="Click Dialog Button" owner="FlaUILib">
<arg>OK</arg>
<arg>New Project</arg>
<doc>Click a button in a modal dialog.</doc>
<status status="NOT RUN" start="2026-05-18T12:17:24.496962" elapsed="0.000043"/>
</kw>
<kw name="Wait Until IDE Is Ready" owner="ide_keywords">
<kw name="Wait For Idle" owner="FlaUILib">
<arg>${timeout}</arg>
<doc>Wait for the IDE to become idle.</doc>
<status status="NOT RUN" start="2026-05-18T12:17:24.497266" elapsed="0.000031"/>
</kw>
<kw name="Log" owner="BuiltIn">
<arg>IDE is ready (idle)</arg>
<doc>Logs the given message with the given level.</doc>
<status status="NOT RUN" start="2026-05-18T12:17:24.497349" elapsed="0.000088"/>
</kw>
<doc>Waits for the IDE to become idle (no busy indicator).</doc>
<status status="PASS" start="2026-05-18T12:17:24.497143" elapsed="0.000321"/>
</kw>
<kw name="Log" owner="BuiltIn">
<arg>Project "${project_name}" created at ${project_path}</arg>
<doc>Logs the given message with the given level.</doc>
<status status="NOT RUN" start="2026-05-18T12:17:24.497506" elapsed="0.000069"/>
</kw>
<arg>${project_name}</arg>
<arg>${project_path}</arg>
<doc>Creates a new Automation Studio project.
Opens File &gt; New Project, fills in name and location, selects CPU, confirms.</doc>
<status status="PASS" start="2026-05-18T12:17:24.495450" elapsed="0.002145"/>
</kw>
<kw name="Initialize AutomationRuntime Component" owner="component_keywords">
<kw name="Add Software Component" owner="project_keywords">
<kw name="Switch To Logical View" owner="project_keywords">
<kw name="Navigate To Tree Leaf" owner="ide_keywords">
<kw name="Activate Tree Leaf" owner="FlaUILib">
<arg>${tree_path}</arg>
<doc>Navigate and select a node in the project tree.</doc>
<status status="NOT RUN" start="2026-05-18T12:17:24.498359" elapsed="0.000028"/>
</kw>
<kw name="Log" owner="BuiltIn">
<arg>Navigated to tree path: ${tree_path}</arg>
<doc>Logs the given message with the given level.</doc>
<status status="NOT RUN" start="2026-05-18T12:17:24.498437" elapsed="0.000092"/>
</kw>
<arg>Logical View</arg>
<doc>Clicks through a slash-separated path in the project tree.</doc>
<status status="PASS" start="2026-05-18T12:17:24.498278" elapsed="0.000276"/>
</kw>
<kw name="Log" owner="BuiltIn">
<arg>Switched to Logical View</arg>
<doc>Logs the given message with the given level.</doc>
<status status="NOT RUN" start="2026-05-18T12:17:24.498597" elapsed="0.000071"/>
</kw>
<doc>Switches the project tree to Logical View.</doc>
<status status="PASS" start="2026-05-18T12:17:24.498185" elapsed="0.000503"/>
</kw>
<kw name="Open Context Menu For Element" owner="ide_keywords">
<kw name="Open Context Menu" owner="FlaUILib">
<arg>${element_name}</arg>
<arg>${search_by}</arg>
<doc>Right-click an element to open its context menu.</doc>
<status status="NOT RUN" start="2026-05-18T12:17:24.498846" elapsed="0.000031"/>
</kw>
<kw name="Log" owner="BuiltIn">
<arg>Context menu opened for: ${element_name}</arg>
<doc>Logs the given message with the given level.</doc>
<status status="NOT RUN" start="2026-05-18T12:17:24.498924" elapsed="0.000086"/>
</kw>
<arg>Logical</arg>
<doc>Right-clicks a UI element to open its context menu.</doc>
<status status="PASS" start="2026-05-18T12:17:24.498750" elapsed="0.000283"/>
</kw>
<kw name="Select Context Menu Item" owner="ide_keywords">
<kw name="Select From Context Menu" owner="FlaUILib">
<arg>${menu_item}</arg>
<arg>${submenu_item}</arg>
<doc>Click an item in the currently visible context menu.</doc>
<status status="NOT RUN" start="2026-05-18T12:17:24.499187" elapsed="0.000029"/>
</kw>
<kw name="Log" owner="BuiltIn">
<arg>Context menu item selected: ${menu_item}</arg>
<doc>Logs the given message with the given level.</doc>
<status status="NOT RUN" start="2026-05-18T12:17:24.499266" elapsed="0.000072"/>
</kw>
<arg>Add Object</arg>
<doc>Clicks an item (and optional sub-item) in the visible context menu.</doc>
<status status="PASS" start="2026-05-18T12:17:24.499097" elapsed="0.000260"/>
</kw>
<kw name="Wait For Dialog" owner="FlaUILib">
<arg>Add Object</arg>
<doc>Wait for a modal dialog with the given title to appear.</doc>
<status status="NOT RUN" start="2026-05-18T12:17:24.499397" elapsed="0.000026"/>
</kw>
<kw name="Navigate To Tree Leaf" owner="ide_keywords">
<kw name="Activate Tree Leaf" owner="FlaUILib">
<arg>${tree_path}</arg>
<doc>Navigate and select a node in the project tree.</doc>
<status status="NOT RUN" start="2026-05-18T12:17:24.499649" elapsed="0.000038"/>
</kw>
<kw name="Log" owner="BuiltIn">
<arg>Navigated to tree path: ${tree_path}</arg>
<doc>Logs the given message with the given level.</doc>
<status status="NOT RUN" start="2026-05-18T12:17:24.499762" elapsed="0.000074"/>
</kw>
<arg>${component_name}</arg>
<doc>Clicks through a slash-separated path in the project tree.</doc>
<status status="PASS" start="2026-05-18T12:17:24.499483" elapsed="0.000374"/>
</kw>
<kw name="Click Dialog Button" owner="FlaUILib">
<arg>OK</arg>
<doc>Click a button in a modal dialog.</doc>
<status status="NOT RUN" start="2026-05-18T12:17:24.499899" elapsed="0.000028"/>
</kw>
<kw name="Wait Until IDE Is Ready" owner="ide_keywords">
<kw name="Wait For Idle" owner="FlaUILib">
<arg>${timeout}</arg>
<doc>Wait for the IDE to become idle.</doc>
<status status="NOT RUN" start="2026-05-18T12:17:24.500076" elapsed="0.000025"/>
</kw>
<kw name="Log" owner="BuiltIn">
<arg>IDE is ready (idle)</arg>
<doc>Logs the given message with the given level.</doc>
<status status="NOT RUN" start="2026-05-18T12:17:24.500146" elapsed="0.000077"/>
</kw>
<doc>Waits for the IDE to become idle (no busy indicator).</doc>
<status status="PASS" start="2026-05-18T12:17:24.499990" elapsed="0.000253"/>
</kw>
<kw name="Log" owner="BuiltIn">
<arg>Component added: ${component_name}</arg>
<doc>Logs the given message with the given level.</doc>
<status status="NOT RUN" start="2026-05-18T12:17:24.500282" elapsed="0.000067"/>
</kw>
<arg>AutomationRuntime</arg>
<doc>Adds a software component to the project via the Logical View context menu.</doc>
<status status="PASS" start="2026-05-18T12:17:24.498078" elapsed="0.002289"/>
</kw>
<kw name="Navigate To AutomationRuntime Settings" owner="component_keywords">
<kw name="Switch To Logical View" owner="project_keywords">
<kw name="Navigate To Tree Leaf" owner="ide_keywords">
<kw name="Activate Tree Leaf" owner="FlaUILib">
<arg>${tree_path}</arg>
<doc>Navigate and select a node in the project tree.</doc>
<status status="NOT RUN" start="2026-05-18T12:17:24.500700" elapsed="0.000024"/>
</kw>
<kw name="Log" owner="BuiltIn">
<arg>Navigated to tree path: ${tree_path}</arg>
<doc>Logs the given message with the given level.</doc>
<status status="NOT RUN" start="2026-05-18T12:17:24.500770" elapsed="0.000075"/>
</kw>
<arg>Logical View</arg>
<doc>Clicks through a slash-separated path in the project tree.</doc>
<status status="PASS" start="2026-05-18T12:17:24.500621" elapsed="0.000244"/>
</kw>
<kw name="Log" owner="BuiltIn">
<arg>Switched to Logical View</arg>
<doc>Logs the given message with the given level.</doc>
<status status="NOT RUN" start="2026-05-18T12:17:24.500906" elapsed="0.000067"/>
</kw>
<doc>Switches the project tree to Logical View.</doc>
<status status="PASS" start="2026-05-18T12:17:24.500526" elapsed="0.000465"/>
</kw>
<kw name="Navigate To Tree Leaf" owner="ide_keywords">
<kw name="Activate Tree Leaf" owner="FlaUILib">
<arg>${tree_path}</arg>
<doc>Navigate and select a node in the project tree.</doc>
<status status="NOT RUN" start="2026-05-18T12:17:24.501123" elapsed="0.000023"/>
</kw>
<kw name="Log" owner="BuiltIn">
<arg>Navigated to tree path: ${tree_path}</arg>
<doc>Logs the given message with the given level.</doc>
<status status="NOT RUN" start="2026-05-18T12:17:24.501187" elapsed="0.000067"/>
</kw>
<arg>AutomationRuntime</arg>
<doc>Clicks through a slash-separated path in the project tree.</doc>
<status status="PASS" start="2026-05-18T12:17:24.501044" elapsed="0.000229"/>
</kw>
<doc>Navigates to the AutomationRuntime node in the Logical View.</doc>
<status status="PASS" start="2026-05-18T12:17:24.500425" elapsed="0.000864"/>
</kw>
<kw name="Set IDE Property" owner="ide_keywords">
<kw name="Set Property Value" owner="FlaUILib">
<arg>${property_name}</arg>
<arg>${value}</arg>
<doc>Set a property in the IDE property panel.</doc>
<status status="NOT RUN" start="2026-05-18T12:17:24.501447" elapsed="0.000024"/>
</kw>
<kw name="Log" owner="BuiltIn">
<arg>Property set: ${property_name} = ${value}</arg>
<doc>Logs the given message with the given level.</doc>
<status status="NOT RUN" start="2026-05-18T12:17:24.501523" elapsed="0.000111"/>
</kw>
<arg>Version</arg>
<arg>${min_version}</arg>
<doc>Sets a value in the IDE property panel.</doc>
<status status="PASS" start="2026-05-18T12:17:24.501350" elapsed="0.000306"/>
</kw>
<kw name="Log" owner="BuiltIn">
<arg>AutomationRuntime component initialised (v${min_version})</arg>
<doc>Logs the given message with the given level.</doc>
<status status="NOT RUN" start="2026-05-18T12:17:24.501702" elapsed="0.000071"/>
</kw>
<doc>Adds and configures the AutomationRuntime component.</doc>
<status status="PASS" start="2026-05-18T12:17:24.497940" elapsed="0.003852"/>
</kw>
<kw name="Initialize MappView Component" owner="component_keywords">
<kw name="Add Software Component" owner="project_keywords">
<kw name="Switch To Logical View" owner="project_keywords">
<kw name="Navigate To Tree Leaf" owner="ide_keywords">
<kw name="Activate Tree Leaf" owner="FlaUILib">
<arg>${tree_path}</arg>
<doc>Navigate and select a node in the project tree.</doc>
<status status="NOT RUN" start="2026-05-18T12:17:24.502746" elapsed="0.000035"/>
</kw>
<kw name="Log" owner="BuiltIn">
<arg>Navigated to tree path: ${tree_path}</arg>
<doc>Logs the given message with the given level.</doc>
<status status="NOT RUN" start="2026-05-18T12:17:24.502882" elapsed="0.000180"/>
</kw>
<arg>Logical View</arg>
<doc>Clicks through a slash-separated path in the project tree.</doc>
<status status="PASS" start="2026-05-18T12:17:24.502630" elapsed="0.000467"/>
</kw>
<kw name="Log" owner="BuiltIn">
<arg>Switched to Logical View</arg>
<doc>Logs the given message with the given level.</doc>
<status status="NOT RUN" start="2026-05-18T12:17:24.503153" elapsed="0.000087"/>
</kw>
<doc>Switches the project tree to Logical View.</doc>
<status status="PASS" start="2026-05-18T12:17:24.502513" elapsed="0.000752"/>
</kw>
<kw name="Open Context Menu For Element" owner="ide_keywords">
<kw name="Open Context Menu" owner="FlaUILib">
<arg>${element_name}</arg>
<arg>${search_by}</arg>
<doc>Right-click an element to open its context menu.</doc>
<status status="NOT RUN" start="2026-05-18T12:17:24.503507" elapsed="0.000055"/>
</kw>
<kw name="Log" owner="BuiltIn">
<arg>Context menu opened for: ${element_name}</arg>
<doc>Logs the given message with the given level.</doc>
<status status="NOT RUN" start="2026-05-18T12:17:24.503625" elapsed="0.000099"/>
</kw>
<arg>Logical</arg>
<doc>Right-clicks a UI element to open its context menu.</doc>
<status status="PASS" start="2026-05-18T12:17:24.503381" elapsed="0.000366"/>
</kw>
<kw name="Select Context Menu Item" owner="ide_keywords">
<kw name="Select From Context Menu" owner="FlaUILib">
<arg>${menu_item}</arg>
<arg>${submenu_item}</arg>
<doc>Click an item in the currently visible context menu.</doc>
<status status="NOT RUN" start="2026-05-18T12:17:24.503921" elapsed="0.000033"/>
</kw>
<kw name="Log" owner="BuiltIn">
<arg>Context menu item selected: ${menu_item}</arg>
<doc>Logs the given message with the given level.</doc>
<status status="NOT RUN" start="2026-05-18T12:17:24.504002" elapsed="0.000078"/>
</kw>
<arg>Add Object</arg>
<doc>Clicks an item (and optional sub-item) in the visible context menu.</doc>
<status status="PASS" start="2026-05-18T12:17:24.503818" elapsed="0.000281"/>
</kw>
<kw name="Wait For Dialog" owner="FlaUILib">
<arg>Add Object</arg>
<doc>Wait for a modal dialog with the given title to appear.</doc>
<status status="NOT RUN" start="2026-05-18T12:17:24.504142" elapsed="0.000023"/>
</kw>
<kw name="Navigate To Tree Leaf" owner="ide_keywords">
<kw name="Activate Tree Leaf" owner="FlaUILib">
<arg>${tree_path}</arg>
<doc>Navigate and select a node in the project tree.</doc>
<status status="NOT RUN" start="2026-05-18T12:17:24.504313" elapsed="0.000024"/>
</kw>
<kw name="Log" owner="BuiltIn">
<arg>Navigated to tree path: ${tree_path}</arg>
<doc>Logs the given message with the given level.</doc>
<status status="NOT RUN" start="2026-05-18T12:17:24.504383" elapsed="0.000090"/>
</kw>
<arg>${component_name}</arg>
<doc>Clicks through a slash-separated path in the project tree.</doc>
<status status="PASS" start="2026-05-18T12:17:24.504228" elapsed="0.000266"/>
</kw>
<kw name="Click Dialog Button" owner="FlaUILib">
<arg>OK</arg>
<doc>Click a button in a modal dialog.</doc>
<status status="NOT RUN" start="2026-05-18T12:17:24.504533" elapsed="0.000030"/>
</kw>
<kw name="Wait Until IDE Is Ready" owner="ide_keywords">
<kw name="Wait For Idle" owner="FlaUILib">
<arg>${timeout}</arg>
<doc>Wait for the IDE to become idle.</doc>
<status status="NOT RUN" start="2026-05-18T12:17:24.504738" elapsed="0.000029"/>
</kw>
<kw name="Log" owner="BuiltIn">
<arg>IDE is ready (idle)</arg>
<doc>Logs the given message with the given level.</doc>
<status status="NOT RUN" start="2026-05-18T12:17:24.504816" elapsed="0.000083"/>
</kw>
<doc>Waits for the IDE to become idle (no busy indicator).</doc>
<status status="PASS" start="2026-05-18T12:17:24.504622" elapsed="0.000301"/>
</kw>
<kw name="Log" owner="BuiltIn">
<arg>Component added: ${component_name}</arg>
<doc>Logs the given message with the given level.</doc>
<status status="NOT RUN" start="2026-05-18T12:17:24.504966" elapsed="0.000070"/>
</kw>
<arg>mappView</arg>
<doc>Adds a software component to the project via the Logical View context menu.</doc>
<status status="PASS" start="2026-05-18T12:17:24.502383" elapsed="0.002672"/>
</kw>
<kw name="Navigate To MappView Settings" owner="component_keywords">
<kw name="Switch To Logical View" owner="project_keywords">
<kw name="Navigate To Tree Leaf" owner="ide_keywords">
<kw name="Activate Tree Leaf" owner="FlaUILib">
<arg>${tree_path}</arg>
<doc>Navigate and select a node in the project tree.</doc>
<status status="NOT RUN" start="2026-05-18T12:17:24.505393" elapsed="0.000025"/>
</kw>
<kw name="Log" owner="BuiltIn">
<arg>Navigated to tree path: ${tree_path}</arg>
<doc>Logs the given message with the given level.</doc>
<status status="NOT RUN" start="2026-05-18T12:17:24.505463" elapsed="0.000133"/>
</kw>
<arg>Logical View</arg>
<doc>Clicks through a slash-separated path in the project tree.</doc>
<status status="PASS" start="2026-05-18T12:17:24.505311" elapsed="0.000311"/>
</kw>
<kw name="Log" owner="BuiltIn">
<arg>Switched to Logical View</arg>
<doc>Logs the given message with the given level.</doc>
<status status="NOT RUN" start="2026-05-18T12:17:24.505689" elapsed="0.000082"/>
</kw>
<doc>Switches the project tree to Logical View.</doc>
<status status="PASS" start="2026-05-18T12:17:24.505217" elapsed="0.000584"/>
</kw>
<kw name="Navigate To Tree Leaf" owner="ide_keywords">
<kw name="Activate Tree Leaf" owner="FlaUILib">
<arg>${tree_path}</arg>
<doc>Navigate and select a node in the project tree.</doc>
<status status="NOT RUN" start="2026-05-18T12:17:24.505958" elapsed="0.000025"/>
</kw>
<kw name="Log" owner="BuiltIn">
<arg>Navigated to tree path: ${tree_path}</arg>
<doc>Logs the given message with the given level.</doc>
<status status="NOT RUN" start="2026-05-18T12:17:24.506026" elapsed="0.000070"/>
</kw>
<arg>mappView</arg>
<doc>Clicks through a slash-separated path in the project tree.</doc>
<status status="PASS" start="2026-05-18T12:17:24.505866" elapsed="0.000250"/>
</kw>
<doc>Navigates to the mappView node in the Logical View.</doc>
<status status="PASS" start="2026-05-18T12:17:24.505120" elapsed="0.001014"/>
</kw>
<kw name="Set IDE Property" owner="ide_keywords">
<kw name="Set Property Value" owner="FlaUILib">
<arg>${property_name}</arg>
<arg>${value}</arg>
<doc>Set a property in the IDE property panel.</doc>
<status status="NOT RUN" start="2026-05-18T12:17:24.506277" elapsed="0.000025"/>
</kw>
<kw name="Log" owner="BuiltIn">
<arg>Property set: ${property_name} = ${value}</arg>
<doc>Logs the given message with the given level.</doc>
<status status="NOT RUN" start="2026-05-18T12:17:24.506353" elapsed="0.000092"/>
</kw>
<arg>Port</arg>
<arg>${port}</arg>
<doc>Sets a value in the IDE property panel.</doc>
<status status="PASS" start="2026-05-18T12:17:24.506190" elapsed="0.000277"/>
</kw>
<kw name="Log" owner="BuiltIn">
<arg>MappView component initialised on port ${port}</arg>
<doc>Logs the given message with the given level.</doc>
<status status="NOT RUN" start="2026-05-18T12:17:24.506515" elapsed="0.000067"/>
</kw>
<doc>Adds and configures MappView in the project.</doc>
<status status="PASS" start="2026-05-18T12:17:24.502216" elapsed="0.004386"/>
</kw>
<kw name="Create Visualization Project" owner="component_keywords">
<kw name="Navigate To MappView Settings" owner="component_keywords">
<kw name="Switch To Logical View" owner="project_keywords">
<kw name="Navigate To Tree Leaf" owner="ide_keywords">
<kw name="Activate Tree Leaf" owner="FlaUILib">
<arg>${tree_path}</arg>
<doc>Navigate and select a node in the project tree.</doc>
<status status="NOT RUN" start="2026-05-18T12:17:24.507302" elapsed="0.000027"/>
</kw>
<kw name="Log" owner="BuiltIn">
<arg>Navigated to tree path: ${tree_path}</arg>
<doc>Logs the given message with the given level.</doc>
<status status="NOT RUN" start="2026-05-18T12:17:24.507380" elapsed="0.000087"/>
</kw>
<arg>Logical View</arg>
<doc>Clicks through a slash-separated path in the project tree.</doc>
<status status="PASS" start="2026-05-18T12:17:24.507220" elapsed="0.000268"/>
</kw>
<kw name="Log" owner="BuiltIn">
<arg>Switched to Logical View</arg>
<doc>Logs the given message with the given level.</doc>
<status status="NOT RUN" start="2026-05-18T12:17:24.507536" elapsed="0.000070"/>
</kw>
<doc>Switches the project tree to Logical View.</doc>
<status status="PASS" start="2026-05-18T12:17:24.507124" elapsed="0.000503"/>
</kw>
<kw name="Navigate To Tree Leaf" owner="ide_keywords">
<kw name="Activate Tree Leaf" owner="FlaUILib">
<arg>${tree_path}</arg>
<doc>Navigate and select a node in the project tree.</doc>
<status status="NOT RUN" start="2026-05-18T12:17:24.507763" elapsed="0.000027"/>
</kw>
<kw name="Log" owner="BuiltIn">
<arg>Navigated to tree path: ${tree_path}</arg>
<doc>Logs the given message with the given level.</doc>
<status status="NOT RUN" start="2026-05-18T12:17:24.507836" elapsed="0.000077"/>
</kw>
<arg>mappView</arg>
<doc>Clicks through a slash-separated path in the project tree.</doc>
<status status="PASS" start="2026-05-18T12:17:24.507682" elapsed="0.000253"/>
</kw>
<doc>Navigates to the mappView node in the Logical View.</doc>
<status status="PASS" start="2026-05-18T12:17:24.507022" elapsed="0.000930"/>
</kw>
<kw name="Open Context Menu For Element" owner="ide_keywords">
<kw name="Open Context Menu" owner="FlaUILib">
<arg>${element_name}</arg>
<arg>${search_by}</arg>
<doc>Right-click an element to open its context menu.</doc>
<status status="NOT RUN" start="2026-05-18T12:17:24.508098" elapsed="0.000030"/>
</kw>
<kw name="Log" owner="BuiltIn">
<arg>Context menu opened for: ${element_name}</arg>
<doc>Logs the given message with the given level.</doc>
<status status="NOT RUN" start="2026-05-18T12:17:24.508173" elapsed="0.000075"/>
</kw>
<arg>Visualizations</arg>
<doc>Right-clicks a UI element to open its context menu.</doc>
<status status="PASS" start="2026-05-18T12:17:24.508013" elapsed="0.000254"/>
</kw>
<kw name="Select Context Menu Item" owner="ide_keywords">
<kw name="Select From Context Menu" owner="FlaUILib">
<arg>${menu_item}</arg>
<arg>${submenu_item}</arg>
<doc>Click an item in the currently visible context menu.</doc>
<status status="NOT RUN" start="2026-05-18T12:17:24.508409" elapsed="0.000030"/>
</kw>
<kw name="Log" owner="BuiltIn">
<arg>Context menu item selected: ${menu_item}</arg>
<doc>Logs the given message with the given level.</doc>
<status status="NOT RUN" start="2026-05-18T12:17:24.508489" elapsed="0.000082"/>
</kw>
<arg>New Visualization</arg>
<doc>Clicks an item (and optional sub-item) in the visible context menu.</doc>
<status status="PASS" start="2026-05-18T12:17:24.508326" elapsed="0.000265"/>
</kw>
<kw name="Wait For Dialog" owner="FlaUILib">
<arg>New Visualization</arg>
<doc>Wait for a modal dialog with the given title to appear.</doc>
<status status="NOT RUN" start="2026-05-18T12:17:24.508646" elapsed="0.000022"/>
</kw>
<kw name="Type Into Dialog Field" owner="FlaUILib">
<arg>Name</arg>
<arg>${project_name}</arg>
<doc>Type text into a labeled dialog field.</doc>
<status status="NOT RUN" start="2026-05-18T12:17:24.508710" elapsed="0.000020"/>
</kw>
<kw name="Click Dialog Button" owner="FlaUILib">
<arg>OK</arg>
<doc>Click a button in a modal dialog.</doc>
<status status="NOT RUN" start="2026-05-18T12:17:24.508772" elapsed="0.000028"/>
</kw>
<kw name="Wait Until IDE Is Ready" owner="ide_keywords">
<kw name="Wait For Idle" owner="FlaUILib">
<arg>${timeout}</arg>
<doc>Wait for the IDE to become idle.</doc>
<status status="NOT RUN" start="2026-05-18T12:17:24.508951" elapsed="0.000025"/>
</kw>
<kw name="Log" owner="BuiltIn">
<arg>IDE is ready (idle)</arg>
<doc>Logs the given message with the given level.</doc>
<status status="NOT RUN" start="2026-05-18T12:17:24.509018" elapsed="0.000079"/>
</kw>
<doc>Waits for the IDE to become idle (no busy indicator).</doc>
<status status="PASS" start="2026-05-18T12:17:24.508864" elapsed="0.000253"/>
</kw>
<kw name="Log" owner="BuiltIn">
<arg>Visualization project created: ${project_name}</arg>
<doc>Logs the given message with the given level.</doc>
<status status="NOT RUN" start="2026-05-18T12:17:24.509157" elapsed="0.000067"/>
</kw>
<arg>RuntimeVisu</arg>
<doc>Creates a new visualization project under mappView.</doc>
<status status="PASS" start="2026-05-18T12:17:24.506887" elapsed="0.002356"/>
</kw>
<kw name="Build Project" owner="project_keywords">
<kw name="Invoke IDE Menu" owner="ide_keywords">
<kw name="Invoke Menu" owner="FlaUILib">
<arg>${menu_name}</arg>
<arg>${menu_item}</arg>
<arg>${submenu_item}</arg>
<doc>Invoke a top-level menu, optionally clicking a menu item and submenu.</doc>
<status status="NOT RUN" start="2026-05-18T12:17:24.509816" elapsed="0.000052"/>
</kw>
<kw name="Log" owner="BuiltIn">
<arg>Menu invoked: ${menu_name} &gt; ${menu_item} &gt; ${submenu_item}</arg>
<doc>Logs the given message with the given level.</doc>
<status status="NOT RUN" start="2026-05-18T12:17:24.509935" elapsed="0.000093"/>
</kw>
<arg>Build</arg>
<arg>Build Active Project</arg>
<doc>Clicks a top-level menu and optionally a menu/sub-menu item.</doc>
<status status="PASS" start="2026-05-18T12:17:24.509615" elapsed="0.000448"/>
</kw>
<kw name="Wait For Build To Complete" owner="FlaUILib">
<arg>${timeout}</arg>
<doc>Wait for the IDE build process to finish.</doc>
<status status="NOT RUN" start="2026-05-18T12:17:24.510125" elapsed="0.000028"/>
</kw>
<kw name="Log" owner="BuiltIn">
<arg>Project build complete</arg>
<doc>Logs the given message with the given level.</doc>
<status status="NOT RUN" start="2026-05-18T12:17:24.510236" elapsed="0.000116"/>
</kw>
<doc>Builds the active project (Build &gt; Build Active Project) and waits for completion.</doc>
<status status="PASS" start="2026-05-18T12:17:24.509492" elapsed="0.000891"/>
</kw>
<kw name="Log" owner="BuiltIn">
<arg>AutomationRuntime and MappView integration project built successfully</arg>
<doc>Logs the given message with the given level.</doc>
<status status="NOT RUN" start="2026-05-18T12:17:24.510629" elapsed="0.000108"/>
</kw>
<doc>Creates a project with AutomationRuntime and a MappView visualization.</doc>
<tag>automationruntime</tag>
<tag>integration</tag>
<tag>mappview</tag>
<status status="PASS" start="2026-05-18T12:17:24.494664" elapsed="0.016221"/>
</test>
<kw name="Close Automation Studio" owner="ide_keywords" type="TEARDOWN">
<kw name="Close Application" owner="FlaUILib">
<arg>${save_changes}</arg>
<doc>Close the IDE application.</doc>
<status status="NOT RUN" start="2026-05-18T12:17:24.511574" elapsed="0.000031"/>
</kw>
<kw name="Log" owner="BuiltIn">
<arg>Automation Studio closed (save_changes=${save_changes})</arg>
<doc>Logs the given message with the given level.</doc>
<status status="NOT RUN" start="2026-05-18T12:17:24.511661" elapsed="0.000098"/>
</kw>
<arg>save_changes=False</arg>
<doc>Closes Automation Studio IDE.</doc>
<status status="PASS" start="2026-05-18T12:17:24.511462" elapsed="0.000321"/>
</kw>
<doc>Test cases for AutomationRuntime component configuration.</doc>
<status status="PASS" start="2026-05-18T12:17:24.159134" elapsed="0.352666"/>
</suite>
<status status="PASS" start="2026-05-18T12:17:24.158048" elapsed="0.354713"/>
</suite>
<suite id="s1-s2" name="Integration" source="C:\Users\ATDIBRU\OneDrive - ABB\projects\ASW-UI-Tests\RobotTests\tests\integration">
<suite id="s1-s2-s1" name="Integration Tests" source="C:\Users\ATDIBRU\OneDrive - ABB\projects\ASW-UI-Tests\RobotTests\tests\integration\integration_tests.robot">
<test id="s1-s2-s1-t1" name="Full Stack Project With All Components" line="10">
<kw name="Set Variable" owner="BuiltIn">
<var>${project_name}</var>
<arg>FullStack_All</arg>
<doc>Returns the given values which can then be assigned to a variables.</doc>
<status status="NOT RUN" start="2026-05-18T12:17:24.530891" elapsed="0.000121"/>
</kw>
<kw name="Set Variable" owner="BuiltIn">
<var>${project_path}</var>
<arg>${PROJECT_TEMP_PATH}${project_name}</arg>
<doc>Returns the given values which can then be assigned to a variables.</doc>
<status status="NOT RUN" start="2026-05-18T12:17:24.531183" elapsed="0.000091"/>
</kw>
<kw name="Create New Project In Automation Studio" owner="project_keywords">
<kw name="Initialize Automation Studio" owner="ide_keywords">
<kw name="Initialize Automation Studio" owner="FlaUILib">
<arg>${AS_IDE_PATH}</arg>
<arg>${AS_DEFAULT_TIMEOUT}</arg>
<doc>Launch or attach to Automation Studio IDE.</doc>
<status status="NOT RUN" start="2026-05-18T12:17:24.531708" elapsed="0.000032"/>
</kw>
<kw name="Log" owner="BuiltIn">
<arg>Automation Studio initialised at: ${AS_IDE_PATH}</arg>
<doc>Logs the given message with the given level.</doc>
<status status="NOT RUN" start="2026-05-18T12:17:24.531795" elapsed="0.000080"/>
</kw>
<doc>Launches (or attaches to) Automation Studio IDE and waits until ready.</doc>
<status status="PASS" start="2026-05-18T12:17:24.531622" elapsed="0.000275"/>
</kw>
<kw name="Invoke IDE Menu" owner="ide_keywords">
<kw name="Invoke Menu" owner="FlaUILib">
<arg>${menu_name}</arg>
<arg>${menu_item}</arg>
<arg>${submenu_item}</arg>
<doc>Invoke a top-level menu, optionally clicking a menu item and submenu.</doc>
<status status="NOT RUN" start="2026-05-18T12:17:24.532074" elapsed="0.000032"/>
</kw>
<kw name="Log" owner="BuiltIn">
<arg>Menu invoked: ${menu_name} &gt; ${menu_item} &gt; ${submenu_item}</arg>
<doc>Logs the given message with the given level.</doc>
<status status="NOT RUN" start="2026-05-18T12:17:24.532156" elapsed="0.000079"/>
</kw>
<arg>File</arg>
<arg>New Project...</arg>
<doc>Clicks a top-level menu and optionally a menu/sub-menu item.</doc>
<status status="PASS" start="2026-05-18T12:17:24.531968" elapsed="0.000290"/>
</kw>
<kw name="Wait For Dialog" owner="FlaUILib">
<arg>New Project</arg>
<doc>Wait for a modal dialog with the given title to appear.</doc>
<status status="NOT RUN" start="2026-05-18T12:17:24.532309" elapsed="0.000022"/>
</kw>
<kw name="Type Into Dialog Field" owner="FlaUILib">
<arg>Name</arg>
<arg>${project_name}</arg>
<doc>Type text into a labeled dialog field.</doc>
<status status="NOT RUN" start="2026-05-18T12:17:24.532371" elapsed="0.000019"/>
</kw>
<kw name="Set Dialog Field Value" owner="FlaUILib">
<arg>Location</arg>
<arg>${project_path}</arg>
<doc>Set value in a labeled dialog field.</doc>
<status status="NOT RUN" start="2026-05-18T12:17:24.532432" elapsed="0.000019"/>
</kw>
<kw name="Select CPU In New Project Dialog" owner="project_keywords">
<kw name="Navigate To Tree Leaf" owner="ide_keywords">
<kw name="Activate Tree Leaf" owner="FlaUILib">
<arg>${tree_path}</arg>
<doc>Navigate and select a node in the project tree.</doc>
<status status="NOT RUN" start="2026-05-18T12:17:24.532730" elapsed="0.000028"/>
</kw>
<kw name="Log" owner="BuiltIn">
<arg>Navigated to tree path: ${tree_path}</arg>
<doc>Logs the given message with the given level.</doc>
<status status="NOT RUN" start="2026-05-18T12:17:24.532836" elapsed="0.000098"/>
</kw>
<arg>${cpu_type}</arg>
<doc>Clicks through a slash-separated path in the project tree.</doc>
<status status="PASS" start="2026-05-18T12:17:24.532639" elapsed="0.000316"/>
</kw>
<kw name="Log" owner="BuiltIn">
<arg>CPU selected: ${cpu_type}</arg>
<doc>Logs the given message with the given level.</doc>
<status status="NOT RUN" start="2026-05-18T12:17:24.533002" elapsed="0.000100"/>
</kw>
<arg>${cpu_type}</arg>
<doc>Selects the CPU type inside the New Project dialog.</doc>
<status status="PASS" start="2026-05-18T12:17:24.532513" elapsed="0.000630"/>
</kw>
<kw name="Click Dialog Button" owner="FlaUILib">
<arg>OK</arg>
<arg>New Project</arg>
<doc>Click a button in a modal dialog.</doc>
<status status="NOT RUN" start="2026-05-18T12:17:24.533201" elapsed="0.000053"/>
</kw>
<kw name="Wait Until IDE Is Ready" owner="ide_keywords">
<kw name="Wait For Idle" owner="FlaUILib">
<arg>${timeout}</arg>
<doc>Wait for the IDE to become idle.</doc>
<status status="NOT RUN" start="2026-05-18T12:17:24.533429" elapsed="0.000029"/>
</kw>
<kw name="Log" owner="BuiltIn">
<arg>IDE is ready (idle)</arg>
<doc>Logs the given message with the given level.</doc>
<status status="NOT RUN" start="2026-05-18T12:17:24.533507" elapsed="0.000084"/>
</kw>
<doc>Waits for the IDE to become idle (no busy indicator).</doc>
<status status="PASS" start="2026-05-18T12:17:24.533332" elapsed="0.000280"/>
</kw>
<kw name="Log" owner="BuiltIn">
<arg>Project "${project_name}" created at ${project_path}</arg>
<doc>Logs the given message with the given level.</doc>
<status status="NOT RUN" start="2026-05-18T12:17:24.533656" elapsed="0.000067"/>
</kw>
<arg>${project_name}</arg>
<arg>${project_path}</arg>
<arg>${CPU_TYPE}</arg>
<doc>Creates a new Automation Studio project.
Opens File &gt; New Project, fills in name and location, selects CPU, confirms.</doc>
<status status="PASS" start="2026-05-18T12:17:24.531453" elapsed="0.002289"/>
</kw>
<kw name="Initialize Full Component Stack" owner="component_keywords">
<kw name="Initialize MappView Component" owner="component_keywords">
<kw name="Add Software Component" owner="project_keywords">
<kw name="Switch To Logical View" owner="project_keywords">
<kw name="Navigate To Tree Leaf" owner="ide_keywords">
<kw name="Activate Tree Leaf" owner="FlaUILib">
<arg>${tree_path}</arg>
<doc>Navigate and select a node in the project tree.</doc>
<status status="NOT RUN" start="2026-05-18T12:17:24.534725" elapsed="0.000027"/>
</kw>
<kw name="Log" owner="BuiltIn">
<arg>Navigated to tree path: ${tree_path}</arg>
<doc>Logs the given message with the given level.</doc>
<status status="NOT RUN" start="2026-05-18T12:17:24.534806" elapsed="0.000090"/>
</kw>
<arg>Logical View</arg>
<doc>Clicks through a slash-separated path in the project tree.</doc>
<status status="PASS" start="2026-05-18T12:17:24.534632" elapsed="0.000291"/>
</kw>
<kw name="Log" owner="BuiltIn">
<arg>Switched to Logical View</arg>
<doc>Logs the given message with the given level.</doc>
<status status="NOT RUN" start="2026-05-18T12:17:24.534982" elapsed="0.000087"/>
</kw>
<doc>Switches the project tree to Logical View.</doc>
<status status="PASS" start="2026-05-18T12:17:24.534497" elapsed="0.000595"/>
</kw>
<kw name="Open Context Menu For Element" owner="ide_keywords">
<kw name="Open Context Menu" owner="FlaUILib">
<arg>${element_name}</arg>
<arg>${search_by}</arg>
<doc>Right-click an element to open its context menu.</doc>
<status status="NOT RUN" start="2026-05-18T12:17:24.535300" elapsed="0.000049"/>
</kw>
<kw name="Log" owner="BuiltIn">
<arg>Context menu opened for: ${element_name}</arg>
<doc>Logs the given message with the given level.</doc>
<status status="NOT RUN" start="2026-05-18T12:17:24.535402" elapsed="0.000094"/>
</kw>
<arg>Logical</arg>
<doc>Right-clicks a UI element to open its context menu.</doc>
<status status="PASS" start="2026-05-18T12:17:24.535175" elapsed="0.000344"/>
</kw>
<kw name="Select Context Menu Item" owner="ide_keywords">
<kw name="Select From Context Menu" owner="FlaUILib">
<arg>${menu_item}</arg>
<arg>${submenu_item}</arg>
<doc>Click an item in the currently visible context menu.</doc>
<status status="NOT RUN" start="2026-05-18T12:17:24.535700" elapsed="0.000030"/>
</kw>
<kw name="Log" owner="BuiltIn">
<arg>Context menu item selected: ${menu_item}</arg>
<doc>Logs the given message with the given level.</doc>
<status status="NOT RUN" start="2026-05-18T12:17:24.535798" elapsed="0.000097"/>
</kw>
<arg>Add Object</arg>
<doc>Clicks an item (and optional sub-item) in the visible context menu.</doc>
<status status="PASS" start="2026-05-18T12:17:24.535584" elapsed="0.000432"/>
</kw>
<kw name="Wait For Dialog" owner="FlaUILib">
<arg>Add Object</arg>
<doc>Wait for a modal dialog with the given title to appear.</doc>
<status status="NOT RUN" start="2026-05-18T12:17:24.536096" elapsed="0.000047"/>
</kw>
<kw name="Navigate To Tree Leaf" owner="ide_keywords">
<kw name="Activate Tree Leaf" owner="FlaUILib">
<arg>${tree_path}</arg>
<doc>Navigate and select a node in the project tree.</doc>
<status status="NOT RUN" start="2026-05-18T12:17:24.536412" elapsed="0.000030"/>
</kw>
<kw name="Log" owner="BuiltIn">
<arg>Navigated to tree path: ${tree_path}</arg>
<doc>Logs the given message with the given level.</doc>
<status status="NOT RUN" start="2026-05-18T12:17:24.536508" elapsed="0.000112"/>
</kw>
<arg>${component_name}</arg>
<doc>Clicks through a slash-separated path in the project tree.</doc>
<status status="PASS" start="2026-05-18T12:17:24.536270" elapsed="0.000377"/>
</kw>
<kw name="Click Dialog Button" owner="FlaUILib">
<arg>OK</arg>
<doc>Click a button in a modal dialog.</doc>
<status status="NOT RUN" start="2026-05-18T12:17:24.536698" elapsed="0.000033"/>
</kw>
<kw name="Wait Until IDE Is Ready" owner="ide_keywords">
<kw name="Wait For Idle" owner="FlaUILib">
<arg>${timeout}</arg>
<doc>Wait for the IDE to become idle.</doc>
<status status="NOT RUN" start="2026-05-18T12:17:24.536926" elapsed="0.000034"/>
</kw>
<kw name="Log" owner="BuiltIn">
<arg>IDE is ready (idle)</arg>
<doc>Logs the given message with the given level.</doc>
<status status="NOT RUN" start="2026-05-18T12:17:24.537019" elapsed="0.000108"/>
</kw>
<doc>Waits for the IDE to become idle (no busy indicator).</doc>
<status status="PASS" start="2026-05-18T12:17:24.536803" elapsed="0.000372"/>
</kw>
<kw name="Log" owner="BuiltIn">
<arg>Component added: ${component_name}</arg>
<doc>Logs the given message with the given level.</doc>
<status status="NOT RUN" start="2026-05-18T12:17:24.537251" elapsed="0.000098"/>
</kw>
<arg>mappView</arg>
<doc>Adds a software component to the project via the Logical View context menu.</doc>
<status status="PASS" start="2026-05-18T12:17:24.534400" elapsed="0.002973"/>
</kw>
<kw name="Navigate To MappView Settings" owner="component_keywords">
<kw name="Switch To Logical View" owner="project_keywords">
<kw name="Navigate To Tree Leaf" owner="ide_keywords">
<kw name="Activate Tree Leaf" owner="FlaUILib">
<arg>${tree_path}</arg>
<doc>Navigate and select a node in the project tree.</doc>
<status status="NOT RUN" start="2026-05-18T12:17:24.537741" elapsed="0.000026"/>
</kw>
<kw name="Log" owner="BuiltIn">
<arg>Navigated to tree path: ${tree_path}</arg>
<doc>Logs the given message with the given level.</doc>
<status status="NOT RUN" start="2026-05-18T12:17:24.537817" elapsed="0.000081"/>
</kw>
<arg>Logical View</arg>
<doc>Clicks through a slash-separated path in the project tree.</doc>
<status status="PASS" start="2026-05-18T12:17:24.537658" elapsed="0.000261"/>
</kw>
<kw name="Log" owner="BuiltIn">
<arg>Switched to Logical View</arg>
<doc>Logs the given message with the given level.</doc>
<status status="NOT RUN" start="2026-05-18T12:17:24.537961" elapsed="0.000068"/>
</kw>
<doc>Switches the project tree to Logical View.</doc>
<status status="PASS" start="2026-05-18T12:17:24.537561" elapsed="0.000487"/>
</kw>
<kw name="Navigate To Tree Leaf" owner="ide_keywords">
<kw name="Activate Tree Leaf" owner="FlaUILib">
<arg>${tree_path}</arg>
<doc>Navigate and select a node in the project tree.</doc>
<status status="NOT RUN" start="2026-05-18T12:17:24.538211" elapsed="0.000028"/>
</kw>
<kw name="Log" owner="BuiltIn">
<arg>Navigated to tree path: ${tree_path}</arg>
<doc>Logs the given message with the given level.</doc>
<status status="NOT RUN" start="2026-05-18T12:17:24.538287" elapsed="0.000072"/>
</kw>
<arg>mappView</arg>
<doc>Clicks through a slash-separated path in the project tree.</doc>
<status status="PASS" start="2026-05-18T12:17:24.538123" elapsed="0.000257"/>
</kw>
<doc>Navigates to the mappView node in the Logical View.</doc>
<status status="PASS" start="2026-05-18T12:17:24.537446" elapsed="0.000950"/>
</kw>
<kw name="Set IDE Property" owner="ide_keywords">
<kw name="Set Property Value" owner="FlaUILib">
<arg>${property_name}</arg>
<arg>${value}</arg>
<doc>Set a property in the IDE property panel.</doc>
<status status="NOT RUN" start="2026-05-18T12:17:24.538539" elapsed="0.000022"/>
</kw>
<kw name="Log" owner="BuiltIn">
<arg>Property set: ${property_name} = ${value}</arg>
<doc>Logs the given message with the given level.</doc>
<status status="NOT RUN" start="2026-05-18T12:17:24.538609" elapsed="0.000090"/>
</kw>
<arg>Port</arg>
<arg>${port}</arg>
<doc>Sets a value in the IDE property panel.</doc>
<status status="PASS" start="2026-05-18T12:17:24.538453" elapsed="0.000265"/>
</kw>
<kw name="Log" owner="BuiltIn">
<arg>MappView component initialised on port ${port}</arg>
<doc>Logs the given message with the given level.</doc>
<status status="NOT RUN" start="2026-05-18T12:17:24.538765" elapsed="0.000067"/>
</kw>
<arg>${mappview_port}</arg>
<doc>Adds and configures MappView in the project.</doc>
<status status="PASS" start="2026-05-18T12:17:24.534278" elapsed="0.004577"/>
</kw>
<kw name="Initialize OPCUA Component" owner="component_keywords">
<kw name="Add Software Component" owner="project_keywords">
<kw name="Switch To Logical View" owner="project_keywords">
<kw name="Navigate To Tree Leaf" owner="ide_keywords">
<kw name="Activate Tree Leaf" owner="FlaUILib">
<arg>${tree_path}</arg>
<doc>Navigate and select a node in the project tree.</doc>
<status status="NOT RUN" start="2026-05-18T12:17:24.539345" elapsed="0.000029"/>
</kw>
<kw name="Log" owner="BuiltIn">
<arg>Navigated to tree path: ${tree_path}</arg>
<doc>Logs the given message with the given level.</doc>
<status status="NOT RUN" start="2026-05-18T12:17:24.539430" elapsed="0.000084"/>
</kw>
<arg>Logical View</arg>
<doc>Clicks through a slash-separated path in the project tree.</doc>
<status status="PASS" start="2026-05-18T12:17:24.539260" elapsed="0.000279"/>
</kw>
<kw name="Log" owner="BuiltIn">
<arg>Switched to Logical View</arg>
<doc>Logs the given message with the given level.</doc>
<status status="NOT RUN" start="2026-05-18T12:17:24.539587" elapsed="0.000074"/>
</kw>
<doc>Switches the project tree to Logical View.</doc>
<status status="PASS" start="2026-05-18T12:17:24.539163" elapsed="0.000520"/>
</kw>
<kw name="Open Context Menu For Element" owner="ide_keywords">
<kw name="Open Context Menu" owner="FlaUILib">
<arg>${element_name}</arg>
<arg>${search_by}</arg>
<doc>Right-click an element to open its context menu.</doc>
<status status="NOT RUN" start="2026-05-18T12:17:24.539845" elapsed="0.000031"/>
</kw>
<kw name="Log" owner="BuiltIn">
<arg>Context menu opened for: ${element_name}</arg>
<doc>Logs the given message with the given level.</doc>
<status status="NOT RUN" start="2026-05-18T12:17:24.539922" elapsed="0.000081"/>
</kw>
<arg>Logical</arg>
<doc>Right-clicks a UI element to open its context menu.</doc>
<status status="PASS" start="2026-05-18T12:17:24.539742" elapsed="0.000287"/>
</kw>
<kw name="Select Context Menu Item" owner="ide_keywords">
<kw name="Select From Context Menu" owner="FlaUILib">
<arg>${menu_item}</arg>
<arg>${submenu_item}</arg>
<doc>Click an item in the currently visible context menu.</doc>
<status status="NOT RUN" start="2026-05-18T12:17:24.540195" elapsed="0.000028"/>
</kw>
<kw name="Log" owner="BuiltIn">
<arg>Context menu item selected: ${menu_item}</arg>
<doc>Logs the given message with the given level.</doc>
<status status="NOT RUN" start="2026-05-18T12:17:24.540268" elapsed="0.000070"/>
</kw>
<arg>Add Object</arg>
<doc>Clicks an item (and optional sub-item) in the visible context menu.</doc>
<status status="PASS" start="2026-05-18T12:17:24.540098" elapsed="0.000258"/>
</kw>
<kw name="Wait For Dialog" owner="FlaUILib">
<arg>Add Object</arg>
<doc>Wait for a modal dialog with the given title to appear.</doc>
<status status="NOT RUN" start="2026-05-18T12:17:24.540396" elapsed="0.000021"/>
</kw>
<kw name="Navigate To Tree Leaf" owner="ide_keywords">
<kw name="Activate Tree Leaf" owner="FlaUILib">
<arg>${tree_path}</arg>
<doc>Navigate and select a node in the project tree.</doc>
<status status="NOT RUN" start="2026-05-18T12:17:24.540555" elapsed="0.000023"/>
</kw>
<kw name="Log" owner="BuiltIn">
<arg>Navigated to tree path: ${tree_path}</arg>
<doc>Logs the given message with the given level.</doc>
<status status="NOT RUN" start="2026-05-18T12:17:24.540622" elapsed="0.000069"/>
</kw>
<arg>${component_name}</arg>
<doc>Clicks through a slash-separated path in the project tree.</doc>
<status status="PASS" start="2026-05-18T12:17:24.540473" elapsed="0.000240"/>
</kw>
<kw name="Click Dialog Button" owner="FlaUILib">
<arg>OK</arg>
<doc>Click a button in a modal dialog.</doc>
<status status="NOT RUN" start="2026-05-18T12:17:24.540753" elapsed="0.000028"/>
</kw>
<kw name="Wait Until IDE Is Ready" owner="ide_keywords">
<kw name="Wait For Idle" owner="FlaUILib">
<arg>${timeout}</arg>
<doc>Wait for the IDE to become idle.</doc>
<status status="NOT RUN" start="2026-05-18T12:17:24.540934" elapsed="0.000028"/>
</kw>
<kw name="Log" owner="BuiltIn">
<arg>IDE is ready (idle)</arg>
<doc>Logs the given message with the given level.</doc>
<status status="NOT RUN" start="2026-05-18T12:17:24.541008" elapsed="0.000075"/>
</kw>
<doc>Waits for the IDE to become idle (no busy indicator).</doc>
<status status="PASS" start="2026-05-18T12:17:24.540839" elapsed="0.000263"/>
</kw>
<kw name="Log" owner="BuiltIn">
<arg>Component added: ${component_name}</arg>
<doc>Logs the given message with the given level.</doc>
<status status="NOT RUN" start="2026-05-18T12:17:24.541147" elapsed="0.000066"/>
</kw>
<arg>OpcUa</arg>
<doc>Adds a software component to the project via the Logical View context menu.</doc>
<status status="PASS" start="2026-05-18T12:17:24.539061" elapsed="0.002170"/>
</kw>
<kw name="Navigate To OPCUA Settings" owner="component_keywords">
<kw name="Switch To Logical View" owner="project_keywords">
<kw name="Navigate To Tree Leaf" owner="ide_keywords">
<kw name="Activate Tree Leaf" owner="FlaUILib">
<arg>${tree_path}</arg>
<doc>Navigate and select a node in the project tree.</doc>
<status status="NOT RUN" start="2026-05-18T12:17:24.542309" elapsed="0.000211"/>
</kw>
<kw name="Log" owner="BuiltIn">
<arg>Navigated to tree path: ${tree_path}</arg>
<doc>Logs the given message with the given level.</doc>
<status status="NOT RUN" start="2026-05-18T12:17:24.542679" elapsed="0.000150"/>
</kw>
<arg>Logical View</arg>
<doc>Clicks through a slash-separated path in the project tree.</doc>
<status status="PASS" start="2026-05-18T12:17:24.542107" elapsed="0.000778"/>
</kw>
<kw name="Log" owner="BuiltIn">
<arg>Switched to Logical View</arg>
<doc>Logs the given message with the given level.</doc>
<status status="NOT RUN" start="2026-05-18T12:17:24.542950" elapsed="0.000110"/>
</kw>
<doc>Switches the project tree to Logical View.</doc>
<status status="PASS" start="2026-05-18T12:17:24.541864" elapsed="0.001220"/>
</kw>
<kw name="Navigate To Tree Leaf" owner="ide_keywords">
<kw name="Activate Tree Leaf" owner="FlaUILib">
<arg>${tree_path}</arg>
<doc>Navigate and select a node in the project tree.</doc>
<status status="NOT RUN" start="2026-05-18T12:17:24.543274" elapsed="0.000028"/>
</kw>
<kw name="Log" owner="BuiltIn">
<arg>Navigated to tree path: ${tree_path}</arg>
<doc>Logs the given message with the given level.</doc>
<status status="NOT RUN" start="2026-05-18T12:17:24.543411" elapsed="0.000103"/>
</kw>
<arg>OpcUa</arg>
<doc>Clicks through a slash-separated path in the project tree.</doc>
<status status="PASS" start="2026-05-18T12:17:24.543165" elapsed="0.000376"/>
</kw>
<doc>Navigates to the OpcUa node in the Logical View.</doc>
<status status="PASS" start="2026-05-18T12:17:24.541572" elapsed="0.001987"/>
</kw>
<kw name="Set IDE Property" owner="ide_keywords">
<kw name="Set Property Value" owner="FlaUILib">
<arg>${property_name}</arg>
<arg>${value}</arg>
<doc>Set a property in the IDE property panel.</doc>
<status status="NOT RUN" start="2026-05-18T12:17:24.543755" elapsed="0.000023"/>
</kw>
<kw name="Log" owner="BuiltIn">
<arg>Property set: ${property_name} = ${value}</arg>
<doc>Logs the given message with the given level.</doc>
<status status="NOT RUN" start="2026-05-18T12:17:24.543826" elapsed="0.000119"/>
</kw>
<arg>Port</arg>
<arg>${port}</arg>
<doc>Sets a value in the IDE property panel.</doc>
<status status="PASS" start="2026-05-18T12:17:24.543641" elapsed="0.000326"/>
</kw>
<kw name="Set IDE Property" owner="ide_keywords">
<kw name="Set Property Value" owner="FlaUILib">
<arg>${property_name}</arg>
<arg>${value}</arg>
<doc>Set a property in the IDE property panel.</doc>
<status status="NOT RUN" start="2026-05-18T12:17:24.544127" elapsed="0.000028"/>
</kw>
<kw name="Log" owner="BuiltIn">
<arg>Property set: ${property_name} = ${value}</arg>
<doc>Logs the given message with the given level.</doc>
<status status="NOT RUN" start="2026-05-18T12:17:24.544206" elapsed="0.000111"/>
</kw>
<arg>Enabled</arg>
<arg>True</arg>
<doc>Sets a value in the IDE property panel.</doc>
<status status="PASS" start="2026-05-18T12:17:24.544032" elapsed="0.000306"/>
</kw>
<kw name="Log" owner="BuiltIn">
<arg>OPCUA component initialised on port ${port}</arg>
<doc>Logs the given message with the given level.</doc>
<status status="NOT RUN" start="2026-05-18T12:17:24.544390" elapsed="0.000078"/>
</kw>
<arg>${opcua_port}</arg>
<doc>Adds and configures the OPCUA component in the project.</doc>
<status status="PASS" start="2026-05-18T12:17:24.538936" elapsed="0.005556"/>
</kw>
<kw name="Initialize AutomationRuntime Component" owner="component_keywords">
<kw name="Add Software Component" owner="project_keywords">
<kw name="Switch To Logical View" owner="project_keywords">
<kw name="Navigate To Tree Leaf" owner="ide_keywords">
<kw name="Activate Tree Leaf" owner="FlaUILib">
<arg>${tree_path}</arg>
<doc>Navigate and select a node in the project tree.</doc>
<status status="NOT RUN" start="2026-05-18T12:17:24.545031" elapsed="0.000027"/>
</kw>
<kw name="Log" owner="BuiltIn">
<arg>Navigated to tree path: ${tree_path}</arg>
<doc>Logs the given message with the given level.</doc>
<status status="NOT RUN" start="2026-05-18T12:17:24.545110" elapsed="0.000088"/>
</kw>
<arg>Logical View</arg>
<doc>Clicks through a slash-separated path in the project tree.</doc>
<status status="PASS" start="2026-05-18T12:17:24.544933" elapsed="0.000291"/>
</kw>
<kw name="Log" owner="BuiltIn">
<arg>Switched to Logical View</arg>
<doc>Logs the given message with the given level.</doc>
<status status="NOT RUN" start="2026-05-18T12:17:24.545269" elapsed="0.000072"/>
</kw>
<doc>Switches the project tree to Logical View.</doc>
<status status="PASS" start="2026-05-18T12:17:24.544812" elapsed="0.000548"/>
</kw>
<kw name="Open Context Menu For Element" owner="ide_keywords">
<kw name="Open Context Menu" owner="FlaUILib">
<arg>${element_name}</arg>
<arg>${search_by}</arg>
<doc>Right-click an element to open its context menu.</doc>
<status status="NOT RUN" start="2026-05-18T12:17:24.545511" elapsed="0.000033"/>
</kw>
<kw name="Log" owner="BuiltIn">
<arg>Context menu opened for: ${element_name}</arg>
<doc>Logs the given message with the given level.</doc>
<status status="NOT RUN" start="2026-05-18T12:17:24.545593" elapsed="0.000074"/>
</kw>
<arg>Logical</arg>
<doc>Right-clicks a UI element to open its context menu.</doc>
<status status="PASS" start="2026-05-18T12:17:24.545421" elapsed="0.000269"/>
</kw>
<kw name="Select Context Menu Item" owner="ide_keywords">
<kw name="Select From Context Menu" owner="FlaUILib">
<arg>${menu_item}</arg>
<arg>${submenu_item}</arg>
<doc>Click an item in the currently visible context menu.</doc>
<status status="NOT RUN" start="2026-05-18T12:17:24.545867" elapsed="0.000031"/>
</kw>
<kw name="Log" owner="BuiltIn">
<arg>Context menu item selected: ${menu_item}</arg>
<doc>Logs the given message with the given level.</doc>
<status status="NOT RUN" start="2026-05-18T12:17:24.545947" elapsed="0.000080"/>
</kw>
<arg>Add Object</arg>
<doc>Clicks an item (and optional sub-item) in the visible context menu.</doc>
<status status="PASS" start="2026-05-18T12:17:24.545763" elapsed="0.000285"/>
</kw>
<kw name="Wait For Dialog" owner="FlaUILib">
<arg>Add Object</arg>
<doc>Wait for a modal dialog with the given title to appear.</doc>
<status status="NOT RUN" start="2026-05-18T12:17:24.546090" elapsed="0.000022"/>
</kw>
<kw name="Navigate To Tree Leaf" owner="ide_keywords">
<kw name="Activate Tree Leaf" owner="FlaUILib">
<arg>${tree_path}</arg>
<doc>Navigate and select a node in the project tree.</doc>
<status status="NOT RUN" start="2026-05-18T12:17:24.546263" elapsed="0.000025"/>
</kw>
<kw name="Log" owner="BuiltIn">
<arg>Navigated to tree path: ${tree_path}</arg>
<doc>Logs the given message with the given level.</doc>
<status status="NOT RUN" start="2026-05-18T12:17:24.546336" elapsed="0.000075"/>
</kw>
<arg>${component_name}</arg>
<doc>Clicks through a slash-separated path in the project tree.</doc>
<status status="PASS" start="2026-05-18T12:17:24.546174" elapsed="0.000256"/>
</kw>
<kw name="Click Dialog Button" owner="FlaUILib">
<arg>OK</arg>
<doc>Click a button in a modal dialog.</doc>
<status status="NOT RUN" start="2026-05-18T12:17:24.546472" elapsed="0.000029"/>
</kw>
<kw name="Wait Until IDE Is Ready" owner="ide_keywords">
<kw name="Wait For Idle" owner="FlaUILib">
<arg>${timeout}</arg>
<doc>Wait for the IDE to become idle.</doc>
<status status="NOT RUN" start="2026-05-18T12:17:24.546670" elapsed="0.000027"/>
</kw>
<kw name="Log" owner="BuiltIn">
<arg>IDE is ready (idle)</arg>
<doc>Logs the given message with the given level.</doc>
<status status="NOT RUN" start="2026-05-18T12:17:24.546745" elapsed="0.000081"/>
</kw>
<doc>Waits for the IDE to become idle (no busy indicator).</doc>
<status status="PASS" start="2026-05-18T12:17:24.546569" elapsed="0.000278"/>
</kw>
<kw name="Log" owner="BuiltIn">
<arg>Component added: ${component_name}</arg>
<doc>Logs the given message with the given level.</doc>
<status status="NOT RUN" start="2026-05-18T12:17:24.546901" elapsed="0.000071"/>
</kw>
<arg>AutomationRuntime</arg>
<doc>Adds a software component to the project via the Logical View context menu.</doc>
<status status="PASS" start="2026-05-18T12:17:24.544701" elapsed="0.002291"/>
</kw>
<kw name="Navigate To AutomationRuntime Settings" owner="component_keywords">
<kw name="Switch To Logical View" owner="project_keywords">
<kw name="Navigate To Tree Leaf" owner="ide_keywords">
<kw name="Activate Tree Leaf" owner="FlaUILib">
<arg>${tree_path}</arg>
<doc>Navigate and select a node in the project tree.</doc>
<status status="NOT RUN" start="2026-05-18T12:17:24.547323" elapsed="0.000026"/>
</kw>
<kw name="Log" owner="BuiltIn">
<arg>Navigated to tree path: ${tree_path}</arg>
<doc>Logs the given message with the given level.</doc>
<status status="NOT RUN" start="2026-05-18T12:17:24.547395" elapsed="0.000071"/>
</kw>
<arg>Logical View</arg>
<doc>Clicks through a slash-separated path in the project tree.</doc>
<status status="PASS" start="2026-05-18T12:17:24.547243" elapsed="0.000244"/>
</kw>
<kw name="Log" owner="BuiltIn">
<arg>Switched to Logical View</arg>
<doc>Logs the given message with the given level.</doc>
<status status="NOT RUN" start="2026-05-18T12:17:24.547550" elapsed="0.000073"/>
</kw>
<doc>Switches the project tree to Logical View.</doc>
<status status="PASS" start="2026-05-18T12:17:24.547153" elapsed="0.000491"/>
</kw>
<kw name="Navigate To Tree Leaf" owner="ide_keywords">
<kw name="Activate Tree Leaf" owner="FlaUILib">
<arg>${tree_path}</arg>
<doc>Navigate and select a node in the project tree.</doc>
<status status="NOT RUN" start="2026-05-18T12:17:24.547801" elapsed="0.000025"/>
</kw>
<kw name="Log" owner="BuiltIn">
<arg>Navigated to tree path: ${tree_path}</arg>
<doc>Logs the given message with the given level.</doc>
<status status="NOT RUN" start="2026-05-18T12:17:24.547871" elapsed="0.000072"/>
</kw>
<arg>AutomationRuntime</arg>
<doc>Clicks through a slash-separated path in the project tree.</doc>
<status status="PASS" start="2026-05-18T12:17:24.547710" elapsed="0.000253"/>
</kw>
<doc>Navigates to the AutomationRuntime node in the Logical View.</doc>
<status status="PASS" start="2026-05-18T12:17:24.547054" elapsed="0.000926"/>
</kw>
<kw name="Set IDE Property" owner="ide_keywords">
<kw name="Set Property Value" owner="FlaUILib">
<arg>${property_name}</arg>
<arg>${value}</arg>
<doc>Set a property in the IDE property panel.</doc>
<status status="NOT RUN" start="2026-05-18T12:17:24.548124" elapsed="0.000022"/>
</kw>
<kw name="Log" owner="BuiltIn">
<arg>Property set: ${property_name} = ${value}</arg>
<doc>Logs the given message with the given level.</doc>
<status status="NOT RUN" start="2026-05-18T12:17:24.548195" elapsed="0.000083"/>
</kw>
<arg>Version</arg>
<arg>${min_version}</arg>
<doc>Sets a value in the IDE property panel.</doc>
<status status="PASS" start="2026-05-18T12:17:24.548037" elapsed="0.000262"/>
</kw>
<kw name="Log" owner="BuiltIn">
<arg>AutomationRuntime component initialised (v${min_version})</arg>
<doc>Logs the given message with the given level.</doc>
<status status="NOT RUN" start="2026-05-18T12:17:24.548343" elapsed="0.000068"/>
</kw>
<arg>${ar_version}</arg>
<doc>Adds and configures the AutomationRuntime component.</doc>
<status status="PASS" start="2026-05-18T12:17:24.544562" elapsed="0.003870"/>
</kw>
<kw name="Log" owner="BuiltIn">
<arg>Full component stack initialised</arg>
<doc>Logs the given message with the given level.</doc>
<status status="NOT RUN" start="2026-05-18T12:17:24.548477" elapsed="0.000070"/>
</kw>
<kw name="Activate Tree Leaf" owner="FlaUILib">
<arg>MappView</arg>
<doc>Navigate and select a node in the project tree.</doc>
<status status="NOT RUN" start="2026-05-18T12:17:24.548590" elapsed="0.000021"/>
</kw>
<doc>Initialises MappView, OPCUA and AutomationRuntime in one call.</doc>
<status status="PASS" start="2026-05-18T12:17:24.534132" elapsed="0.014506"/>
</kw>
<kw name="Create Visualization Project" owner="component_keywords">
<kw name="Navigate To MappView Settings" owner="component_keywords">
<kw name="Switch To Logical View" owner="project_keywords">
<kw name="Navigate To Tree Leaf" owner="ide_keywords">
<kw name="Activate Tree Leaf" owner="FlaUILib">
<arg>${tree_path}</arg>
<doc>Navigate and select a node in the project tree.</doc>
<status status="NOT RUN" start="2026-05-18T12:17:24.549498" elapsed="0.000027"/>
</kw>
<kw name="Log" owner="BuiltIn">
<arg>Navigated to tree path: ${tree_path}</arg>
<doc>Logs the given message with the given level.</doc>
<status status="NOT RUN" start="2026-05-18T12:17:24.549576" elapsed="0.000081"/>
</kw>
<arg>Logical View</arg>
<doc>Clicks through a slash-separated path in the project tree.</doc>
<status status="PASS" start="2026-05-18T12:17:24.549412" elapsed="0.000265"/>
</kw>
<kw name="Log" owner="BuiltIn">
<arg>Switched to Logical View</arg>
<doc>Logs the given message with the given level.</doc>
<status status="NOT RUN" start="2026-05-18T12:17:24.549722" elapsed="0.000071"/>
</kw>
<doc>Switches the project tree to Logical View.</doc>
<status status="PASS" start="2026-05-18T12:17:24.549314" elapsed="0.000498"/>
</kw>
<kw name="Navigate To Tree Leaf" owner="ide_keywords">
<kw name="Activate Tree Leaf" owner="FlaUILib">
<arg>${tree_path}</arg>
<doc>Navigate and select a node in the project tree.</doc>
<status status="NOT RUN" start="2026-05-18T12:17:24.549960" elapsed="0.000025"/>
</kw>
<kw name="Log" owner="BuiltIn">
<arg>Navigated to tree path: ${tree_path}</arg>
<doc>Logs the given message with the given level.</doc>
<status status="NOT RUN" start="2026-05-18T12:17:24.550029" elapsed="0.000073"/>
</kw>
<arg>mappView</arg>
<doc>Clicks through a slash-separated path in the project tree.</doc>
<status status="PASS" start="2026-05-18T12:17:24.549874" elapsed="0.000247"/>
</kw>
<doc>Navigates to the mappView node in the Logical View.</doc>
<status status="PASS" start="2026-05-18T12:17:24.549179" elapsed="0.000958"/>
</kw>
<kw name="Open Context Menu For Element" owner="ide_keywords">
<kw name="Open Context Menu" owner="FlaUILib">
<arg>${element_name}</arg>
<arg>${search_by}</arg>
<doc>Right-click an element to open its context menu.</doc>
<status status="NOT RUN" start="2026-05-18T12:17:24.550292" elapsed="0.000028"/>
</kw>
<kw name="Log" owner="BuiltIn">
<arg>Context menu opened for: ${element_name}</arg>
<doc>Logs the given message with the given level.</doc>
<status status="NOT RUN" start="2026-05-18T12:17:24.550365" elapsed="0.000069"/>
</kw>
<arg>Visualizations</arg>
<doc>Right-clicks a UI element to open its context menu.</doc>
<status status="PASS" start="2026-05-18T12:17:24.550198" elapsed="0.000254"/>
</kw>
<kw name="Select Context Menu Item" owner="ide_keywords">
<kw name="Select From Context Menu" owner="FlaUILib">
<arg>${menu_item}</arg>
<arg>${submenu_item}</arg>
<doc>Click an item in the currently visible context menu.</doc>
[...]
</kw>
<arg>${project_name}</arg>
<arg>${project_path}</arg>
<doc>Creates a new Automation Studio project.
Opens File &gt; New Project, fills in name and location, selects CPU, confirms.</doc>
<status status="PASS" start="2026-05-18T12:17:24.756816" elapsed="0.002165"/>
</kw>
<kw name="Close Automation Studio" owner="ide_keywords">
<kw name="Close Application" owner="FlaUILib">
<arg>${save_changes}</arg>
<doc>Close the IDE application.</doc>
<status status="NOT RUN" start="2026-05-18T12:17:24.759260" elapsed="0.000028"/>
</kw>
<kw name="Log" owner="BuiltIn">
<arg>Automation Studio closed (save_changes=${save_changes})</arg>
<doc>Logs the given message with the given level.</doc>
<status status="NOT RUN" start="2026-05-18T12:17:24.759335" elapsed="0.000091"/>
</kw>
<arg>save_changes=True</arg>
<doc>Closes Automation Studio IDE.</doc>
<status status="PASS" start="2026-05-18T12:17:24.759147" elapsed="0.000300"/>
</kw>
<kw name="Load Existing Project" owner="project_keywords">
<kw name="Initialize Automation Studio" owner="ide_keywords">
<kw name="Initialize Automation Studio" owner="FlaUILib">
<arg>${AS_IDE_PATH}</arg>
<arg>${AS_DEFAULT_TIMEOUT}</arg>
<doc>Launch or attach to Automation Studio IDE.</doc>
<status status="NOT RUN" start="2026-05-18T12:17:24.759899" elapsed="0.000034"/>
</kw>
<kw name="Log" owner="BuiltIn">
<arg>Automation Studio initialised at: ${AS_IDE_PATH}</arg>
<doc>Logs the given message with the given level.</doc>
<status status="NOT RUN" start="2026-05-18T12:17:24.759986" elapsed="0.000090"/>
</kw>
<doc>Launches (or attaches to) Automation Studio IDE and waits until ready.</doc>
<status status="PASS" start="2026-05-18T12:17:24.759812" elapsed="0.000287"/>
</kw>
<kw name="Invoke IDE Menu" owner="ide_keywords">
<kw name="Invoke Menu" owner="FlaUILib">
<arg>${menu_name}</arg>
<arg>${menu_item}</arg>
<arg>${submenu_item}</arg>
<doc>Invoke a top-level menu, optionally clicking a menu item and submenu.</doc>
<status status="NOT RUN" start="2026-05-18T12:17:24.760256" elapsed="0.000032"/>
</kw>
<kw name="Log" owner="BuiltIn">
<arg>Menu invoked: ${menu_name} &gt; ${menu_item} &gt; ${submenu_item}</arg>
<doc>Logs the given message with the given level.</doc>
<status status="NOT RUN" start="2026-05-18T12:17:24.760335" elapsed="0.000075"/>
</kw>
<arg>File</arg>
<arg>Open Project...</arg>
<doc>Clicks a top-level menu and optionally a menu/sub-menu item.</doc>
<status status="PASS" start="2026-05-18T12:17:24.760161" elapsed="0.000269"/>
</kw>
<kw name="Wait For Dialog" owner="FlaUILib">
<arg>Open</arg>
<doc>Wait for a modal dialog with the given title to appear.</doc>
<status status="NOT RUN" start="2026-05-18T12:17:24.760473" elapsed="0.000021"/>
</kw>
<kw name="Type Into Dialog Field" owner="FlaUILib">
<arg>File name</arg>
<arg>${project_path}</arg>
<doc>Type text into a labeled dialog field.</doc>
<status status="NOT RUN" start="2026-05-18T12:17:24.760535" elapsed="0.000020"/>
</kw>
<kw name="Click Dialog Button" owner="FlaUILib">
<arg>Open</arg>
<doc>Click a button in a modal dialog.</doc>
<status status="NOT RUN" start="2026-05-18T12:17:24.760595" elapsed="0.000025"/>
</kw>
<kw name="Wait Until IDE Is Ready" owner="ide_keywords">
<kw name="Wait For Idle" owner="FlaUILib">
<arg>${timeout}</arg>
<doc>Wait for the IDE to become idle.</doc>
<status status="NOT RUN" start="2026-05-18T12:17:24.760762" elapsed="0.000024"/>
</kw>
<kw name="Log" owner="BuiltIn">
<arg>IDE is ready (idle)</arg>
<doc>Logs the given message with the given level.</doc>
<status status="NOT RUN" start="2026-05-18T12:17:24.760829" elapsed="0.000079"/>
</kw>
<doc>Waits for the IDE to become idle (no busy indicator).</doc>
<status status="PASS" start="2026-05-18T12:17:24.760680" elapsed="0.000247"/>
</kw>
<kw name="Project Should Be Loaded" owner="ide_keywords">
<kw name="Is Project Loaded" owner="FlaUILib">
<var>${loaded}</var>
<doc>Return True if a project is currently loaded in the IDE.</doc>
<status status="NOT RUN" start="2026-05-18T12:17:24.761066" elapsed="0.000017"/>
</kw>
<kw name="Should Be True" owner="BuiltIn">
<arg>${loaded}</arg>
<arg>msg=No project is currently loaded in Automation Studio</arg>
<doc>Fails if the given condition is not true.</doc>
<status status="NOT RUN" start="2026-05-18T12:17:24.761129" elapsed="0.000098"/>
</kw>
<doc>Fails if no project is currently loaded in the IDE.</doc>
<status status="PASS" start="2026-05-18T12:17:24.760984" elapsed="0.000276"/>
</kw>
<kw name="Log" owner="BuiltIn">
<arg>Project loaded from ${project_path}</arg>
<doc>Logs the given message with the given level.</doc>
<status status="NOT RUN" start="2026-05-18T12:17:24.761302" elapsed="0.000071"/>
</kw>
<arg>${project_path}</arg>
<doc>Opens an existing Automation Studio project via File &gt; Open Project.</doc>
<status status="PASS" start="2026-05-18T12:17:24.759664" elapsed="0.001727"/>
</kw>
<kw name="Switch To Configuration View" owner="project_keywords">
<kw name="Navigate To Tree Leaf" owner="ide_keywords">
<kw name="Activate Tree Leaf" owner="FlaUILib">
<arg>${tree_path}</arg>
<doc>Navigate and select a node in the project tree.</doc>
<status status="NOT RUN" start="2026-05-18T12:17:24.761811" elapsed="0.000035"/>
</kw>
<kw name="Log" owner="BuiltIn">
<arg>Navigated to tree path: ${tree_path}</arg>
<doc>Logs the given message with the given level.</doc>
<status status="NOT RUN" start="2026-05-18T12:17:24.761922" elapsed="0.000226"/>
</kw>
<arg>Configuration View</arg>
<doc>Clicks through a slash-separated path in the project tree.</doc>
<status status="PASS" start="2026-05-18T12:17:24.761726" elapsed="0.000458"/>
</kw>
<kw name="Log" owner="BuiltIn">
<arg>Switched to Configuration View</arg>
<doc>Logs the given message with the given level.</doc>
<status status="NOT RUN" start="2026-05-18T12:17:24.762246" elapsed="0.000085"/>
</kw>
<doc>Switches the project tree to Configuration View.</doc>
<status status="PASS" start="2026-05-18T12:17:24.761614" elapsed="0.000742"/>
</kw>
<kw name="Initialize OPCUA Component" owner="component_keywords">
<kw name="Add Software Component" owner="project_keywords">
<kw name="Switch To Logical View" owner="project_keywords">
<kw name="Navigate To Tree Leaf" owner="ide_keywords">
<kw name="Activate Tree Leaf" owner="FlaUILib">
<arg>${tree_path}</arg>
<doc>Navigate and select a node in the project tree.</doc>
<status status="NOT RUN" start="2026-05-18T12:17:24.762918" elapsed="0.000027"/>
</kw>
<kw name="Log" owner="BuiltIn">
<arg>Navigated to tree path: ${tree_path}</arg>
<doc>Logs the given message with the given level.</doc>
<status status="NOT RUN" start="2026-05-18T12:17:24.762994" elapsed="0.000085"/>
</kw>
<arg>Logical View</arg>
<doc>Clicks through a slash-separated path in the project tree.</doc>
<status status="PASS" start="2026-05-18T12:17:24.762833" elapsed="0.000268"/>
</kw>
<kw name="Log" owner="BuiltIn">
<arg>Switched to Logical View</arg>
<doc>Logs the given message with the given level.</doc>
<status status="NOT RUN" start="2026-05-18T12:17:24.763162" elapsed="0.000102"/>
</kw>
<doc>Switches the project tree to Logical View.</doc>
<status status="PASS" start="2026-05-18T12:17:24.762732" elapsed="0.000561"/>
</kw>
<kw name="Open Context Menu For Element" owner="ide_keywords">
<kw name="Open Context Menu" owner="FlaUILib">
<arg>${element_name}</arg>
<arg>${search_by}</arg>
<doc>Right-click an element to open its context menu.</doc>
<status status="NOT RUN" start="2026-05-18T12:17:24.763504" elapsed="0.000041"/>
</kw>
<kw name="Log" owner="BuiltIn">
<arg>Context menu opened for: ${element_name}</arg>
<doc>Logs the given message with the given level.</doc>
<status status="NOT RUN" start="2026-05-18T12:17:24.763609" elapsed="0.000106"/>
</kw>
<arg>Logical</arg>
<doc>Right-clicks a UI element to open its context menu.</doc>
<status status="PASS" start="2026-05-18T12:17:24.763377" elapsed="0.000365"/>
</kw>
<kw name="Select Context Menu Item" owner="ide_keywords">
<kw name="Select From Context Menu" owner="FlaUILib">
<arg>${menu_item}</arg>
<arg>${submenu_item}</arg>
<doc>Click an item in the currently visible context menu.</doc>
<status status="NOT RUN" start="2026-05-18T12:17:24.763949" elapsed="0.000038"/>
</kw>
<kw name="Log" owner="BuiltIn">
<arg>Context menu item selected: ${menu_item}</arg>
<doc>Logs the given message with the given level.</doc>
<status status="NOT RUN" start="2026-05-18T12:17:24.764041" elapsed="0.000075"/>
</kw>
<arg>Add Object</arg>
<doc>Clicks an item (and optional sub-item) in the visible context menu.</doc>
<status status="PASS" start="2026-05-18T12:17:24.763830" elapsed="0.000306"/>
</kw>
<kw name="Wait For Dialog" owner="FlaUILib">
<arg>Add Object</arg>
<doc>Wait for a modal dialog with the given title to appear.</doc>
<status status="NOT RUN" start="2026-05-18T12:17:24.764179" elapsed="0.000022"/>
</kw>
<kw name="Navigate To Tree Leaf" owner="ide_keywords">
<kw name="Activate Tree Leaf" owner="FlaUILib">
<arg>${tree_path}</arg>
<doc>Navigate and select a node in the project tree.</doc>
<status status="NOT RUN" start="2026-05-18T12:17:24.764344" elapsed="0.000026"/>
</kw>
<kw name="Log" owner="BuiltIn">
<arg>Navigated to tree path: ${tree_path}</arg>
<doc>Logs the given message with the given level.</doc>
<status status="NOT RUN" start="2026-05-18T12:17:24.764416" elapsed="0.000073"/>
</kw>
<arg>${component_name}</arg>
<doc>Clicks through a slash-separated path in the project tree.</doc>
<status status="PASS" start="2026-05-18T12:17:24.764261" elapsed="0.000248"/>
</kw>
<kw name="Click Dialog Button" owner="FlaUILib">
<arg>OK</arg>
<doc>Click a button in a modal dialog.</doc>
<status status="NOT RUN" start="2026-05-18T12:17:24.764551" elapsed="0.000029"/>
</kw>
<kw name="Wait Until IDE Is Ready" owner="ide_keywords">
<kw name="Wait For Idle" owner="FlaUILib">
<arg>${timeout}</arg>
<doc>Wait for the IDE to become idle.</doc>
<status status="NOT RUN" start="2026-05-18T12:17:24.764733" elapsed="0.000030"/>
</kw>
<kw name="Log" owner="BuiltIn">
<arg>IDE is ready (idle)</arg>
<doc>Logs the given message with the given level.</doc>
<status status="NOT RUN" start="2026-05-18T12:17:24.764817" elapsed="0.000087"/>
</kw>
<doc>Waits for the IDE to become idle (no busy indicator).</doc>
<status status="PASS" start="2026-05-18T12:17:24.764644" elapsed="0.000285"/>
</kw>
<kw name="Log" owner="BuiltIn">
<arg>Component added: ${component_name}</arg>
<doc>Logs the given message with the given level.</doc>
<status status="NOT RUN" start="2026-05-18T12:17:24.764979" elapsed="0.000085"/>
</kw>
<arg>OpcUa</arg>
<doc>Adds a software component to the project via the Logical View context menu.</doc>
<status status="PASS" start="2026-05-18T12:17:24.762632" elapsed="0.002458"/>
</kw>
<kw name="Navigate To OPCUA Settings" owner="component_keywords">
<kw name="Switch To Logical View" owner="project_keywords">
<kw name="Navigate To Tree Leaf" owner="ide_keywords">
<kw name="Activate Tree Leaf" owner="FlaUILib">
<arg>${tree_path}</arg>
<doc>Navigate and select a node in the project tree.</doc>
<status status="NOT RUN" start="2026-05-18T12:17:24.765487" elapsed="0.000031"/>
</kw>
<kw name="Log" owner="BuiltIn">
<arg>Navigated to tree path: ${tree_path}</arg>
<doc>Logs the given message with the given level.</doc>
<status status="NOT RUN" start="2026-05-18T12:17:24.765573" elapsed="0.000088"/>
</kw>
<arg>Logical View</arg>
<doc>Clicks through a slash-separated path in the project tree.</doc>
<status status="PASS" start="2026-05-18T12:17:24.765390" elapsed="0.000295"/>
</kw>
<kw name="Log" owner="BuiltIn">
<arg>Switched to Logical View</arg>
<doc>Logs the given message with the given level.</doc>
<status status="NOT RUN" start="2026-05-18T12:17:24.765732" elapsed="0.000087"/>
</kw>
<doc>Switches the project tree to Logical View.</doc>
<status status="PASS" start="2026-05-18T12:17:24.765283" elapsed="0.000562"/>
</kw>
<kw name="Navigate To Tree Leaf" owner="ide_keywords">
<kw name="Activate Tree Leaf" owner="FlaUILib">
<arg>${tree_path}</arg>
<doc>Navigate and select a node in the project tree.</doc>
<status status="NOT RUN" start="2026-05-18T12:17:24.766007" elapsed="0.000027"/>
</kw>
<kw name="Log" owner="BuiltIn">
<arg>Navigated to tree path: ${tree_path}</arg>
<doc>Logs the given message with the given level.</doc>
<status status="NOT RUN" start="2026-05-18T12:17:24.766080" elapsed="0.000076"/>
</kw>
<arg>OpcUa</arg>
<doc>Clicks through a slash-separated path in the project tree.</doc>
<status status="PASS" start="2026-05-18T12:17:24.765912" elapsed="0.000266"/>
</kw>
<doc>Navigates to the OpcUa node in the Logical View.</doc>
<status status="PASS" start="2026-05-18T12:17:24.765164" elapsed="0.001030"/>
</kw>
<kw name="Set IDE Property" owner="ide_keywords">
<kw name="Set Property Value" owner="FlaUILib">
<arg>${property_name}</arg>
<arg>${value}</arg>
<doc>Set a property in the IDE property panel.</doc>
<status status="NOT RUN" start="2026-05-18T12:17:24.766347" elapsed="0.000023"/>
</kw>
<kw name="Log" owner="BuiltIn">
<arg>Property set: ${property_name} = ${value}</arg>
<doc>Logs the given message with the given level.</doc>
<status status="NOT RUN" start="2026-05-18T12:17:24.766419" elapsed="0.000093"/>
</kw>
<arg>Port</arg>
<arg>${port}</arg>
<doc>Sets a value in the IDE property panel.</doc>
<status status="PASS" start="2026-05-18T12:17:24.766256" elapsed="0.000278"/>
</kw>
<kw name="Set IDE Property" owner="ide_keywords">
<kw name="Set Property Value" owner="FlaUILib">
<arg>${property_name}</arg>
<arg>${value}</arg>
<doc>Set a property in the IDE property panel.</doc>
<status status="NOT RUN" start="2026-05-18T12:17:24.766769" elapsed="0.000024"/>
</kw>
<kw name="Log" owner="BuiltIn">
<arg>Property set: ${property_name} = ${value}</arg>
<doc>Logs the given message with the given level.</doc>
<status status="NOT RUN" start="2026-05-18T12:17:24.766850" elapsed="0.000091"/>
</kw>
<arg>Enabled</arg>
<arg>True</arg>
<doc>Sets a value in the IDE property panel.</doc>
<status status="PASS" start="2026-05-18T12:17:24.766614" elapsed="0.000349"/>
</kw>
<kw name="Log" owner="BuiltIn">
<arg>OPCUA component initialised on port ${port}</arg>
<doc>Logs the given message with the given level.</doc>
<status status="NOT RUN" start="2026-05-18T12:17:24.767007" elapsed="0.000073"/>
</kw>
<doc>Adds and configures the OPCUA component in the project.</doc>
<status status="PASS" start="2026-05-18T12:17:24.762503" elapsed="0.004601"/>
</kw>
<kw name="Build Project" owner="project_keywords">
<kw name="Invoke IDE Menu" owner="ide_keywords">
<kw name="Invoke Menu" owner="FlaUILib">
<arg>${menu_name}</arg>
<arg>${menu_item}</arg>
<arg>${submenu_item}</arg>
<doc>Invoke a top-level menu, optionally clicking a menu item and submenu.</doc>
<status status="NOT RUN" start="2026-05-18T12:17:24.767745" elapsed="0.000037"/>
</kw>
<kw name="Log" owner="BuiltIn">
<arg>Menu invoked: ${menu_name} &gt; ${menu_item} &gt; ${submenu_item}</arg>
<doc>Logs the given message with the given level.</doc>
<status status="NOT RUN" start="2026-05-18T12:17:24.767842" elapsed="0.000183"/>
</kw>
<arg>Build</arg>
<arg>Build Active Project</arg>
<doc>Clicks a top-level menu and optionally a menu/sub-menu item.</doc>
<status status="PASS" start="2026-05-18T12:17:24.767635" elapsed="0.000437"/>
</kw>
<kw name="Wait For Build To Complete" owner="FlaUILib">
<arg>${timeout}</arg>
<doc>Wait for the IDE build process to finish.</doc>
<status status="NOT RUN" start="2026-05-18T12:17:24.768145" elapsed="0.000041"/>
</kw>
<kw name="Log" owner="BuiltIn">
<arg>Project build complete</arg>
<doc>Logs the given message with the given level.</doc>
<status status="NOT RUN" start="2026-05-18T12:17:24.768236" elapsed="0.000092"/>
</kw>
<doc>Builds the active project (Build &gt; Build Active Project) and waits for completion.</doc>
<status status="PASS" start="2026-05-18T12:17:24.767474" elapsed="0.000876"/>
</kw>
<kw name="Log" owner="BuiltIn">
<arg>Project loaded and modified successfully: ${project_name}</arg>
<doc>Logs the given message with the given level.</doc>
<status status="NOT RUN" start="2026-05-18T12:17:24.768651" elapsed="0.000089"/>
</kw>
<doc>Creates a project, closes it, re-loads it, and adds a component.</doc>
<tag>load</tag>
<tag>modify</tag>
<tag>project-creation</tag>
<status status="PASS" start="2026-05-18T12:17:24.755912" elapsed="0.013659"/>
</test>
<kw name="Close Automation Studio" owner="ide_keywords" type="TEARDOWN">
<kw name="Close Application" owner="FlaUILib">
<arg>${save_changes}</arg>
<doc>Close the IDE application.</doc>
<status status="NOT RUN" start="2026-05-18T12:17:24.770264" elapsed="0.000038"/>
</kw>
<kw name="Log" owner="BuiltIn">
<arg>Automation Studio closed (save_changes=${save_changes})</arg>
<doc>Logs the given message with the given level.</doc>
<status status="NOT RUN" start="2026-05-18T12:17:24.770368" elapsed="0.000132"/>
</kw>
<arg>save_changes=False</arg>
<doc>Closes Automation Studio IDE.</doc>
<status status="PASS" start="2026-05-18T12:17:24.770120" elapsed="0.000410"/>
</kw>
<doc>Test cases for Automation Studio project creation and initialization.</doc>
<status status="PASS" start="2026-05-18T12:17:24.692724" elapsed="0.077828"/>
</suite>
<status status="PASS" start="2026-05-18T12:17:24.691763" elapsed="0.079488"/>
</suite>
<status status="PASS" start="2026-05-18T12:17:24.122708" elapsed="0.648894"/>
</suite>
<statistics>
<total>
<stat pass="16" fail="0" skip="0">All Tests</stat>
</total>
<tag>
<stat pass="2" fail="0" skip="0">automationruntime</stat>
<stat pass="1" fail="0" skip="0">cleanup</stat>
<stat pass="1" fail="0" skip="0">comprehensive</stat>
<stat pass="4" fail="0" skip="0">configuration</stat>
<stat pass="1" fail="0" skip="0">deployment</stat>
<stat pass="2" fail="0" skip="0">full-stack</stat>
<stat pass="6" fail="0" skip="0">integration</stat>
<stat pass="1" fail="0" skip="0">lifecycle</stat>
<stat pass="1" fail="0" skip="0">load</stat>
<stat pass="7" fail="0" skip="0">mappview</stat>
<stat pass="1" fail="0" skip="0">modify</stat>
<stat pass="3" fail="0" skip="0">opcua</stat>
<stat pass="4" fail="0" skip="0">project-creation</stat>
<stat pass="1" fail="0" skip="0">properties</stat>
<stat pass="1" fail="0" skip="0">regression</stat>
<stat pass="5" fail="0" skip="0">smoke</stat>
<stat pass="1" fail="0" skip="0">visualization</stat>
<stat pass="2" fail="0" skip="0">widgets</stat>
<stat pass="1" fail="0" skip="0">workflow</stat>
</tag>
<suite>
<stat name="Tests" id="s1" pass="16" fail="0" skip="0">Tests</stat>
<stat name="Automationruntime" id="s1-s1" pass="2" fail="0" skip="0">Tests.Automationruntime</stat>
<stat name="Automationruntime Tests" id="s1-s1-s1" pass="2" fail="0" skip="0">Tests.Automationruntime.Automationruntime Tests</stat>
<stat name="Integration" id="s1-s2" pass="3" fail="0" skip="0">Tests.Integration</stat>
<stat name="Integration Tests" id="s1-s2-s1" pass="3" fail="0" skip="0">Tests.Integration.Integration Tests</stat>
<stat name="Mappview" id="s1-s3" pass="4" fail="0" skip="0">Tests.Mappview</stat>
<stat name="Mappview Tests" id="s1-s3-s1" pass="4" fail="0" skip="0">Tests.Mappview.Mappview Tests</stat>
<stat name="Opcua" id="s1-s4" pass="3" fail="0" skip="0">Tests.Opcua</stat>
<stat name="Opcua Tests" id="s1-s4-s1" pass="3" fail="0" skip="0">Tests.Opcua.Opcua Tests</stat>
<stat name="Project Creation" id="s1-s5" pass="4" fail="0" skip="0">Tests.Project Creation</stat>
<stat name="Project Creation" id="s1-s5-s1" pass="4" fail="0" skip="0">Tests.Project Creation.Project Creation</stat>
</suite>
</statistics>
<errors>
</errors>
</robot>
