<?xml version="1.0" encoding="UTF-8"?>
<robot generator="Robot 7.4.2 (Python 3.14.3 on win32)" generated="2026-05-18T11:31:40.161159" rpa="false" schemaversion="5">
<suite id="s1" name="Tests" source="C:\Users\ATDIBRU\OneDrive - ABB\projects\ASW-UI-Tests\RobotTests\tests">
<suite id="s1-s1" name="Automationruntime" source="C:\Users\ATDIBRU\OneDrive - ABB\projects\ASW-UI-Tests\RobotTests\tests\automationruntime">
<suite id="s1-s1-s1" name="Automationruntime Tests" source="C:\Users\ATDIBRU\OneDrive - ABB\projects\ASW-UI-Tests\RobotTests\tests\automationruntime\automationruntime_tests.robot">
<test id="s1-s1-s1-t1" name="Initialise AutomationRuntime Component" line="9">
<kw name="Set Variable" owner="BuiltIn">
<var>${project_name}</var>
<arg>Runtime_Init</arg>
<doc>Returns the given values which can then be assigned to a variables.</doc>
<status status="NOT RUN" start="2026-05-18T11:31:40.427719" elapsed="0.000181"/>
</kw>
<kw name="Set Variable" owner="BuiltIn">
<var>${project_path}</var>
<arg>${PROJECT_TEMP_PATH}${project_name}</arg>
<doc>Returns the given values which can then be assigned to a variables.</doc>
<status status="NOT RUN" start="2026-05-18T11:31:40.428086" elapsed="0.000137"/>
</kw>
<kw name="Create New Project In Automation Studio" owner="project_keywords">
<kw name="Initialize Automation Studio" owner="ide_keywords">
<kw name="Initialize Automation Studio" owner="FlaUILib">
<arg>${AS_IDE_PATH}</arg>
<arg>${AS_DEFAULT_TIMEOUT}</arg>
<doc>Launch or attach to Automation Studio IDE.</doc>
<status status="NOT RUN" start="2026-05-18T11:31:40.428812" elapsed="0.000038"/>
</kw>
<kw name="Log" owner="BuiltIn">
<arg>Automation Studio initialised at: ${AS_IDE_PATH}</arg>
<doc>Logs the given message with the given level.</doc>
<status status="NOT RUN" start="2026-05-18T11:31:40.428910" elapsed="0.000100"/>
</kw>
<doc>Launches (or attaches to) Automation Studio IDE and waits until ready.</doc>
<status status="PASS" start="2026-05-18T11:31:40.428699" elapsed="0.000339"/>
</kw>
<kw name="Invoke IDE Menu" owner="ide_keywords">
<kw name="Invoke Menu" owner="FlaUILib">
<arg>${menu_name}</arg>
<arg>${menu_item}</arg>
<arg>${submenu_item}</arg>
<doc>Invoke a top-level menu, optionally clicking a menu item and submenu.</doc>
<status status="NOT RUN" start="2026-05-18T11:31:40.429232" elapsed="0.000034"/>
</kw>
<kw name="Log" owner="BuiltIn">
<arg>Menu invoked: ${menu_name} &gt; ${menu_item} &gt; ${submenu_item}</arg>
<doc>Logs the given message with the given level.</doc>
<status status="NOT RUN" start="2026-05-18T11:31:40.429316" elapsed="0.000077"/>
</kw>
<arg>File</arg>
<arg>New Project...</arg>
<doc>Clicks a top-level menu and optionally a menu/sub-menu item.</doc>
<status status="PASS" start="2026-05-18T11:31:40.429112" elapsed="0.000305"/>
</kw>
<kw name="Wait For Dialog" owner="FlaUILib">
<arg>New Project</arg>
<doc>Wait for a modal dialog with the given title to appear.</doc>
<status status="NOT RUN" start="2026-05-18T11:31:40.429469" elapsed="0.000023"/>
</kw>
<kw name="Type Into Dialog Field" owner="FlaUILib">
<arg>Name</arg>
<arg>${project_name}</arg>
<doc>Type text into a labeled dialog field.</doc>
<status status="NOT RUN" start="2026-05-18T11:31:40.429533" elapsed="0.000021"/>
</kw>
<kw name="Set Dialog Field Value" owner="FlaUILib">
<arg>Location</arg>
<arg>${project_path}</arg>
<doc>Set value in a labeled dialog field.</doc>
<status status="NOT RUN" start="2026-05-18T11:31:40.429597" elapsed="0.000022"/>
</kw>
<kw name="Select CPU In New Project Dialog" owner="project_keywords">
<kw name="Navigate To Tree Leaf" owner="ide_keywords">
<kw name="Activate Tree Leaf" owner="FlaUILib">
<arg>${tree_path}</arg>
<doc>Navigate and select a node in the project tree.</doc>
<status status="NOT RUN" start="2026-05-18T11:31:40.429876" elapsed="0.000026"/>
</kw>
<kw name="Log" owner="BuiltIn">
<arg>Navigated to tree path: ${tree_path}</arg>
<doc>Logs the given message with the given level.</doc>
<status status="NOT RUN" start="2026-05-18T11:31:40.429947" elapsed="0.000160"/>
</kw>
<arg>${cpu_type}</arg>
<doc>Clicks through a slash-separated path in the project tree.</doc>
<status status="PASS" start="2026-05-18T11:31:40.429793" elapsed="0.000358"/>
</kw>
<kw name="Log" owner="BuiltIn">
<arg>CPU selected: ${cpu_type}</arg>
<doc>Logs the given message with the given level.</doc>
<status status="NOT RUN" start="2026-05-18T11:31:40.430218" elapsed="0.000104"/>
</kw>
<arg>${cpu_type}</arg>
<doc>Selects the CPU type inside the New Project dialog.</doc>
<status status="PASS" start="2026-05-18T11:31:40.429684" elapsed="0.000661"/>
</kw>
<kw name="Click Dialog Button" owner="FlaUILib">
<arg>OK</arg>
<arg>New Project</arg>
<doc>Click a button in a modal dialog.</doc>
<status status="NOT RUN" start="2026-05-18T11:31:40.430401" elapsed="0.000057"/>
</kw>
<kw name="Wait Until IDE Is Ready" owner="ide_keywords">
<kw name="Wait For Idle" owner="FlaUILib">
<arg>${timeout}</arg>
<doc>Wait for the IDE to become idle.</doc>
<status status="NOT RUN" start="2026-05-18T11:31:40.430644" elapsed="0.000025"/>
</kw>
<kw name="Log" owner="BuiltIn">
<arg>IDE is ready (idle)</arg>
<doc>Logs the given message with the given level.</doc>
<status status="NOT RUN" start="2026-05-18T11:31:40.430714" elapsed="0.000081"/>
</kw>
<doc>Waits for the IDE to become idle (no busy indicator).</doc>
<status status="PASS" start="2026-05-18T11:31:40.430538" elapsed="0.000278"/>
</kw>
<kw name="Log" owner="BuiltIn">
<arg>Project "${project_name}" created at ${project_path}</arg>
<doc>Logs the given message with the given level.</doc>
<status status="NOT RUN" start="2026-05-18T11:31:40.430860" elapsed="0.000069"/>
</kw>
<arg>${project_name}</arg>
<arg>${project_path}</arg>
<doc>Creates a new Automation Studio project.
Opens File &gt; New Project, fills in name and location, selects CPU, confirms.</doc>
<status status="PASS" start="2026-05-18T11:31:40.428452" elapsed="0.002497"/>
</kw>
<kw name="Initialize AutomationRuntime Component" owner="component_keywords">
<kw name="Add Software Component" owner="project_keywords">
<kw name="Switch To Logical View" owner="project_keywords">
<kw name="Navigate To Tree Leaf" owner="ide_keywords">
<kw name="Activate Tree Leaf" owner="FlaUILib">
<arg>${tree_path}</arg>
<doc>Navigate and select a node in the project tree.</doc>
<status status="NOT RUN" start="2026-05-18T11:31:40.431703" elapsed="0.000029"/>
</kw>
<kw name="Log" owner="BuiltIn">
<arg>Navigated to tree path: ${tree_path}</arg>
<doc>Logs the given message with the given level.</doc>
<status status="NOT RUN" start="2026-05-18T11:31:40.431782" elapsed="0.000090"/>
</kw>
<arg>Logical View</arg>
<doc>Clicks through a slash-separated path in the project tree.</doc>
<status status="PASS" start="2026-05-18T11:31:40.431618" elapsed="0.000288"/>
</kw>
<kw name="Log" owner="BuiltIn">
<arg>Switched to Logical View</arg>
<doc>Logs the given message with the given level.</doc>
<status status="NOT RUN" start="2026-05-18T11:31:40.431953" elapsed="0.000082"/>
</kw>
<doc>Switches the project tree to Logical View.</doc>
<status status="PASS" start="2026-05-18T11:31:40.431515" elapsed="0.000540"/>
</kw>
<kw name="Open Context Menu For Element" owner="ide_keywords">
<kw name="Open Context Menu" owner="FlaUILib">
<arg>${element_name}</arg>
<arg>${search_by}</arg>
<doc>Right-click an element to open its context menu.</doc>
<status status="NOT RUN" start="2026-05-18T11:31:40.432205" elapsed="0.000029"/>
</kw>
<kw name="Log" owner="BuiltIn">
<arg>Context menu opened for: ${element_name}</arg>
<doc>Logs the given message with the given level.</doc>
<status status="NOT RUN" start="2026-05-18T11:31:40.432279" elapsed="0.000070"/>
</kw>
<arg>Logical</arg>
<doc>Right-clicks a UI element to open its context menu.</doc>
<status status="PASS" start="2026-05-18T11:31:40.432120" elapsed="0.000249"/>
</kw>
<kw name="Select Context Menu Item" owner="ide_keywords">
<kw name="Select From Context Menu" owner="FlaUILib">
<arg>${menu_item}</arg>
<arg>${submenu_item}</arg>
<doc>Click an item in the currently visible context menu.</doc>
<status status="NOT RUN" start="2026-05-18T11:31:40.432524" elapsed="0.000031"/>
</kw>
<kw name="Log" owner="BuiltIn">
<arg>Context menu item selected: ${menu_item}</arg>
<doc>Logs the given message with the given level.</doc>
<status status="NOT RUN" start="2026-05-18T11:31:40.432616" elapsed="0.000079"/>
</kw>
<arg>Add Object</arg>
<doc>Clicks an item (and optional sub-item) in the visible context menu.</doc>
<status status="PASS" start="2026-05-18T11:31:40.432432" elapsed="0.000283"/>
</kw>
<kw name="Wait For Dialog" owner="FlaUILib">
<arg>Add Object</arg>
<doc>Wait for a modal dialog with the given title to appear.</doc>
<status status="NOT RUN" start="2026-05-18T11:31:40.432758" elapsed="0.000023"/>
</kw>
<kw name="Navigate To Tree Leaf" owner="ide_keywords">
<kw name="Activate Tree Leaf" owner="FlaUILib">
<arg>${tree_path}</arg>
<doc>Navigate and select a node in the project tree.</doc>
<status status="NOT RUN" start="2026-05-18T11:31:40.433022" elapsed="0.000045"/>
</kw>
<kw name="Log" owner="BuiltIn">
<arg>Navigated to tree path: ${tree_path}</arg>
<doc>Logs the given message with the given level.</doc>
<status status="NOT RUN" start="2026-05-18T11:31:40.433124" elapsed="0.000091"/>
</kw>
<arg>${component_name}</arg>
<doc>Clicks through a slash-separated path in the project tree.</doc>
<status status="PASS" start="2026-05-18T11:31:40.432839" elapsed="0.000405"/>
</kw>
<kw name="Click Dialog Button" owner="FlaUILib">
<arg>OK</arg>
<doc>Click a button in a modal dialog.</doc>
<status status="NOT RUN" start="2026-05-18T11:31:40.433290" elapsed="0.000034"/>
</kw>
<kw name="Wait Until IDE Is Ready" owner="ide_keywords">
<kw name="Wait For Idle" owner="FlaUILib">
<arg>${timeout}</arg>
<doc>Wait for the IDE to become idle.</doc>
<status status="NOT RUN" start="2026-05-18T11:31:40.433510" elapsed="0.000029"/>
</kw>
<kw name="Log" owner="BuiltIn">
<arg>IDE is ready (idle)</arg>
<doc>Logs the given message with the given level.</doc>
<status status="NOT RUN" start="2026-05-18T11:31:40.433584" elapsed="0.000080"/>
</kw>
<doc>Waits for the IDE to become idle (no busy indicator).</doc>
<status status="PASS" start="2026-05-18T11:31:40.433401" elapsed="0.000285"/>
</kw>
<kw name="Log" owner="BuiltIn">
<arg>Component added: ${component_name}</arg>
<doc>Logs the given message with the given level.</doc>
<status status="NOT RUN" start="2026-05-18T11:31:40.433726" elapsed="0.000070"/>
</kw>
<arg>AutomationRuntime</arg>
<doc>Adds a software component to the project via the Logical View context menu.</doc>
<status status="PASS" start="2026-05-18T11:31:40.431418" elapsed="0.002397"/>
</kw>
<kw name="Navigate To AutomationRuntime Settings" owner="component_keywords">
<kw name="Switch To Logical View" owner="project_keywords">
<kw name="Navigate To Tree Leaf" owner="ide_keywords">
<kw name="Activate Tree Leaf" owner="FlaUILib">
<arg>${tree_path}</arg>
<doc>Navigate and select a node in the project tree.</doc>
<status status="NOT RUN" start="2026-05-18T11:31:40.434155" elapsed="0.000025"/>
</kw>
<kw name="Log" owner="BuiltIn">
<arg>Navigated to tree path: ${tree_path}</arg>
<doc>Logs the given message with the given level.</doc>
<status status="NOT RUN" start="2026-05-18T11:31:40.434223" elapsed="0.000070"/>
</kw>
<arg>Logical View</arg>
<doc>Clicks through a slash-separated path in the project tree.</doc>
<status status="PASS" start="2026-05-18T11:31:40.434075" elapsed="0.000239"/>
</kw>
<kw name="Log" owner="BuiltIn">
<arg>Switched to Logical View</arg>
<doc>Logs the given message with the given level.</doc>
<status status="NOT RUN" start="2026-05-18T11:31:40.434355" elapsed="0.000069"/>
</kw>
<doc>Switches the project tree to Logical View.</doc>
<status status="PASS" start="2026-05-18T11:31:40.433978" elapsed="0.000465"/>
</kw>
<kw name="Navigate To Tree Leaf" owner="ide_keywords">
<kw name="Activate Tree Leaf" owner="FlaUILib">
<arg>${tree_path}</arg>
<doc>Navigate and select a node in the project tree.</doc>
<status status="NOT RUN" start="2026-05-18T11:31:40.434586" elapsed="0.000024"/>
</kw>
<kw name="Log" owner="BuiltIn">
<arg>Navigated to tree path: ${tree_path}</arg>
<doc>Logs the given message with the given level.</doc>
<status status="NOT RUN" start="2026-05-18T11:31:40.434653" elapsed="0.000077"/>
</kw>
<arg>AutomationRuntime</arg>
<doc>Clicks through a slash-separated path in the project tree.</doc>
<status status="PASS" start="2026-05-18T11:31:40.434503" elapsed="0.000247"/>
</kw>
<doc>Navigates to the AutomationRuntime node in the Logical View.</doc>
<status status="PASS" start="2026-05-18T11:31:40.433876" elapsed="0.000890"/>
</kw>
<kw name="Set IDE Property" owner="ide_keywords">
<kw name="Set Property Value" owner="FlaUILib">
<arg>${property_name}</arg>
<arg>${value}</arg>
<doc>Set a property in the IDE property panel.</doc>
<status status="NOT RUN" start="2026-05-18T11:31:40.434920" elapsed="0.000021"/>
</kw>
<kw name="Log" owner="BuiltIn">
<arg>Property set: ${property_name} = ${value}</arg>
<doc>Logs the given message with the given level.</doc>
<status status="NOT RUN" start="2026-05-18T11:31:40.434983" elapsed="0.000088"/>
</kw>
<arg>Version</arg>
<arg>${min_version}</arg>
<doc>Sets a value in the IDE property panel.</doc>
<status status="PASS" start="2026-05-18T11:31:40.434823" elapsed="0.000267"/>
</kw>
<kw name="Log" owner="BuiltIn">
<arg>AutomationRuntime component initialised (v${min_version})</arg>
<doc>Logs the given message with the given level.</doc>
<status status="NOT RUN" start="2026-05-18T11:31:40.435130" elapsed="0.000063"/>
</kw>
<arg>${AUTOMATIONRUNTIME_MIN_VERSION}</arg>
<doc>Adds and configures the AutomationRuntime component.</doc>
<status status="PASS" start="2026-05-18T11:31:40.431290" elapsed="0.003921"/>
</kw>
<kw name="Build Project" owner="project_keywords">
<kw name="Invoke IDE Menu" owner="ide_keywords">
<kw name="Invoke Menu" owner="FlaUILib">
<arg>${menu_name}</arg>
<arg>${menu_item}</arg>
<arg>${submenu_item}</arg>
<doc>Invoke a top-level menu, optionally clicking a menu item and submenu.</doc>
<status status="NOT RUN" start="2026-05-18T11:31:40.435887" elapsed="0.000036"/>
</kw>
<kw name="Log" owner="BuiltIn">
<arg>Menu invoked: ${menu_name} &gt; ${menu_item} &gt; ${submenu_item}</arg>
<doc>Logs the given message with the given level.</doc>
<status status="NOT RUN" start="2026-05-18T11:31:40.435975" elapsed="0.000088"/>
</kw>
<arg>Build</arg>
<arg>Build Active Project</arg>
<doc>Clicks a top-level menu and optionally a menu/sub-menu item.</doc>
<status status="PASS" start="2026-05-18T11:31:40.435776" elapsed="0.000312"/>
</kw>
<kw name="Wait For Build To Complete" owner="FlaUILib">
<arg>${timeout}</arg>
<doc>Wait for the IDE build process to finish.</doc>
<status status="NOT RUN" start="2026-05-18T11:31:40.436133" elapsed="0.000026"/>
</kw>
<kw name="Log" owner="BuiltIn">
<arg>Project build complete</arg>
<doc>Logs the given message with the given level.</doc>
<status status="NOT RUN" start="2026-05-18T11:31:40.436204" elapsed="0.000076"/>
</kw>
<doc>Builds the active project (Build &gt; Build Active Project) and waits for completion.</doc>
<status status="PASS" start="2026-05-18T11:31:40.435648" elapsed="0.000652"/>
</kw>
<kw name="Log" owner="BuiltIn">
<arg>AutomationRuntime component initialised (v${AUTOMATIONRUNTIME_MIN_VERSION})</arg>
<doc>Logs the given message with the given level.</doc>
<status status="NOT RUN" start="2026-05-18T11:31:40.436563" elapsed="0.000109"/>
</kw>
<doc>Creates a project, adds AutomationRuntime, and builds.</doc>
<tag>automationruntime</tag>
<tag>configuration</tag>
<tag>smoke</tag>
<status status="PASS" start="2026-05-18T11:31:40.427022" elapsed="0.009846"/>
</test>
<test id="s1-s1-s1-t2" name="AutomationRuntime With MappView" line="20">
<kw name="Set Variable" owner="BuiltIn">
<var>${project_name}</var>
<arg>Runtime_MappView</arg>
<doc>Returns the given values which can then be assigned to a variables.</doc>
<status status="NOT RUN" start="2026-05-18T11:31:40.437673" elapsed="0.000141"/>
</kw>
<kw name="Set Variable" owner="BuiltIn">
<var>${project_path}</var>
<arg>${PROJECT_TEMP_PATH}${project_name}</arg>
<doc>Returns the given values which can then be assigned to a variables.</doc>
<status status="NOT RUN" start="2026-05-18T11:31:40.438153" elapsed="0.000109"/>
</kw>
<kw name="Create New Project In Automation Studio" owner="project_keywords">
<kw name="Initialize Automation Studio" owner="ide_keywords">
<kw name="Initialize Automation Studio" owner="FlaUILib">
<arg>${AS_IDE_PATH}</arg>
<arg>${AS_DEFAULT_TIMEOUT}</arg>
<doc>Launch or attach to Automation Studio IDE.</doc>
<status status="NOT RUN" start="2026-05-18T11:31:40.438929" elapsed="0.000037"/>
</kw>
<kw name="Log" owner="BuiltIn">
<arg>Automation Studio initialised at: ${AS_IDE_PATH}</arg>
<doc>Logs the given message with the given level.</doc>
<status status="NOT RUN" start="2026-05-18T11:31:40.439021" elapsed="0.000098"/>
</kw>
<doc>Launches (or attaches to) Automation Studio IDE and waits until ready.</doc>
<status status="PASS" start="2026-05-18T11:31:40.438827" elapsed="0.000320"/>
</kw>
<kw name="Invoke IDE Menu" owner="ide_keywords">
<kw name="Invoke Menu" owner="FlaUILib">
<arg>${menu_name}</arg>
<arg>${menu_item}</arg>
<arg>${submenu_item}</arg>
<doc>Invoke a top-level menu, optionally clicking a menu item and submenu.</doc>
<status status="NOT RUN" start="2026-05-18T11:31:40.439337" elapsed="0.000036"/>
</kw>
<kw name="Log" owner="BuiltIn">
<arg>Menu invoked: ${menu_name} &gt; ${menu_item} &gt; ${submenu_item}</arg>
<doc>Logs the given message with the given level.</doc>
<status status="NOT RUN" start="2026-05-18T11:31:40.439426" elapsed="0.000089"/>
</kw>
<arg>File</arg>
<arg>New Project...</arg>
<doc>Clicks a top-level menu and optionally a menu/sub-menu item.</doc>
<status status="PASS" start="2026-05-18T11:31:40.439219" elapsed="0.000320"/>
</kw>
<kw name="Wait For Dialog" owner="FlaUILib">
<arg>New Project</arg>
<doc>Wait for a modal dialog with the given title to appear.</doc>
<status status="NOT RUN" start="2026-05-18T11:31:40.439586" elapsed="0.000022"/>
</kw>
<kw name="Type Into Dialog Field" owner="FlaUILib">
<arg>Name</arg>
<arg>${project_name}</arg>
<doc>Type text into a labeled dialog field.</doc>
<status status="NOT RUN" start="2026-05-18T11:31:40.439648" elapsed="0.000019"/>
</kw>
<kw name="Set Dialog Field Value" owner="FlaUILib">
<arg>Location</arg>
<arg>${project_path}</arg>
<doc>Set value in a labeled dialog field.</doc>
<status status="NOT RUN" start="2026-05-18T11:31:40.439706" elapsed="0.000019"/>
</kw>
<kw name="Select CPU In New Project Dialog" owner="project_keywords">
<kw name="Navigate To Tree Leaf" owner="ide_keywords">
<kw name="Activate Tree Leaf" owner="FlaUILib">
<arg>${tree_path}</arg>
<doc>Navigate and select a node in the project tree.</doc>
<status status="NOT RUN" start="2026-05-18T11:31:40.439977" elapsed="0.000026"/>
</kw>
<kw name="Log" owner="BuiltIn">
<arg>Navigated to tree path: ${tree_path}</arg>
<doc>Logs the given message with the given level.</doc>
<status status="NOT RUN" start="2026-05-18T11:31:40.440052" elapsed="0.000082"/>
</kw>
<arg>${cpu_type}</arg>
<doc>Clicks through a slash-separated path in the project tree.</doc>
<status status="PASS" start="2026-05-18T11:31:40.439893" elapsed="0.000263"/>
</kw>
<kw name="Log" owner="BuiltIn">
<arg>CPU selected: ${cpu_type}</arg>
<doc>Logs the given message with the given level.</doc>
<status status="NOT RUN" start="2026-05-18T11:31:40.440201" elapsed="0.000066"/>
</kw>
<arg>${cpu_type}</arg>
<doc>Selects the CPU type inside the New Project dialog.</doc>
<status status="PASS" start="2026-05-18T11:31:40.439791" elapsed="0.000504"/>
</kw>
<kw name="Click Dialog Button" owner="FlaUILib">
<arg>OK</arg>
<arg>New Project</arg>
<doc>Click a button in a modal dialog.</doc>
<status status="NOT RUN" start="2026-05-18T11:31:40.440337" elapsed="0.000046"/>
</kw>
<kw name="Wait Until IDE Is Ready" owner="ide_keywords">
<kw name="Wait For Idle" owner="FlaUILib">
<arg>${timeout}</arg>
<doc>Wait for the IDE to become idle.</doc>
<status status="NOT RUN" start="2026-05-18T11:31:40.440532" elapsed="0.000026"/>
</kw>
<kw name="Log" owner="BuiltIn">
<arg>IDE is ready (idle)</arg>
<doc>Logs the given message with the given level.</doc>
<status status="NOT RUN" start="2026-05-18T11:31:40.440603" elapsed="0.000074"/>
</kw>
<doc>Waits for the IDE to become idle (no busy indicator).</doc>
<status status="PASS" start="2026-05-18T11:31:40.440447" elapsed="0.000252"/>
</kw>
<kw name="Log" owner="BuiltIn">
<arg>Project "${project_name}" created at ${project_path}</arg>
<doc>Logs the given message with the given level.</doc>
<status status="NOT RUN" start="2026-05-18T11:31:40.440737" elapsed="0.000064"/>
</kw>
<arg>${project_name}</arg>
<arg>${project_path}</arg>
<doc>Creates a new Automation Studio project.
Opens File &gt; New Project, fills in name and location, selects CPU, confirms.</doc>
<status status="PASS" start="2026-05-18T11:31:40.438672" elapsed="0.002149"/>
</kw>
<kw name="Initialize AutomationRuntime Component" owner="component_keywords">
<kw name="Add Software Component" owner="project_keywords">
<kw name="Switch To Logical View" owner="project_keywords">
<kw name="Navigate To Tree Leaf" owner="ide_keywords">
<kw name="Activate Tree Leaf" owner="FlaUILib">
<arg>${tree_path}</arg>
<doc>Navigate and select a node in the project tree.</doc>
<status status="NOT RUN" start="2026-05-18T11:31:40.441671" elapsed="0.000032"/>
</kw>
<kw name="Log" owner="BuiltIn">
<arg>Navigated to tree path: ${tree_path}</arg>
<doc>Logs the given message with the given level.</doc>
<status status="NOT RUN" start="2026-05-18T11:31:40.441754" elapsed="0.000085"/>
</kw>
<arg>Logical View</arg>
<doc>Clicks through a slash-separated path in the project tree.</doc>
<status status="PASS" start="2026-05-18T11:31:40.441571" elapsed="0.000291"/>
</kw>
<kw name="Log" owner="BuiltIn">
<arg>Switched to Logical View</arg>
<doc>Logs the given message with the given level.</doc>
<status status="NOT RUN" start="2026-05-18T11:31:40.441907" elapsed="0.000072"/>
</kw>
<doc>Switches the project tree to Logical View.</doc>
<status status="PASS" start="2026-05-18T11:31:40.441478" elapsed="0.000521"/>
</kw>
<kw name="Open Context Menu For Element" owner="ide_keywords">
<kw name="Open Context Menu" owner="FlaUILib">
<arg>${element_name}</arg>
<arg>${search_by}</arg>
<doc>Right-click an element to open its context menu.</doc>
<status status="NOT RUN" start="2026-05-18T11:31:40.442154" elapsed="0.000033"/>
</kw>
<kw name="Log" owner="BuiltIn">
<arg>Context menu opened for: ${element_name}</arg>
<doc>Logs the given message with the given level.</doc>
<status status="NOT RUN" start="2026-05-18T11:31:40.442240" elapsed="0.000076"/>
</kw>
<arg>Logical</arg>
<doc>Right-clicks a UI element to open its context menu.</doc>
<status status="PASS" start="2026-05-18T11:31:40.442061" elapsed="0.000275"/>
</kw>
<kw name="Select Context Menu Item" owner="ide_keywords">
<kw name="Select From Context Menu" owner="FlaUILib">
<arg>${menu_item}</arg>
<arg>${submenu_item}</arg>
<doc>Click an item in the currently visible context menu.</doc>
<status status="NOT RUN" start="2026-05-18T11:31:40.442482" elapsed="0.000029"/>
</kw>
<kw name="Log" owner="BuiltIn">
<arg>Context menu item selected: ${menu_item}</arg>
<doc>Logs the given message with the given level.</doc>
<status status="NOT RUN" start="2026-05-18T11:31:40.442557" elapsed="0.000070"/>
</kw>
<arg>Add Object</arg>
<doc>Clicks an item (and optional sub-item) in the visible context menu.</doc>
<status status="PASS" start="2026-05-18T11:31:40.442395" elapsed="0.000251"/>
</kw>
<kw name="Wait For Dialog" owner="FlaUILib">
<arg>Add Object</arg>
<doc>Wait for a modal dialog with the given title to appear.</doc>
<status status="NOT RUN" start="2026-05-18T11:31:40.442686" elapsed="0.000021"/>
</kw>
<kw name="Navigate To Tree Leaf" owner="ide_keywords">
<kw name="Activate Tree Leaf" owner="FlaUILib">
<arg>${tree_path}</arg>
<doc>Navigate and select a node in the project tree.</doc>
<status status="NOT RUN" start="2026-05-18T11:31:40.442915" elapsed="0.000047"/>
</kw>
<kw name="Log" owner="BuiltIn">
<arg>Navigated to tree path: ${tree_path}</arg>
<doc>Logs the given message with the given level.</doc>
<status status="NOT RUN" start="2026-05-18T11:31:40.443037" elapsed="0.000086"/>
</kw>
<arg>${component_name}</arg>
<doc>Clicks through a slash-separated path in the project tree.</doc>
<status status="PASS" start="2026-05-18T11:31:40.442764" elapsed="0.000383"/>
</kw>
<kw name="Click Dialog Button" owner="FlaUILib">
<arg>OK</arg>
<doc>Click a button in a modal dialog.</doc>
<status status="NOT RUN" start="2026-05-18T11:31:40.443195" elapsed="0.000030"/>
</kw>
<kw name="Wait Until IDE Is Ready" owner="ide_keywords">
<kw name="Wait For Idle" owner="FlaUILib">
<arg>${timeout}</arg>
<doc>Wait for the IDE to become idle.</doc>
<status status="NOT RUN" start="2026-05-18T11:31:40.443382" elapsed="0.000025"/>
</kw>
<kw name="Log" owner="BuiltIn">
<arg>IDE is ready (idle)</arg>
<doc>Logs the given message with the given level.</doc>
<status status="NOT RUN" start="2026-05-18T11:31:40.443454" elapsed="0.000076"/>
</kw>
<doc>Waits for the IDE to become idle (no busy indicator).</doc>
<status status="PASS" start="2026-05-18T11:31:40.443291" elapsed="0.000260"/>
</kw>
<kw name="Log" owner="BuiltIn">
<arg>Component added: ${component_name}</arg>
<doc>Logs the given message with the given level.</doc>
<status status="NOT RUN" start="2026-05-18T11:31:40.443595" elapsed="0.000075"/>
</kw>
<arg>AutomationRuntime</arg>
<doc>Adds a software component to the project via the Logical View context menu.</doc>
<status status="PASS" start="2026-05-18T11:31:40.441372" elapsed="0.002318"/>
</kw>
<kw name="Navigate To AutomationRuntime Settings" owner="component_keywords">
<kw name="Switch To Logical View" owner="project_keywords">
<kw name="Navigate To Tree Leaf" owner="ide_keywords">
<kw name="Activate Tree Leaf" owner="FlaUILib">
<arg>${tree_path}</arg>
<doc>Navigate and select a node in the project tree.</doc>
<status status="NOT RUN" start="2026-05-18T11:31:40.444021" elapsed="0.000029"/>
</kw>
<kw name="Log" owner="BuiltIn">
<arg>Navigated to tree path: ${tree_path}</arg>
<doc>Logs the given message with the given level.</doc>
<status status="NOT RUN" start="2026-05-18T11:31:40.444093" elapsed="0.000070"/>
</kw>
<arg>Logical View</arg>
<doc>Clicks through a slash-separated path in the project tree.</doc>
<status status="PASS" start="2026-05-18T11:31:40.443938" elapsed="0.000244"/>
</kw>
<kw name="Log" owner="BuiltIn">
<arg>Switched to Logical View</arg>
<doc>Logs the given message with the given level.</doc>
<status status="NOT RUN" start="2026-05-18T11:31:40.444223" elapsed="0.000064"/>
</kw>
<doc>Switches the project tree to Logical View.</doc>
<status status="PASS" start="2026-05-18T11:31:40.443850" elapsed="0.000455"/>
</kw>
<kw name="Navigate To Tree Leaf" owner="ide_keywords">
<kw name="Activate Tree Leaf" owner="FlaUILib">
<arg>${tree_path}</arg>
<doc>Navigate and select a node in the project tree.</doc>
<status status="NOT RUN" start="2026-05-18T11:31:40.444444" elapsed="0.000026"/>
</kw>
<kw name="Log" owner="BuiltIn">
<arg>Navigated to tree path: ${tree_path}</arg>
<doc>Logs the given message with the given level.</doc>
<status status="NOT RUN" start="2026-05-18T11:31:40.444515" elapsed="0.000075"/>
</kw>
<arg>AutomationRuntime</arg>
<doc>Clicks through a slash-separated path in the project tree.</doc>
<status status="PASS" start="2026-05-18T11:31:40.444361" elapsed="0.000256"/>
</kw>
<doc>Navigates to the AutomationRuntime node in the Logical View.</doc>
<status status="PASS" start="2026-05-18T11:31:40.443752" elapsed="0.000883"/>
</kw>
<kw name="Set IDE Property" owner="ide_keywords">
<kw name="Set Property Value" owner="FlaUILib">
<arg>${property_name}</arg>
<arg>${value}</arg>
<doc>Set a property in the IDE property panel.</doc>
<status status="NOT RUN" start="2026-05-18T11:31:40.444771" elapsed="0.000021"/>
</kw>
<kw name="Log" owner="BuiltIn">
<arg>Property set: ${property_name} = ${value}</arg>
<doc>Logs the given message with the given level.</doc>
<status status="NOT RUN" start="2026-05-18T11:31:40.444835" elapsed="0.000084"/>
</kw>
<arg>Version</arg>
<arg>${min_version}</arg>
<doc>Sets a value in the IDE property panel.</doc>
<status status="PASS" start="2026-05-18T11:31:40.444690" elapsed="0.000248"/>
</kw>
<kw name="Log" owner="BuiltIn">
<arg>AutomationRuntime component initialised (v${min_version})</arg>
<doc>Logs the given message with the given level.</doc>
<status status="NOT RUN" start="2026-05-18T11:31:40.444980" elapsed="0.000067"/>
</kw>
<doc>Adds and configures the AutomationRuntime component.</doc>
<status status="PASS" start="2026-05-18T11:31:40.441228" elapsed="0.003839"/>
</kw>
<kw name="Initialize MappView Component" owner="component_keywords">
<kw name="Add Software Component" owner="project_keywords">
<kw name="Switch To Logical View" owner="project_keywords">
<kw name="Navigate To Tree Leaf" owner="ide_keywords">
<kw name="Activate Tree Leaf" owner="FlaUILib">
<arg>${tree_path}</arg>
<doc>Navigate and select a node in the project tree.</doc>
<status status="NOT RUN" start="2026-05-18T11:31:40.446092" elapsed="0.000042"/>
</kw>
<kw name="Log" owner="BuiltIn">
<arg>Navigated to tree path: ${tree_path}</arg>
<doc>Logs the given message with the given level.</doc>
<status status="NOT RUN" start="2026-05-18T11:31:40.446192" elapsed="0.000086"/>
</kw>
<arg>Logical View</arg>
<doc>Clicks through a slash-separated path in the project tree.</doc>
<status status="PASS" start="2026-05-18T11:31:40.445830" elapsed="0.000470"/>
</kw>
<kw name="Log" owner="BuiltIn">
<arg>Switched to Logical View</arg>
<doc>Logs the given message with the given level.</doc>
<status status="NOT RUN" start="2026-05-18T11:31:40.446344" elapsed="0.000074"/>
</kw>
<doc>Switches the project tree to Logical View.</doc>
<status status="PASS" start="2026-05-18T11:31:40.445735" elapsed="0.000703"/>
</kw>
<kw name="Open Context Menu For Element" owner="ide_keywords">
<kw name="Open Context Menu" owner="FlaUILib">
<arg>${element_name}</arg>
<arg>${search_by}</arg>
<doc>Right-click an element to open its context menu.</doc>
<status status="NOT RUN" start="2026-05-18T11:31:40.446601" elapsed="0.000029"/>
</kw>
<kw name="Log" owner="BuiltIn">
<arg>Context menu opened for: ${element_name}</arg>
<doc>Logs the given message with the given level.</doc>
<status status="NOT RUN" start="2026-05-18T11:31:40.446674" elapsed="0.000077"/>
</kw>
<arg>Logical</arg>
<doc>Right-clicks a UI element to open its context menu.</doc>
<status status="PASS" start="2026-05-18T11:31:40.446506" elapsed="0.000265"/>
</kw>
<kw name="Select Context Menu Item" owner="ide_keywords">
<kw name="Select From Context Menu" owner="FlaUILib">
<arg>${menu_item}</arg>
<arg>${submenu_item}</arg>
<doc>Click an item in the currently visible context menu.</doc>
<status status="NOT RUN" start="2026-05-18T11:31:40.446915" elapsed="0.000028"/>
</kw>
<kw name="Log" owner="BuiltIn">
<arg>Context menu item selected: ${menu_item}</arg>
<doc>Logs the given message with the given level.</doc>
<status status="NOT RUN" start="2026-05-18T11:31:40.446987" elapsed="0.000068"/>
</kw>
<arg>Add Object</arg>
<doc>Clicks an item (and optional sub-item) in the visible context menu.</doc>
<status status="PASS" start="2026-05-18T11:31:40.446831" elapsed="0.000243"/>
</kw>
<kw name="Wait For Dialog" owner="FlaUILib">
<arg>Add Object</arg>
<doc>Wait for a modal dialog with the given title to appear.</doc>
<status status="NOT RUN" start="2026-05-18T11:31:40.447113" elapsed="0.000021"/>
</kw>
<kw name="Navigate To Tree Leaf" owner="ide_keywords">
<kw name="Activate Tree Leaf" owner="FlaUILib">
<arg>${tree_path}</arg>
<doc>Navigate and select a node in the project tree.</doc>
<status status="NOT RUN" start="2026-05-18T11:31:40.447279" elapsed="0.000025"/>
</kw>
<kw name="Log" owner="BuiltIn">
<arg>Navigated to tree path: ${tree_path}</arg>
<doc>Logs the given message with the given level.</doc>
<status status="NOT RUN" start="2026-05-18T11:31:40.447350" elapsed="0.000090"/>
</kw>
<arg>${component_name}</arg>
<doc>Clicks through a slash-separated path in the project tree.</doc>
<status status="PASS" start="2026-05-18T11:31:40.447191" elapsed="0.000271"/>
</kw>
<kw name="Click Dialog Button" owner="FlaUILib">
<arg>OK</arg>
<doc>Click a button in a modal dialog.</doc>
<status status="NOT RUN" start="2026-05-18T11:31:40.447505" elapsed="0.000029"/>
</kw>
<kw name="Wait Until IDE Is Ready" owner="ide_keywords">
<kw name="Wait For Idle" owner="FlaUILib">
<arg>${timeout}</arg>
<doc>Wait for the IDE to become idle.</doc>
<status status="NOT RUN" start="2026-05-18T11:31:40.447711" elapsed="0.000060"/>
</kw>
<kw name="Log" owner="BuiltIn">
<arg>IDE is ready (idle)</arg>
<doc>Logs the given message with the given level.</doc>
<status status="NOT RUN" start="2026-05-18T11:31:40.447828" elapsed="0.000087"/>
</kw>
<doc>Waits for the IDE to become idle (no busy indicator).</doc>
<status status="PASS" start="2026-05-18T11:31:40.447600" elapsed="0.000337"/>
</kw>
<kw name="Log" owner="BuiltIn">
<arg>Component added: ${component_name}</arg>
<doc>Logs the given message with the given level.</doc>
<status status="NOT RUN" start="2026-05-18T11:31:40.447982" elapsed="0.000069"/>
</kw>
<arg>mappView</arg>
<doc>Adds a software component to the project via the Logical View context menu.</doc>
<status status="PASS" start="2026-05-18T11:31:40.445631" elapsed="0.002439"/>
</kw>
<kw name="Navigate To MappView Settings" owner="component_keywords">
<kw name="Switch To Logical View" owner="project_keywords">
<kw name="Navigate To Tree Leaf" owner="ide_keywords">
<kw name="Activate Tree Leaf" owner="FlaUILib">
<arg>${tree_path}</arg>
<doc>Navigate and select a node in the project tree.</doc>
<status status="NOT RUN" start="2026-05-18T11:31:40.448452" elapsed="0.000027"/>
</kw>
<kw name="Log" owner="BuiltIn">
<arg>Navigated to tree path: ${tree_path}</arg>
<doc>Logs the given message with the given level.</doc>
<status status="NOT RUN" start="2026-05-18T11:31:40.448527" elapsed="0.000080"/>
</kw>
<arg>Logical View</arg>
<doc>Clicks through a slash-separated path in the project tree.</doc>
<status status="PASS" start="2026-05-18T11:31:40.448362" elapsed="0.000270"/>
</kw>
<kw name="Log" owner="BuiltIn">
<arg>Switched to Logical View</arg>
<doc>Logs the given message with the given level.</doc>
<status status="NOT RUN" start="2026-05-18T11:31:40.448673" elapsed="0.000070"/>
</kw>
<doc>Switches the project tree to Logical View.</doc>
<status status="PASS" start="2026-05-18T11:31:40.448249" elapsed="0.000514"/>
</kw>
<kw name="Navigate To Tree Leaf" owner="ide_keywords">
<kw name="Activate Tree Leaf" owner="FlaUILib">
<arg>${tree_path}</arg>
<doc>Navigate and select a node in the project tree.</doc>
<status status="NOT RUN" start="2026-05-18T11:31:40.448929" elapsed="0.000024"/>
</kw>
<kw name="Log" owner="BuiltIn">
<arg>Navigated to tree path: ${tree_path}</arg>
<doc>Logs the given message with the given level.</doc>
<status status="NOT RUN" start="2026-05-18T11:31:40.448994" elapsed="0.000068"/>
</kw>
<arg>mappView</arg>
<doc>Clicks through a slash-separated path in the project tree.</doc>
<status status="PASS" start="2026-05-18T11:31:40.448831" elapsed="0.000250"/>
</kw>
<doc>Navigates to the mappView node in the Logical View.</doc>
<status status="PASS" start="2026-05-18T11:31:40.448136" elapsed="0.000960"/>
</kw>
<kw name="Set IDE Property" owner="ide_keywords">
<kw name="Set Property Value" owner="FlaUILib">
<arg>${property_name}</arg>
<arg>${value}</arg>
<doc>Set a property in the IDE property panel.</doc>
<status status="NOT RUN" start="2026-05-18T11:31:40.449225" elapsed="0.000021"/>
</kw>
<kw name="Log" owner="BuiltIn">
<arg>Property set: ${property_name} = ${value}</arg>
<doc>Logs the given message with the given level.</doc>
<status status="NOT RUN" start="2026-05-18T11:31:40.449286" elapsed="0.000079"/>
</kw>
<arg>Port</arg>
<arg>${port}</arg>
<doc>Sets a value in the IDE property panel.</doc>
<status status="PASS" start="2026-05-18T11:31:40.449147" elapsed="0.000239"/>
</kw>
<kw name="Log" owner="BuiltIn">
<arg>MappView component initialised on port ${port}</arg>
<doc>Logs the given message with the given level.</doc>
<status status="NOT RUN" start="2026-05-18T11:31:40.449452" elapsed="0.000128"/>
</kw>
<doc>Adds and configures MappView in the project.</doc>
<status status="PASS" start="2026-05-18T11:31:40.445471" elapsed="0.004142"/>
</kw>
<kw name="Create Visualization Project" owner="component_keywords">
<kw name="Navigate To MappView Settings" owner="component_keywords">
<kw name="Switch To Logical View" owner="project_keywords">
<kw name="Navigate To Tree Leaf" owner="ide_keywords">
<kw name="Activate Tree Leaf" owner="FlaUILib">
<arg>${tree_path}</arg>
<doc>Navigate and select a node in the project tree.</doc>
<status status="NOT RUN" start="2026-05-18T11:31:40.450711" elapsed="0.000027"/>
</kw>
<kw name="Log" owner="BuiltIn">
<arg>Navigated to tree path: ${tree_path}</arg>
<doc>Logs the given message with the given level.</doc>
<status status="NOT RUN" start="2026-05-18T11:31:40.450790" elapsed="0.000086"/>
</kw>
<arg>Logical View</arg>
<doc>Clicks through a slash-separated path in the project tree.</doc>
<status status="PASS" start="2026-05-18T11:31:40.450610" elapsed="0.000288"/>
</kw>
<kw name="Log" owner="BuiltIn">
<arg>Switched to Logical View</arg>
<doc>Logs the given message with the given level.</doc>
<status status="NOT RUN" start="2026-05-18T11:31:40.450942" elapsed="0.000077"/>
</kw>
<doc>Switches the project tree to Logical View.</doc>
<status status="PASS" start="2026-05-18T11:31:40.450455" elapsed="0.000585"/>
</kw>
<kw name="Navigate To Tree Leaf" owner="ide_keywords">
<kw name="Activate Tree Leaf" owner="FlaUILib">
<arg>${tree_path}</arg>
<doc>Navigate and select a node in the project tree.</doc>
<status status="NOT RUN" start="2026-05-18T11:31:40.451207" elapsed="0.000040"/>
</kw>
<kw name="Log" owner="BuiltIn">
<arg>Navigated to tree path: ${tree_path}</arg>
<doc>Logs the given message with the given level.</doc>
<status status="NOT RUN" start="2026-05-18T11:31:40.451294" elapsed="0.000093"/>
</kw>
<arg>mappView</arg>
<doc>Clicks through a slash-separated path in the project tree.</doc>
<status status="PASS" start="2026-05-18T11:31:40.451103" elapsed="0.000306"/>
</kw>
<doc>Navigates to the mappView node in the Logical View.</doc>
<status status="PASS" start="2026-05-18T11:31:40.450286" elapsed="0.001140"/>
</kw>
<kw name="Open Context Menu For Element" owner="ide_keywords">
<kw name="Open Context Menu" owner="FlaUILib">
<arg>${element_name}</arg>
<arg>${search_by}</arg>
<doc>Right-click an element to open its context menu.</doc>
<status status="NOT RUN" start="2026-05-18T11:31:40.451595" elapsed="0.000053"/>
</kw>
<kw name="Log" owner="BuiltIn">
<arg>Context menu opened for: ${element_name}</arg>
<doc>Logs the given message with the given level.</doc>
<status status="NOT RUN" start="2026-05-18T11:31:40.451706" elapsed="0.000082"/>
</kw>
<arg>Visualizations</arg>
<doc>Right-clicks a UI element to open its context menu.</doc>
<status status="PASS" start="2026-05-18T11:31:40.451484" elapsed="0.000332"/>
</kw>
<kw name="Select Context Menu Item" owner="ide_keywords">
<kw name="Select From Context Menu" owner="FlaUILib">
<arg>${menu_item}</arg>
<arg>${submenu_item}</arg>
<doc>Click an item in the currently visible context menu.</doc>
<status status="NOT RUN" start="2026-05-18T11:31:40.451986" elapsed="0.000035"/>
</kw>
<kw name="Log" owner="BuiltIn">
<arg>Context menu item selected: ${menu_item}</arg>
<doc>Logs the given message with the given level.</doc>
<status status="NOT RUN" start="2026-05-18T11:31:40.452072" elapsed="0.000078"/>
</kw>
<arg>New Visualization</arg>
<doc>Clicks an item (and optional sub-item) in the visible context menu.</doc>
<status status="PASS" start="2026-05-18T11:31:40.451886" elapsed="0.000285"/>
</kw>
<kw name="Wait For Dialog" owner="FlaUILib">
<arg>New Visualization</arg>
<doc>Wait for a modal dialog with the given title to appear.</doc>
<status status="NOT RUN" start="2026-05-18T11:31:40.452230" elapsed="0.000024"/>
</kw>
<kw name="Type Into Dialog Field" owner="FlaUILib">
<arg>Name</arg>
<arg>${project_name}</arg>
<doc>Type text into a labeled dialog field.</doc>
<status status="NOT RUN" start="2026-05-18T11:31:40.452297" elapsed="0.000021"/>
</kw>
<kw name="Click Dialog Button" owner="FlaUILib">
<arg>OK</arg>
<doc>Click a button in a modal dialog.</doc>
<status status="NOT RUN" start="2026-05-18T11:31:40.452359" elapsed="0.000028"/>
</kw>
<kw name="Wait Until IDE Is Ready" owner="ide_keywords">
<kw name="Wait For Idle" owner="FlaUILib">
<arg>${timeout}</arg>
<doc>Wait for the IDE to become idle.</doc>
<status status="NOT RUN" start="2026-05-18T11:31:40.452546" elapsed="0.000026"/>
</kw>
<kw name="Log" owner="BuiltIn">
<arg>IDE is ready (idle)</arg>
<doc>Logs the given message with the given level.</doc>
<status status="NOT RUN" start="2026-05-18T11:31:40.452614" elapsed="0.000076"/>
</kw>
<doc>Waits for the IDE to become idle (no busy indicator).</doc>
<status status="PASS" start="2026-05-18T11:31:40.452455" elapsed="0.000255"/>
</kw>
<kw name="Log" owner="BuiltIn">
<arg>Visualization project created: ${project_name}</arg>
<doc>Logs the given message with the given level.</doc>
<status status="NOT RUN" start="2026-05-18T11:31:40.452750" elapsed="0.000067"/>
</kw>
<arg>RuntimeVisu</arg>
<doc>Creates a new visualization project under mappView.</doc>
<status status="PASS" start="2026-05-18T11:31:40.450063" elapsed="0.002775"/>
</kw>
<kw name="Build Project" owner="project_keywords">
<kw name="Invoke IDE Menu" owner="ide_keywords">
<kw name="Invoke Menu" owner="FlaUILib">
<arg>${menu_name}</arg>
<arg>${menu_item}</arg>
<arg>${submenu_item}</arg>
<doc>Invoke a top-level menu, optionally clicking a menu item and submenu.</doc>
<status status="NOT RUN" start="2026-05-18T11:31:40.453416" elapsed="0.000048"/>
</kw>
<kw name="Log" owner="BuiltIn">
<arg>Menu invoked: ${menu_name} &gt; ${menu_item} &gt; ${submenu_item}</arg>
<doc>Logs the given message with the given level.</doc>
<status status="NOT RUN" start="2026-05-18T11:31:40.453524" elapsed="0.000104"/>
</kw>
<arg>Build</arg>
<arg>Build Active Project</arg>
<doc>Clicks a top-level menu and optionally a menu/sub-menu item.</doc>
<status status="PASS" start="2026-05-18T11:31:40.453275" elapsed="0.000377"/>
</kw>
<kw name="Wait For Build To Complete" owner="FlaUILib">
<arg>${timeout}</arg>
<doc>Wait for the IDE build process to finish.</doc>
<status status="NOT RUN" start="2026-05-18T11:31:40.453714" elapsed="0.000038"/>
</kw>
<kw name="Log" owner="BuiltIn">
<arg>Project build complete</arg>
<doc>Logs the given message with the given level.</doc>
<status status="NOT RUN" start="2026-05-18T11:31:40.453807" elapsed="0.000097"/>
</kw>
<doc>Builds the active project (Build &gt; Build Active Project) and waits for completion.</doc>
<status status="PASS" start="2026-05-18T11:31:40.453117" elapsed="0.000814"/>
</kw>
<kw name="Log" owner="BuiltIn">
<arg>AutomationRuntime and MappView integration project built successfully</arg>
<doc>Logs the given message with the given level.</doc>
<status status="NOT RUN" start="2026-05-18T11:31:40.454414" elapsed="0.000236"/>
</kw>
<doc>Creates a project with AutomationRuntime and a MappView visualization.</doc>
<tag>automationruntime</tag>
<tag>integration</tag>
<tag>mappview</tag>
<status status="PASS" start="2026-05-18T11:31:40.437251" elapsed="0.017740"/>
</test>
<kw name="Close Automation Studio" owner="ide_keywords" type="TEARDOWN">
<kw name="Close Application" owner="FlaUILib">
<arg>${save_changes}</arg>
<doc>Close the IDE application.</doc>
<status status="NOT RUN" start="2026-05-18T11:31:40.456086" elapsed="0.000034"/>
</kw>
<kw name="Log" owner="BuiltIn">
<arg>Automation Studio closed (save_changes=${save_changes})</arg>
<doc>Logs the given message with the given level.</doc>
<status status="NOT RUN" start="2026-05-18T11:31:40.456179" elapsed="0.000109"/>
</kw>
<arg>save_changes=False</arg>
<doc>Closes Automation Studio IDE.</doc>
<status status="PASS" start="2026-05-18T11:31:40.455959" elapsed="0.000357"/>
</kw>
<doc>Test cases for AutomationRuntime component configuration.</doc>
<status status="PASS" start="2026-05-18T11:31:40.199438" elapsed="0.256898"/>
</suite>
<status status="PASS" start="2026-05-18T11:31:40.198012" elapsed="0.259006"/>
</suite>
<suite id="s1-s2" name="Integration" source="C:\Users\ATDIBRU\OneDrive - ABB\projects\ASW-UI-Tests\RobotTests\tests\integration">
<suite id="s1-s2-s1" name="Integration Tests" source="C:\Users\ATDIBRU\OneDrive - ABB\projects\ASW-UI-Tests\RobotTests\tests\integration\integration_tests.robot">
<test id="s1-s2-s1-t1" name="Full Stack Project With All Components" line="10">
<kw name="Set Variable" owner="BuiltIn">
<var>${project_name}</var>
<arg>FullStack_All</arg>
<doc>Returns the given values which can then be assigned to a variables.</doc>
<status status="NOT RUN" start="2026-05-18T11:31:40.500314" elapsed="0.000233"/>
</kw>
<kw name="Set Variable" owner="BuiltIn">
<var>${project_path}</var>
<arg>${PROJECT_TEMP_PATH}${project_name}</arg>
<doc>Returns the given values which can then be assigned to a variables.</doc>
<status status="NOT RUN" start="2026-05-18T11:31:40.500744" elapsed="0.000115"/>
</kw>
<kw name="Create New Project In Automation Studio" owner="project_keywords">
<kw name="Initialize Automation Studio" owner="ide_keywords">
<kw name="Initialize Automation Studio" owner="FlaUILib">
<arg>${AS_IDE_PATH}</arg>
<arg>${AS_DEFAULT_TIMEOUT}</arg>
<doc>Launch or attach to Automation Studio IDE.</doc>
<status status="NOT RUN" start="2026-05-18T11:31:40.501564" elapsed="0.000045"/>
</kw>
<kw name="Log" owner="BuiltIn">
<arg>Automation Studio initialised at: ${AS_IDE_PATH}</arg>
<doc>Logs the given message with the given level.</doc>
<status status="NOT RUN" start="2026-05-18T11:31:40.501678" elapsed="0.000114"/>
</kw>
<doc>Launches (or attaches to) Automation Studio IDE and waits until ready.</doc>
<status status="PASS" start="2026-05-18T11:31:40.501448" elapsed="0.000370"/>
</kw>
<kw name="Invoke IDE Menu" owner="ide_keywords">
<kw name="Invoke Menu" owner="FlaUILib">
<arg>${menu_name}</arg>
<arg>${menu_item}</arg>
<arg>${submenu_item}</arg>
<doc>Invoke a top-level menu, optionally clicking a menu item and submenu.</doc>
<status status="NOT RUN" start="2026-05-18T11:31:40.502022" elapsed="0.000036"/>
</kw>
<kw name="Log" owner="BuiltIn">
<arg>Menu invoked: ${menu_name} &gt; ${menu_item} &gt; ${submenu_item}</arg>
<doc>Logs the given message with the given level.</doc>
<status status="NOT RUN" start="2026-05-18T11:31:40.502114" elapsed="0.000085"/>
</kw>
<arg>File</arg>
<arg>New Project...</arg>
<doc>Clicks a top-level menu and optionally a menu/sub-menu item.</doc>
<status status="PASS" start="2026-05-18T11:31:40.501902" elapsed="0.000321"/>
</kw>
<kw name="Wait For Dialog" owner="FlaUILib">
<arg>New Project</arg>
<doc>Wait for a modal dialog with the given title to appear.</doc>
<status status="NOT RUN" start="2026-05-18T11:31:40.502273" elapsed="0.000023"/>
</kw>
<kw name="Type Into Dialog Field" owner="FlaUILib">
<arg>Name</arg>
<arg>${project_name}</arg>
<doc>Type text into a labeled dialog field.</doc>
<status status="NOT RUN" start="2026-05-18T11:31:40.502340" elapsed="0.000022"/>
</kw>
<kw name="Set Dialog Field Value" owner="FlaUILib">
<arg>Location</arg>
<arg>${project_path}</arg>
<doc>Set value in a labeled dialog field.</doc>
<status status="NOT RUN" start="2026-05-18T11:31:40.502406" elapsed="0.000021"/>
</kw>
<kw name="Select CPU In New Project Dialog" owner="project_keywords">
<kw name="Navigate To Tree Leaf" owner="ide_keywords">
<kw name="Activate Tree Leaf" owner="FlaUILib">
<arg>${tree_path}</arg>
<doc>Navigate and select a node in the project tree.</doc>
<status status="NOT RUN" start="2026-05-18T11:31:40.502700" elapsed="0.000026"/>
</kw>
<kw name="Log" owner="BuiltIn">
<arg>Navigated to tree path: ${tree_path}</arg>
<doc>Logs the given message with the given level.</doc>
<status status="NOT RUN" start="2026-05-18T11:31:40.502797" elapsed="0.000152"/>
</kw>
<arg>${cpu_type}</arg>
<doc>Clicks through a slash-separated path in the project tree.</doc>
<status status="PASS" start="2026-05-18T11:31:40.502613" elapsed="0.000375"/>
</kw>
<kw name="Log" owner="BuiltIn">
<arg>CPU selected: ${cpu_type}</arg>
<doc>Logs the given message with the given level.</doc>
<status status="NOT RUN" start="2026-05-18T11:31:40.503050" elapsed="0.000087"/>
</kw>
<arg>${cpu_type}</arg>
<doc>Selects the CPU type inside the New Project dialog.</doc>
<status status="PASS" start="2026-05-18T11:31:40.502495" elapsed="0.000677"/>
</kw>
<kw name="Click Dialog Button" owner="FlaUILib">
<arg>OK</arg>
<arg>New Project</arg>
<doc>Click a button in a modal dialog.</doc>
<status status="NOT RUN" start="2026-05-18T11:31:40.503225" elapsed="0.000056"/>
</kw>
<kw name="Wait Until IDE Is Ready" owner="ide_keywords">
<kw name="Wait For Idle" owner="FlaUILib">
<arg>${timeout}</arg>
<doc>Wait for the IDE to become idle.</doc>
<status status="NOT RUN" start="2026-05-18T11:31:40.503490" elapsed="0.000029"/>
</kw>
<kw name="Log" owner="BuiltIn">
<arg>IDE is ready (idle)</arg>
<doc>Logs the given message with the given level.</doc>
<status status="NOT RUN" start="2026-05-18T11:31:40.503571" elapsed="0.000092"/>
</kw>
<doc>Waits for the IDE to become idle (no busy indicator).</doc>
<status status="PASS" start="2026-05-18T11:31:40.503358" elapsed="0.000327"/>
</kw>
<kw name="Log" owner="BuiltIn">
<arg>Project "${project_name}" created at ${project_path}</arg>
<doc>Logs the given message with the given level.</doc>
<status status="NOT RUN" start="2026-05-18T11:31:40.503743" elapsed="0.000075"/>
</kw>
<arg>${project_name}</arg>
<arg>${project_path}</arg>
<arg>${CPU_TYPE}</arg>
<doc>Creates a new Automation Studio project.
Opens File &gt; New Project, fills in name and location, selects CPU, confirms.</doc>
<status status="PASS" start="2026-05-18T11:31:40.501263" elapsed="0.002575"/>
</kw>
<kw name="Initialize Full Component Stack" owner="component_keywords">
<kw name="Initialize MappView Component" owner="component_keywords">
<kw name="Add Software Component" owner="project_keywords">
<kw name="Switch To Logical View" owner="project_keywords">
<kw name="Navigate To Tree Leaf" owner="ide_keywords">
<kw name="Activate Tree Leaf" owner="FlaUILib">
<arg>${tree_path}</arg>
<doc>Navigate and select a node in the project tree.</doc>
<status status="NOT RUN" start="2026-05-18T11:31:40.505214" elapsed="0.000034"/>
</kw>
<kw name="Log" owner="BuiltIn">
<arg>Navigated to tree path: ${tree_path}</arg>
<doc>Logs the given message with the given level.</doc>
<status status="NOT RUN" start="2026-05-18T11:31:40.505315" elapsed="0.000104"/>
</kw>
<arg>Logical View</arg>
<doc>Clicks through a slash-separated path in the project tree.</doc>
<status status="PASS" start="2026-05-18T11:31:40.505110" elapsed="0.000336"/>
</kw>
<kw name="Log" owner="BuiltIn">
<arg>Switched to Logical View</arg>
<doc>Logs the given message with the given level.</doc>
<status status="NOT RUN" start="2026-05-18T11:31:40.505500" elapsed="0.000078"/>
</kw>
<doc>Switches the project tree to Logical View.</doc>
<status status="PASS" start="2026-05-18T11:31:40.505003" elapsed="0.000597"/>
</kw>
<kw name="Open Context Menu For Element" owner="ide_keywords">
<kw name="Open Context Menu" owner="FlaUILib">
<arg>${element_name}</arg>
<arg>${search_by}</arg>
<doc>Right-click an element to open its context menu.</doc>
<status status="NOT RUN" start="2026-05-18T11:31:40.505782" elapsed="0.000033"/>
</kw>
<kw name="Log" owner="BuiltIn">
<arg>Context menu opened for: ${element_name}</arg>
<doc>Logs the given message with the given level.</doc>
<status status="NOT RUN" start="2026-05-18T11:31:40.505866" elapsed="0.000078"/>
</kw>
<arg>Logical</arg>
<doc>Right-clicks a UI element to open its context menu.</doc>
<status status="PASS" start="2026-05-18T11:31:40.505674" elapsed="0.000294"/>
</kw>
<kw name="Select Context Menu Item" owner="ide_keywords">
<kw name="Select From Context Menu" owner="FlaUILib">
<arg>${menu_item}</arg>
<arg>${submenu_item}</arg>
<doc>Click an item in the currently visible context menu.</doc>
<status status="NOT RUN" start="2026-05-18T11:31:40.506130" elapsed="0.000030"/>
</kw>
<kw name="Log" owner="BuiltIn">
<arg>Context menu item selected: ${menu_item}</arg>
<doc>Logs the given message with the given level.</doc>
<status status="NOT RUN" start="2026-05-18T11:31:40.506208" elapsed="0.000077"/>
</kw>
<arg>Add Object</arg>
<doc>Clicks an item (and optional sub-item) in the visible context menu.</doc>
<status status="PASS" start="2026-05-18T11:31:40.506035" elapsed="0.000271"/>
</kw>
<kw name="Wait For Dialog" owner="FlaUILib">
<arg>Add Object</arg>
<doc>Wait for a modal dialog with the given title to appear.</doc>
<status status="NOT RUN" start="2026-05-18T11:31:40.506350" elapsed="0.000022"/>
</kw>
<kw name="Navigate To Tree Leaf" owner="ide_keywords">
<kw name="Activate Tree Leaf" owner="FlaUILib">
<arg>${tree_path}</arg>
<doc>Navigate and select a node in the project tree.</doc>
<status status="NOT RUN" start="2026-05-18T11:31:40.506891" elapsed="0.000035"/>
</kw>
<kw name="Log" owner="BuiltIn">
<arg>Navigated to tree path: ${tree_path}</arg>
<doc>Logs the given message with the given level.</doc>
<status status="NOT RUN" start="2026-05-18T11:31:40.506981" elapsed="0.000094"/>
</kw>
<arg>${component_name}</arg>
<doc>Clicks through a slash-separated path in the project tree.</doc>
<status status="PASS" start="2026-05-18T11:31:40.506696" elapsed="0.000403"/>
</kw>
<kw name="Click Dialog Button" owner="FlaUILib">
<arg>OK</arg>
<doc>Click a button in a modal dialog.</doc>
<status status="NOT RUN" start="2026-05-18T11:31:40.507147" elapsed="0.000032"/>
</kw>
<kw name="Wait Until IDE Is Ready" owner="ide_keywords">
<kw name="Wait For Idle" owner="FlaUILib">
<arg>${timeout}</arg>
<doc>Wait for the IDE to become idle.</doc>
<status status="NOT RUN" start="2026-05-18T11:31:40.507353" elapsed="0.000027"/>
</kw>
<kw name="Log" owner="BuiltIn">
<arg>IDE is ready (idle)</arg>
<doc>Logs the given message with the given level.</doc>
<status status="NOT RUN" start="2026-05-18T11:31:40.507430" elapsed="0.000083"/>
</kw>
<doc>Waits for the IDE to become idle (no busy indicator).</doc>
<status status="PASS" start="2026-05-18T11:31:40.507248" elapsed="0.000288"/>
</kw>
<kw name="Log" owner="BuiltIn">
<arg>Component added: ${component_name}</arg>
<doc>Logs the given message with the given level.</doc>
<status status="NOT RUN" start="2026-05-18T11:31:40.507580" elapsed="0.000074"/>
</kw>
<arg>mappView</arg>
<doc>Adds a software component to the project via the Logical View context menu.</doc>
<status status="PASS" start="2026-05-18T11:31:40.504868" elapsed="0.002805"/>
</kw>
<kw name="Navigate To MappView Settings" owner="component_keywords">
<kw name="Switch To Logical View" owner="project_keywords">
<kw name="Navigate To Tree Leaf" owner="ide_keywords">
<kw name="Activate Tree Leaf" owner="FlaUILib">
<arg>${tree_path}</arg>
<doc>Navigate and select a node in the project tree.</doc>
<status status="NOT RUN" start="2026-05-18T11:31:40.508016" elapsed="0.000027"/>
</kw>
<kw name="Log" owner="BuiltIn">
<arg>Navigated to tree path: ${tree_path}</arg>
<doc>Logs the given message with the given level.</doc>
<status status="NOT RUN" start="2026-05-18T11:31:40.508094" elapsed="0.000080"/>
</kw>
<arg>Logical View</arg>
<doc>Clicks through a slash-separated path in the project tree.</doc>
<status status="PASS" start="2026-05-18T11:31:40.507932" elapsed="0.000263"/>
</kw>
<kw name="Log" owner="BuiltIn">
<arg>Switched to Logical View</arg>
<doc>Logs the given message with the given level.</doc>
<status status="NOT RUN" start="2026-05-18T11:31:40.508239" elapsed="0.000130"/>
</kw>
<doc>Switches the project tree to Logical View.</doc>
<status status="PASS" start="2026-05-18T11:31:40.507834" elapsed="0.000571"/>
</kw>
<kw name="Navigate To Tree Leaf" owner="ide_keywords">
<kw name="Activate Tree Leaf" owner="FlaUILib">
<arg>${tree_path}</arg>
<doc>Navigate and select a node in the project tree.</doc>
<status status="NOT RUN" start="2026-05-18T11:31:40.508618" elapsed="0.000032"/>
</kw>
<kw name="Log" owner="BuiltIn">
<arg>Navigated to tree path: ${tree_path}</arg>
<doc>Logs the given message with the given level.</doc>
<status status="NOT RUN" start="2026-05-18T11:31:40.508716" elapsed="0.000084"/>
</kw>
<arg>mappView</arg>
<doc>Clicks through a slash-separated path in the project tree.</doc>
<status status="PASS" start="2026-05-18T11:31:40.508505" elapsed="0.000319"/>
</kw>
<doc>Navigates to the mappView node in the Logical View.</doc>
<status status="PASS" start="2026-05-18T11:31:40.507736" elapsed="0.001106"/>
</kw>
<kw name="Set IDE Property" owner="ide_keywords">
<kw name="Set Property Value" owner="FlaUILib">
<arg>${property_name}</arg>
<arg>${value}</arg>
<doc>Set a property in the IDE property panel.</doc>
<status status="NOT RUN" start="2026-05-18T11:31:40.509014" elapsed="0.000023"/>
</kw>
<kw name="Log" owner="BuiltIn">
<arg>Property set: ${property_name} = ${value}</arg>
<doc>Logs the given message with the given level.</doc>
<status status="NOT RUN" start="2026-05-18T11:31:40.509087" elapsed="0.000093"/>
</kw>
<arg>Port</arg>
<arg>${port}</arg>
<doc>Sets a value in the IDE property panel.</doc>
<status status="PASS" start="2026-05-18T11:31:40.508908" elapsed="0.000292"/>
</kw>
<kw name="Log" owner="BuiltIn">
<arg>MappView component initialised on port ${port}</arg>
<doc>Logs the given message with the given level.</doc>
<status status="NOT RUN" start="2026-05-18T11:31:40.509248" elapsed="0.000071"/>
</kw>
<arg>${mappview_port}</arg>
<doc>Adds and configures MappView in the project.</doc>
<status status="PASS" start="2026-05-18T11:31:40.504582" elapsed="0.004759"/>
</kw>
<kw name="Initialize OPCUA Component" owner="component_keywords">
<kw name="Add Software Component" owner="project_keywords">
<kw name="Switch To Logical View" owner="project_keywords">
<kw name="Navigate To Tree Leaf" owner="ide_keywords">
<kw name="Activate Tree Leaf" owner="FlaUILib">
<arg>${tree_path}</arg>
<doc>Navigate and select a node in the project tree.</doc>
<status status="NOT RUN" start="2026-05-18T11:31:40.509812" elapsed="0.000031"/>
</kw>
<kw name="Log" owner="BuiltIn">
<arg>Navigated to tree path: ${tree_path}</arg>
<doc>Logs the given message with the given level.</doc>
<status status="NOT RUN" start="2026-05-18T11:31:40.509897" elapsed="0.000081"/>
</kw>
<arg>Logical View</arg>
<doc>Clicks through a slash-separated path in the project tree.</doc>
<status status="PASS" start="2026-05-18T11:31:40.509729" elapsed="0.000271"/>
</kw>
<kw name="Log" owner="BuiltIn">
<arg>Switched to Logical View</arg>
<doc>Logs the given message with the given level.</doc>
<status status="NOT RUN" start="2026-05-18T11:31:40.510055" elapsed="0.000072"/>
</kw>
<doc>Switches the project tree to Logical View.</doc>
<status status="PASS" start="2026-05-18T11:31:40.509633" elapsed="0.000516"/>
</kw>
<kw name="Open Context Menu For Element" owner="ide_keywords">
<kw name="Open Context Menu" owner="FlaUILib">
<arg>${element_name}</arg>
<arg>${search_by}</arg>
<doc>Right-click an element to open its context menu.</doc>
<status status="NOT RUN" start="2026-05-18T11:31:40.510308" elapsed="0.000029"/>
</kw>
<kw name="Log" owner="BuiltIn">
<arg>Context menu opened for: ${element_name}</arg>
<doc>Logs the given message with the given level.</doc>
<status status="NOT RUN" start="2026-05-18T11:31:40.510385" elapsed="0.000080"/>
</kw>
<arg>Logical</arg>
<doc>Right-clicks a UI element to open its context menu.</doc>
<status status="PASS" start="2026-05-18T11:31:40.510210" elapsed="0.000279"/>
</kw>
<kw name="Select Context Menu Item" owner="ide_keywords">
<kw name="Select From Context Menu" owner="FlaUILib">
<arg>${menu_item}</arg>
<arg>${submenu_item}</arg>
<doc>Click an item in the currently visible context menu.</doc>
<status status="NOT RUN" start="2026-05-18T11:31:40.510645" elapsed="0.000029"/>
</kw>
<kw name="Log" owner="BuiltIn">
<arg>Context menu item selected: ${menu_item}</arg>
<doc>Logs the given message with the given level.</doc>
<status status="NOT RUN" start="2026-05-18T11:31:40.510722" elapsed="0.000072"/>
</kw>
<arg>Add Object</arg>
<doc>Clicks an item (and optional sub-item) in the visible context menu.</doc>
<status status="PASS" start="2026-05-18T11:31:40.510552" elapsed="0.000261"/>
</kw>
<kw name="Wait For Dialog" owner="FlaUILib">
<arg>Add Object</arg>
<doc>Wait for a modal dialog with the given title to appear.</doc>
<status status="NOT RUN" start="2026-05-18T11:31:40.510854" elapsed="0.000024"/>
</kw>
<kw name="Navigate To Tree Leaf" owner="ide_keywords">
<kw name="Activate Tree Leaf" owner="FlaUILib">
<arg>${tree_path}</arg>
<doc>Navigate and select a node in the project tree.</doc>
<status status="NOT RUN" start="2026-05-18T11:31:40.511024" elapsed="0.000024"/>
</kw>
<kw name="Log" owner="BuiltIn">
<arg>Navigated to tree path: ${tree_path}</arg>
<doc>Logs the given message with the given level.</doc>
<status status="NOT RUN" start="2026-05-18T11:31:40.511091" elapsed="0.000070"/>
</kw>
<arg>${component_name}</arg>
<doc>Clicks through a slash-separated path in the project tree.</doc>
<status status="PASS" start="2026-05-18T11:31:40.510938" elapsed="0.000243"/>
</kw>
<kw name="Click Dialog Button" owner="FlaUILib">
<arg>OK</arg>
<doc>Click a button in a modal dialog.</doc>
<status status="NOT RUN" start="2026-05-18T11:31:40.511222" elapsed="0.000028"/>
</kw>
<kw name="Wait Until IDE Is Ready" owner="ide_keywords">
<kw name="Wait For Idle" owner="FlaUILib">
<arg>${timeout}</arg>
<doc>Wait for the IDE to become idle.</doc>
<status status="NOT RUN" start="2026-05-18T11:31:40.511400" elapsed="0.000028"/>
</kw>
<kw name="Log" owner="BuiltIn">
<arg>IDE is ready (idle)</arg>
<doc>Logs the given message with the given level.</doc>
<status status="NOT RUN" start="2026-05-18T11:31:40.511474" elapsed="0.000081"/>
</kw>
<doc>Waits for the IDE to become idle (no busy indicator).</doc>
<status status="PASS" start="2026-05-18T11:31:40.511313" elapsed="0.000263"/>
</kw>
<kw name="Log" owner="BuiltIn">
<arg>Component added: ${component_name}</arg>
<doc>Logs the given message with the given level.</doc>
<status status="NOT RUN" start="2026-05-18T11:31:40.511622" elapsed="0.000080"/>
</kw>
<arg>OpcUa</arg>
<doc>Adds a software component to the project via the Logical View context menu.</doc>
<status status="PASS" start="2026-05-18T11:31:40.509532" elapsed="0.002190"/>
</kw>
<kw name="Navigate To OPCUA Settings" owner="component_keywords">
<kw name="Switch To Logical View" owner="project_keywords">
<kw name="Navigate To Tree Leaf" owner="ide_keywords">
<kw name="Activate Tree Leaf" owner="FlaUILib">
<arg>${tree_path}</arg>
<doc>Navigate and select a node in the project tree.</doc>
<status status="NOT RUN" start="2026-05-18T11:31:40.512076" elapsed="0.000028"/>
</kw>
<kw name="Log" owner="BuiltIn">
<arg>Navigated to tree path: ${tree_path}</arg>
<doc>Logs the given message with the given level.</doc>
<status status="NOT RUN" start="2026-05-18T11:31:40.512158" elapsed="0.000088"/>
</kw>
<arg>Logical View</arg>
<doc>Clicks through a slash-separated path in the project tree.</doc>
<status status="PASS" start="2026-05-18T11:31:40.511987" elapsed="0.000279"/>
</kw>
<kw name="Log" owner="BuiltIn">
<arg>Switched to Logical View</arg>
<doc>Logs the given message with the given level.</doc>
<status status="NOT RUN" start="2026-05-18T11:31:40.512319" elapsed="0.000075"/>
</kw>
<doc>Switches the project tree to Logical View.</doc>
<status status="PASS" start="2026-05-18T11:31:40.511894" elapsed="0.000534"/>
</kw>
<kw name="Navigate To Tree Leaf" owner="ide_keywords">
<kw name="Activate Tree Leaf" owner="FlaUILib">
<arg>${tree_path}</arg>
<doc>Navigate and select a node in the project tree.</doc>
<status status="NOT RUN" start="2026-05-18T11:31:40.512592" elapsed="0.000025"/>
</kw>
<kw name="Log" owner="BuiltIn">
<arg>Navigated to tree path: ${tree_path}</arg>
<doc>Logs the given message with the given level.</doc>
<status status="NOT RUN" start="2026-05-18T11:31:40.512675" elapsed="0.000075"/>
</kw>
<arg>OpcUa</arg>
<doc>Clicks through a slash-separated path in the project tree.</doc>
<status status="PASS" start="2026-05-18T11:31:40.512489" elapsed="0.000281"/>
</kw>
<doc>Navigates to the OpcUa node in the Logical View.</doc>
<status status="PASS" start="2026-05-18T11:31:40.511791" elapsed="0.000995"/>
</kw>
<kw name="Set IDE Property" owner="ide_keywords">
<kw name="Set Property Value" owner="FlaUILib">
<arg>${property_name}</arg>
<arg>${value}</arg>
<doc>Set a property in the IDE property panel.</doc>
<status status="NOT RUN" start="2026-05-18T11:31:40.512930" elapsed="0.000022"/>
</kw>
<kw name="Log" owner="BuiltIn">
<arg>Property set: ${property_name} = ${value}</arg>
<doc>Logs the given message with the given level.</doc>
<status status="NOT RUN" start="2026-05-18T11:31:40.512995" elapsed="0.000082"/>
</kw>
<arg>Port</arg>
<arg>${port}</arg>
<doc>Sets a value in the IDE property panel.</doc>
<status status="PASS" start="2026-05-18T11:31:40.512843" elapsed="0.000255"/>
</kw>
<kw name="Set IDE Property" owner="ide_keywords">
<kw name="Set Property Value" owner="FlaUILib">
<arg>${property_name}</arg>
<arg>${value}</arg>
<doc>Set a property in the IDE property panel.</doc>
<status status="NOT RUN" start="2026-05-18T11:31:40.513255" elapsed="0.000023"/>
</kw>
<kw name="Log" owner="BuiltIn">
<arg>Property set: ${property_name} = ${value}</arg>
<doc>Logs the given message with the given level.</doc>
<status status="NOT RUN" start="2026-05-18T11:31:40.513325" elapsed="0.000092"/>
</kw>
<arg>Enabled</arg>
<arg>True</arg>
<doc>Sets a value in the IDE property panel.</doc>
<status status="PASS" start="2026-05-18T11:31:40.513164" elapsed="0.000273"/>
</kw>
<kw name="Log" owner="BuiltIn">
<arg>OPCUA component initialised on port ${port}</arg>
<doc>Logs the given message with the given level.</doc>
<status status="NOT RUN" start="2026-05-18T11:31:40.513483" elapsed="0.000068"/>
</kw>
<arg>${opcua_port}</arg>
<doc>Adds and configures the OPCUA component in the project.</doc>
<status status="PASS" start="2026-05-18T11:31:40.509412" elapsed="0.004158"/>
</kw>
<kw name="Initialize AutomationRuntime Component" owner="component_keywords">
<kw name="Add Software Component" owner="project_keywords">
<kw name="Switch To Logical View" owner="project_keywords">
<kw name="Navigate To Tree Leaf" owner="ide_keywords">
<kw name="Activate Tree Leaf" owner="FlaUILib">
<arg>${tree_path}</arg>
<doc>Navigate and select a node in the project tree.</doc>
<status status="NOT RUN" start="2026-05-18T11:31:40.514047" elapsed="0.000027"/>
</kw>
<kw name="Log" owner="BuiltIn">
<arg>Navigated to tree path: ${tree_path}</arg>
<doc>Logs the given message with the given level.</doc>
<status status="NOT RUN" start="2026-05-18T11:31:40.514123" elapsed="0.000078"/>
</kw>
<arg>Logical View</arg>
<doc>Clicks through a slash-separated path in the project tree.</doc>
<status status="PASS" start="2026-05-18T11:31:40.513958" elapsed="0.000265"/>
</kw>
<kw name="Log" owner="BuiltIn">
<arg>Switched to Logical View</arg>
<doc>Logs the given message with the given level.</doc>
<status status="NOT RUN" start="2026-05-18T11:31:40.514266" elapsed="0.000073"/>
</kw>
<doc>Switches the project tree to Logical View.</doc>
<status status="PASS" start="2026-05-18T11:31:40.513868" elapsed="0.000491"/>
</kw>
<kw name="Open Context Menu For Element" owner="ide_keywords">
<kw name="Open Context Menu" owner="FlaUILib">
<arg>${element_name}</arg>
<arg>${search_by}</arg>
<doc>Right-click an element to open its context menu.</doc>
<status status="NOT RUN" start="2026-05-18T11:31:40.514504" elapsed="0.000028"/>
</kw>
<kw name="Log" owner="BuiltIn">
<arg>Context menu opened for: ${element_name}</arg>
<doc>Logs the given message with the given level.</doc>
<status status="NOT RUN" start="2026-05-18T11:31:40.514578" elapsed="0.000069"/>
</kw>
<arg>Logical</arg>
<doc>Right-clicks a UI element to open its context menu.</doc>
<status status="PASS" start="2026-05-18T11:31:40.514418" elapsed="0.000249"/>
</kw>
<kw name="Select Context Menu Item" owner="ide_keywords">
<kw name="Select From Context Menu" owner="FlaUILib">
<arg>${menu_item}</arg>
<arg>${submenu_item}</arg>
<doc>Click an item in the currently visible context menu.</doc>
<status status="NOT RUN" start="2026-05-18T11:31:40.514811" elapsed="0.000030"/>
</kw>
<kw name="Log" owner="BuiltIn">
<arg>Context menu item selected: ${menu_item}</arg>
<doc>Logs the given message with the given level.</doc>
<status status="NOT RUN" start="2026-05-18T11:31:40.514888" elapsed="0.000075"/>
</kw>
<arg>Add Object</arg>
<doc>Clicks an item (and optional sub-item) in the visible context menu.</doc>
<status status="PASS" start="2026-05-18T11:31:40.514723" elapsed="0.000259"/>
</kw>
<kw name="Wait For Dialog" owner="FlaUILib">
<arg>Add Object</arg>
<doc>Wait for a modal dialog with the given title to appear.</doc>
<status status="NOT RUN" start="2026-05-18T11:31:40.515022" elapsed="0.000021"/>
</kw>
<kw name="Navigate To Tree Leaf" owner="ide_keywords">
<kw name="Activate Tree Leaf" owner="FlaUILib">
<arg>${tree_path}</arg>
<doc>Navigate and select a node in the project tree.</doc>
<status status="NOT RUN" start="2026-05-18T11:31:40.515193" elapsed="0.000027"/>
</kw>
<kw name="Log" owner="BuiltIn">
<arg>Navigated to tree path: ${tree_path}</arg>
<doc>Logs the given message with the given level.</doc>
<status status="NOT RUN" start="2026-05-18T11:31:40.515266" elapsed="0.000071"/>
</kw>
<arg>${component_name}</arg>
<doc>Clicks through a slash-separated path in the project tree.</doc>
<status status="PASS" start="2026-05-18T11:31:40.515109" elapsed="0.000248"/>
</kw>
<kw name="Click Dialog Button" owner="FlaUILib">
<arg>OK</arg>
<doc>Click a button in a modal dialog.</doc>
<status status="NOT RUN" start="2026-05-18T11:31:40.515397" elapsed="0.000027"/>
</kw>
<kw name="Wait Until IDE Is Ready" owner="ide_keywords">
<kw name="Wait For Idle" owner="FlaUILib">
<arg>${timeout}</arg>
<doc>Wait for the IDE to become idle.</doc>
<status status="NOT RUN" start="2026-05-18T11:31:40.515565" elapsed="0.000024"/>
</kw>
<kw name="Log" owner="BuiltIn">
<arg>IDE is ready (idle)</arg>
<doc>Logs the given message with the given level.</doc>
<status status="NOT RUN" start="2026-05-18T11:31:40.515633" elapsed="0.000073"/>
</kw>
<doc>Waits for the IDE to become idle (no busy indicator).</doc>
<status status="PASS" start="2026-05-18T11:31:40.515485" elapsed="0.000240"/>
</kw>
<kw name="Log" owner="BuiltIn">
<arg>Component added: ${component_name}</arg>
<doc>Logs the given message with the given level.</doc>
<status status="NOT RUN" start="2026-05-18T11:31:40.515763" elapsed="0.000081"/>
</kw>
<arg>AutomationRuntime</arg>
<doc>Adds a software component to the project via the Logical View context menu.</doc>
<status status="PASS" start="2026-05-18T11:31:40.513770" elapsed="0.002094"/>
</kw>
<kw name="Navigate To AutomationRuntime Settings" owner="component_keywords">
<kw name="Switch To Logical View" owner="project_keywords">
<kw name="Navigate To Tree Leaf" owner="ide_keywords">
<kw name="Activate Tree Leaf" owner="FlaUILib">
<arg>${tree_path}</arg>
<doc>Navigate and select a node in the project tree.</doc>
<status status="NOT RUN" start="2026-05-18T11:31:40.516212" elapsed="0.000029"/>
</kw>
<kw name="Log" owner="BuiltIn">
<arg>Navigated to tree path: ${tree_path}</arg>
<doc>Logs the given message with the given level.</doc>
<status status="NOT RUN" start="2026-05-18T11:31:40.516287" elapsed="0.000070"/>
</kw>
<arg>Logical View</arg>
<doc>Clicks through a slash-separated path in the project tree.</doc>
<status status="PASS" start="2026-05-18T11:31:40.516129" elapsed="0.000248"/>
</kw>
<kw name="Log" owner="BuiltIn">
<arg>Switched to Logical View</arg>
<doc>Logs the given message with the given level.</doc>
<status status="NOT RUN" start="2026-05-18T11:31:40.516438" elapsed="0.000153"/>
</kw>
<doc>Switches the project tree to Logical View.</doc>
<status status="PASS" start="2026-05-18T11:31:40.516029" elapsed="0.000599"/>
</kw>
<kw name="Navigate To Tree Leaf" owner="ide_keywords">
<kw name="Activate Tree Leaf" owner="FlaUILib">
<arg>${tree_path}</arg>
<doc>Navigate and select a node in the project tree.</doc>
<status status="NOT RUN" start="2026-05-18T11:31:40.516844" elapsed="0.000032"/>
</kw>
<kw name="Log" owner="BuiltIn">
<arg>Navigated to tree path: ${tree_path}</arg>
<doc>Logs the given message with the given level.</doc>
<status status="NOT RUN" start="2026-05-18T11:31:40.516939" elapsed="0.000085"/>
</kw>
<arg>AutomationRuntime</arg>
<doc>Clicks through a slash-separated path in the project tree.</doc>
<status status="PASS" start="2026-05-18T11:31:40.516719" elapsed="0.000326"/>
</kw>
<doc>Navigates to the AutomationRuntime node in the Logical View.</doc>
<status status="PASS" start="2026-05-18T11:31:40.515930" elapsed="0.001141"/>
</kw>
<kw name="Set IDE Property" owner="ide_keywords">
<kw name="Set Property Value" owner="FlaUILib">
<arg>${property_name}</arg>
<arg>${value}</arg>
<doc>Set a property in the IDE property panel.</doc>
<status status="NOT RUN" start="2026-05-18T11:31:40.517224" elapsed="0.000025"/>
</kw>
<kw name="Log" owner="BuiltIn">
<arg>Property set: ${property_name} = ${value}</arg>
<doc>Logs the given message with the given level.</doc>
<status status="NOT RUN" start="2026-05-18T11:31:40.517298" elapsed="0.000084"/>
</kw>
<arg>Version</arg>
<arg>${min_version}</arg>
<doc>Sets a value in the IDE property panel.</doc>
<status status="PASS" start="2026-05-18T11:31:40.517134" elapsed="0.000268"/>
</kw>
<kw name="Log" owner="BuiltIn">
<arg>AutomationRuntime component initialised (v${min_version})</arg>
<doc>Logs the given message with the given level.</doc>
<status status="NOT RUN" start="2026-05-18T11:31:40.517448" elapsed="0.000064"/>
</kw>
<arg>${ar_version}</arg>
<doc>Adds and configures the AutomationRuntime component.</doc>
<status status="PASS" start="2026-05-18T11:31:40.513643" elapsed="0.003888"/>
</kw>
<kw name="Log" owner="BuiltIn">
<arg>Full component stack initialised</arg>
<doc>Logs the given message with the given level.</doc>
<status status="NOT RUN" start="2026-05-18T11:31:40.517573" elapsed="0.000065"/>
</kw>
<kw name="Activate Tree Leaf" owner="FlaUILib">
<arg>MappView</arg>
<doc>Navigate and select a node in the project tree.</doc>
<status status="NOT RUN" start="2026-05-18T11:31:40.517682" elapsed="0.000021"/>
</kw>
<doc>Initialises MappView, OPCUA and AutomationRuntime in one call.</doc>
<status status="PASS" start="2026-05-18T11:31:40.504205" elapsed="0.013516"/>
</kw>
<kw name="Create Visualization Project" owner="component_keywords">
<kw name="Navigate To MappView Settings" owner="component_keywords">
<kw name="Switch To Logical View" owner="project_keywords">
<kw name="Navigate To Tree Leaf" owner="ide_keywords">
<kw name="Activate Tree Leaf" owner="FlaUILib">
<arg>${tree_path}</arg>
<doc>Navigate and select a node in the project tree.</doc>
<status status="NOT RUN" start="2026-05-18T11:31:40.518575" elapsed="0.000027"/>
</kw>
<kw name="Log" owner="BuiltIn">
<arg>Navigated to tree path: ${tree_path}</arg>
<doc>Logs the given message with the given level.</doc>
<status status="NOT RUN" start="2026-05-18T11:31:40.518653" elapsed="0.000087"/>
</kw>
<arg>Logical View</arg>
<doc>Clicks through a slash-separated path in the project tree.</doc>
<status status="PASS" start="2026-05-18T11:31:40.518491" elapsed="0.000270"/>
</kw>
<kw name="Log" owner="BuiltIn">
<arg>Switched to Logical View</arg>
<doc>Logs the given message with the given level.</doc>
<status status="NOT RUN" start="2026-05-18T11:31:40.518808" elapsed="0.000071"/>
</kw>
<doc>Switches the project tree to Logical View.</doc>
<status status="PASS" start="2026-05-18T11:31:40.518400" elapsed="0.000504"/>
</kw>
<kw name="Navigate To Tree Leaf" owner="ide_keywords">
<kw name="Activate Tree Leaf" owner="FlaUILib">
<arg>${tree_path}</arg>
<doc>Navigate and select a node in the project tree.</doc>
<status status="NOT RUN" start="2026-05-18T11:31:40.519052" elapsed="0.000028"/>
</kw>
<kw name="Log" owner="BuiltIn">
<arg>Navigated to tree path: ${tree_path}</arg>
<doc>Logs the given message with the given level.</doc>
<status status="NOT RUN" start="2026-05-18T11:31:40.519128" elapsed="0.000077"/>
</kw>
<arg>mappView</arg>
<doc>Clicks through a slash-separated path in the project tree.</doc>
<status status="PASS" start="2026-05-18T11:31:40.518964" elapsed="0.000264"/>
</kw>
<doc>Navigates to the mappView node in the Logical View.</doc>
<status status="PASS" start="2026-05-18T11:31:40.518303" elapsed="0.000942"/>
</kw>
<kw name="Open Context Menu For Element" owner="ide_keywords">
<kw name="Open Context Menu" owner="FlaUILib">
<arg>${element_name}</arg>
<arg>${search_by}</arg>
<doc>Right-click an element to open its context menu.</doc>
<status status="NOT RUN" start="2026-05-18T11:31:40.519392" elapsed="0.000028"/>
</kw>
<kw name="Log" owner="BuiltIn">
<arg>Context menu opened for: ${element_name}</arg>
<doc>Logs the given message with the given level.</doc>
<status status="NOT RUN" start="2026-05-18T11:31:40.519466" elapsed="0.000075"/>
</kw>
<arg>Visualizations</arg>
<doc>Right-clicks a UI element to open its context menu.</doc>
<status status="PASS" start="2026-05-18T11:31:40.519304" elapsed="0.000256"/>
</kw>
<kw name="Select Context Menu Item" owner="ide_keywords">
<kw name="Select From Context Menu" owner="FlaUILib">
<arg>${menu_item}</arg>
<arg>${submenu_item}</arg>
<doc>Click an item in the currently visible context menu.</doc>
[...]
</kw>
<arg>${project_name}</arg>
<arg>${project_path}</arg>
<doc>Creates a new Automation Studio project.
Opens File &gt; New Project, fills in name and location, selects CPU, confirms.</doc>
<status status="PASS" start="2026-05-18T11:31:40.707173" elapsed="0.002182"/>
</kw>
<kw name="Close Automation Studio" owner="ide_keywords">
<kw name="Close Application" owner="FlaUILib">
<arg>${save_changes}</arg>
<doc>Close the IDE application.</doc>
<status status="NOT RUN" start="2026-05-18T11:31:40.709811" elapsed="0.000054"/>
</kw>
<kw name="Log" owner="BuiltIn">
<arg>Automation Studio closed (save_changes=${save_changes})</arg>
<doc>Logs the given message with the given level.</doc>
<status status="NOT RUN" start="2026-05-18T11:31:40.709960" elapsed="0.000175"/>
</kw>
<arg>save_changes=True</arg>
<doc>Closes Automation Studio IDE.</doc>
<status status="PASS" start="2026-05-18T11:31:40.709598" elapsed="0.000578"/>
</kw>
<kw name="Load Existing Project" owner="project_keywords">
<kw name="Initialize Automation Studio" owner="ide_keywords">
<kw name="Initialize Automation Studio" owner="FlaUILib">
<arg>${AS_IDE_PATH}</arg>
<arg>${AS_DEFAULT_TIMEOUT}</arg>
<doc>Launch or attach to Automation Studio IDE.</doc>
<status status="NOT RUN" start="2026-05-18T11:31:40.710779" elapsed="0.000092"/>
</kw>
<kw name="Log" owner="BuiltIn">
<arg>Automation Studio initialised at: ${AS_IDE_PATH}</arg>
<doc>Logs the given message with the given level.</doc>
<status status="NOT RUN" start="2026-05-18T11:31:40.710956" elapsed="0.000100"/>
</kw>
<doc>Launches (or attaches to) Automation Studio IDE and waits until ready.</doc>
<status status="PASS" start="2026-05-18T11:31:40.710632" elapsed="0.000452"/>
</kw>
<kw name="Invoke IDE Menu" owner="ide_keywords">
<kw name="Invoke Menu" owner="FlaUILib">
<arg>${menu_name}</arg>
<arg>${menu_item}</arg>
<arg>${submenu_item}</arg>
<doc>Invoke a top-level menu, optionally clicking a menu item and submenu.</doc>
<status status="NOT RUN" start="2026-05-18T11:31:40.711291" elapsed="0.000038"/>
</kw>
<kw name="Log" owner="BuiltIn">
<arg>Menu invoked: ${menu_name} &gt; ${menu_item} &gt; ${submenu_item}</arg>
<doc>Logs the given message with the given level.</doc>
<status status="NOT RUN" start="2026-05-18T11:31:40.711381" elapsed="0.000080"/>
</kw>
<arg>File</arg>
<arg>Open Project...</arg>
<doc>Clicks a top-level menu and optionally a menu/sub-menu item.</doc>
<status status="PASS" start="2026-05-18T11:31:40.711162" elapsed="0.000321"/>
</kw>
<kw name="Wait For Dialog" owner="FlaUILib">
<arg>Open</arg>
<doc>Wait for a modal dialog with the given title to appear.</doc>
<status status="NOT RUN" start="2026-05-18T11:31:40.711529" elapsed="0.000022"/>
</kw>
<kw name="Type Into Dialog Field" owner="FlaUILib">
<arg>File name</arg>
<arg>${project_path}</arg>
<doc>Type text into a labeled dialog field.</doc>
<status status="NOT RUN" start="2026-05-18T11:31:40.711593" elapsed="0.000021"/>
</kw>
<kw name="Click Dialog Button" owner="FlaUILib">
<arg>Open</arg>
<doc>Click a button in a modal dialog.</doc>
<status status="NOT RUN" start="2026-05-18T11:31:40.711654" elapsed="0.000028"/>
</kw>
<kw name="Wait Until IDE Is Ready" owner="ide_keywords">
<kw name="Wait For Idle" owner="FlaUILib">
<arg>${timeout}</arg>
<doc>Wait for the IDE to become idle.</doc>
<status status="NOT RUN" start="2026-05-18T11:31:40.711849" elapsed="0.000030"/>
</kw>
<kw name="Log" owner="BuiltIn">
<arg>IDE is ready (idle)</arg>
<doc>Logs the given message with the given level.</doc>
<status status="NOT RUN" start="2026-05-18T11:31:40.711926" elapsed="0.000084"/>
</kw>
<doc>Waits for the IDE to become idle (no busy indicator).</doc>
<status status="PASS" start="2026-05-18T11:31:40.711751" elapsed="0.000281"/>
</kw>
<kw name="Project Should Be Loaded" owner="ide_keywords">
<kw name="Is Project Loaded" owner="FlaUILib">
<var>${loaded}</var>
<doc>Return True if a project is currently loaded in the IDE.</doc>
<status status="NOT RUN" start="2026-05-18T11:31:40.712185" elapsed="0.000020"/>
</kw>
<kw name="Should Be True" owner="BuiltIn">
<arg>${loaded}</arg>
<arg>msg=No project is currently loaded in Automation Studio</arg>
<doc>Fails if the given condition is not true.</doc>
<status status="NOT RUN" start="2026-05-18T11:31:40.712248" elapsed="0.000100"/>
</kw>
<doc>Fails if no project is currently loaded in the IDE.</doc>
<status status="PASS" start="2026-05-18T11:31:40.712096" elapsed="0.000275"/>
</kw>
<kw name="Log" owner="BuiltIn">
<arg>Project loaded from ${project_path}</arg>
<doc>Logs the given message with the given level.</doc>
<status status="NOT RUN" start="2026-05-18T11:31:40.712414" elapsed="0.000071"/>
</kw>
<arg>${project_path}</arg>
<doc>Opens an existing Automation Studio project via File &gt; Open Project.</doc>
<status status="PASS" start="2026-05-18T11:31:40.710432" elapsed="0.002073"/>
</kw>
<kw name="Switch To Configuration View" owner="project_keywords">
<kw name="Navigate To Tree Leaf" owner="ide_keywords">
<kw name="Activate Tree Leaf" owner="FlaUILib">
<arg>${tree_path}</arg>
<doc>Navigate and select a node in the project tree.</doc>
<status status="NOT RUN" start="2026-05-18T11:31:40.712994" elapsed="0.000030"/>
</kw>
<kw name="Log" owner="BuiltIn">
<arg>Navigated to tree path: ${tree_path}</arg>
<doc>Logs the given message with the given level.</doc>
<status status="NOT RUN" start="2026-05-18T11:31:40.713078" elapsed="0.000157"/>
</kw>
<arg>Configuration View</arg>
<doc>Clicks through a slash-separated path in the project tree.</doc>
<status status="PASS" start="2026-05-18T11:31:40.712897" elapsed="0.000363"/>
</kw>
<kw name="Log" owner="BuiltIn">
<arg>Switched to Configuration View</arg>
<doc>Logs the given message with the given level.</doc>
<status status="NOT RUN" start="2026-05-18T11:31:40.713310" elapsed="0.000076"/>
</kw>
<doc>Switches the project tree to Configuration View.</doc>
<status status="PASS" start="2026-05-18T11:31:40.712776" elapsed="0.000631"/>
</kw>
<kw name="Initialize OPCUA Component" owner="component_keywords">
<kw name="Add Software Component" owner="project_keywords">
<kw name="Switch To Logical View" owner="project_keywords">
<kw name="Navigate To Tree Leaf" owner="ide_keywords">
<kw name="Activate Tree Leaf" owner="FlaUILib">
<arg>${tree_path}</arg>
<doc>Navigate and select a node in the project tree.</doc>
<status status="NOT RUN" start="2026-05-18T11:31:40.714193" elapsed="0.000036"/>
</kw>
<kw name="Log" owner="BuiltIn">
<arg>Navigated to tree path: ${tree_path}</arg>
<doc>Logs the given message with the given level.</doc>
<status status="NOT RUN" start="2026-05-18T11:31:40.714289" elapsed="0.000100"/>
</kw>
<arg>Logical View</arg>
<doc>Clicks through a slash-separated path in the project tree.</doc>
<status status="PASS" start="2026-05-18T11:31:40.714092" elapsed="0.000324"/>
</kw>
<kw name="Log" owner="BuiltIn">
<arg>Switched to Logical View</arg>
<doc>Logs the given message with the given level.</doc>
<status status="NOT RUN" start="2026-05-18T11:31:40.714472" elapsed="0.000082"/>
</kw>
<doc>Switches the project tree to Logical View.</doc>
<status status="PASS" start="2026-05-18T11:31:40.713981" elapsed="0.000594"/>
</kw>
<kw name="Open Context Menu For Element" owner="ide_keywords">
<kw name="Open Context Menu" owner="FlaUILib">
<arg>${element_name}</arg>
<arg>${search_by}</arg>
<doc>Right-click an element to open its context menu.</doc>
<status status="NOT RUN" start="2026-05-18T11:31:40.714737" elapsed="0.000029"/>
</kw>
<kw name="Log" owner="BuiltIn">
<arg>Context menu opened for: ${element_name}</arg>
<doc>Logs the given message with the given level.</doc>
<status status="NOT RUN" start="2026-05-18T11:31:40.714816" elapsed="0.000075"/>
</kw>
<arg>Logical</arg>
<doc>Right-clicks a UI element to open its context menu.</doc>
<status status="PASS" start="2026-05-18T11:31:40.714643" elapsed="0.000269"/>
</kw>
<kw name="Select Context Menu Item" owner="ide_keywords">
<kw name="Select From Context Menu" owner="FlaUILib">
<arg>${menu_item}</arg>
<arg>${submenu_item}</arg>
<doc>Click an item in the currently visible context menu.</doc>
<status status="NOT RUN" start="2026-05-18T11:31:40.715062" elapsed="0.000031"/>
</kw>
<kw name="Log" owner="BuiltIn">
<arg>Context menu item selected: ${menu_item}</arg>
<doc>Logs the given message with the given level.</doc>
<status status="NOT RUN" start="2026-05-18T11:31:40.715140" elapsed="0.000073"/>
</kw>
<arg>Add Object</arg>
<doc>Clicks an item (and optional sub-item) in the visible context menu.</doc>
<status status="PASS" start="2026-05-18T11:31:40.714975" elapsed="0.000257"/>
</kw>
<kw name="Wait For Dialog" owner="FlaUILib">
<arg>Add Object</arg>
<doc>Wait for a modal dialog with the given title to appear.</doc>
<status status="NOT RUN" start="2026-05-18T11:31:40.715272" elapsed="0.000062"/>
</kw>
<kw name="Navigate To Tree Leaf" owner="ide_keywords">
<kw name="Activate Tree Leaf" owner="FlaUILib">
<arg>${tree_path}</arg>
<doc>Navigate and select a node in the project tree.</doc>
<status status="NOT RUN" start="2026-05-18T11:31:40.715547" elapsed="0.000034"/>
</kw>
<kw name="Log" owner="BuiltIn">
<arg>Navigated to tree path: ${tree_path}</arg>
<doc>Logs the given message with the given level.</doc>
<status status="NOT RUN" start="2026-05-18T11:31:40.715635" elapsed="0.000091"/>
</kw>
<arg>${component_name}</arg>
<doc>Clicks through a slash-separated path in the project tree.</doc>
<status status="PASS" start="2026-05-18T11:31:40.715435" elapsed="0.000316"/>
</kw>
<kw name="Click Dialog Button" owner="FlaUILib">
<arg>OK</arg>
<doc>Click a button in a modal dialog.</doc>
<status status="NOT RUN" start="2026-05-18T11:31:40.715798" elapsed="0.000032"/>
</kw>
<kw name="Wait Until IDE Is Ready" owner="ide_keywords">
<kw name="Wait For Idle" owner="FlaUILib">
<arg>${timeout}</arg>
<doc>Wait for the IDE to become idle.</doc>
<status status="NOT RUN" start="2026-05-18T11:31:40.715988" elapsed="0.000026"/>
</kw>
<kw name="Log" owner="BuiltIn">
<arg>IDE is ready (idle)</arg>
<doc>Logs the given message with the given level.</doc>
<status status="NOT RUN" start="2026-05-18T11:31:40.716058" elapsed="0.000078"/>
</kw>
<doc>Waits for the IDE to become idle (no busy indicator).</doc>
<status status="PASS" start="2026-05-18T11:31:40.715898" elapsed="0.000261"/>
</kw>
<kw name="Log" owner="BuiltIn">
<arg>Component added: ${component_name}</arg>
<doc>Logs the given message with the given level.</doc>
<status status="NOT RUN" start="2026-05-18T11:31:40.716202" elapsed="0.000073"/>
</kw>
<arg>OpcUa</arg>
<doc>Adds a software component to the project via the Logical View context menu.</doc>
<status status="PASS" start="2026-05-18T11:31:40.713856" elapsed="0.002440"/>
</kw>
<kw name="Navigate To OPCUA Settings" owner="component_keywords">
<kw name="Switch To Logical View" owner="project_keywords">
<kw name="Navigate To Tree Leaf" owner="ide_keywords">
<kw name="Activate Tree Leaf" owner="FlaUILib">
<arg>${tree_path}</arg>
<doc>Navigate and select a node in the project tree.</doc>
<status status="NOT RUN" start="2026-05-18T11:31:40.716637" elapsed="0.000029"/>
</kw>
<kw name="Log" owner="BuiltIn">
<arg>Navigated to tree path: ${tree_path}</arg>
<doc>Logs the given message with the given level.</doc>
<status status="NOT RUN" start="2026-05-18T11:31:40.716717" elapsed="0.000078"/>
</kw>
<arg>Logical View</arg>
<doc>Clicks through a slash-separated path in the project tree.</doc>
<status status="PASS" start="2026-05-18T11:31:40.716554" elapsed="0.000264"/>
</kw>
<kw name="Log" owner="BuiltIn">
<arg>Switched to Logical View</arg>
<doc>Logs the given message with the given level.</doc>
<status status="NOT RUN" start="2026-05-18T11:31:40.716860" elapsed="0.000068"/>
</kw>
<doc>Switches the project tree to Logical View.</doc>
<status status="PASS" start="2026-05-18T11:31:40.716461" elapsed="0.000487"/>
</kw>
<kw name="Navigate To Tree Leaf" owner="ide_keywords">
<kw name="Activate Tree Leaf" owner="FlaUILib">
<arg>${tree_path}</arg>
<doc>Navigate and select a node in the project tree.</doc>
<status status="NOT RUN" start="2026-05-18T11:31:40.717100" elapsed="0.000046"/>
</kw>
<kw name="Log" owner="BuiltIn">
<arg>Navigated to tree path: ${tree_path}</arg>
<doc>Logs the given message with the given level.</doc>
<status status="NOT RUN" start="2026-05-18T11:31:40.717242" elapsed="0.000138"/>
</kw>
<arg>OpcUa</arg>
<doc>Clicks through a slash-separated path in the project tree.</doc>
<status status="PASS" start="2026-05-18T11:31:40.717008" elapsed="0.000409"/>
</kw>
<doc>Navigates to the OpcUa node in the Logical View.</doc>
<status status="PASS" start="2026-05-18T11:31:40.716359" elapsed="0.001094"/>
</kw>
<kw name="Set IDE Property" owner="ide_keywords">
<kw name="Set Property Value" owner="FlaUILib">
<arg>${property_name}</arg>
<arg>${value}</arg>
<doc>Set a property in the IDE property panel.</doc>
<status status="NOT RUN" start="2026-05-18T11:31:40.717727" elapsed="0.000041"/>
</kw>
<kw name="Log" owner="BuiltIn">
<arg>Property set: ${property_name} = ${value}</arg>
<doc>Logs the given message with the given level.</doc>
<status status="NOT RUN" start="2026-05-18T11:31:40.717856" elapsed="0.000177"/>
</kw>
<arg>Port</arg>
<arg>${port}</arg>
<doc>Sets a value in the IDE property panel.</doc>
<status status="PASS" start="2026-05-18T11:31:40.717566" elapsed="0.000508"/>
</kw>
<kw name="Set IDE Property" owner="ide_keywords">
<kw name="Set Property Value" owner="FlaUILib">
<arg>${property_name}</arg>
<arg>${value}</arg>
<doc>Set a property in the IDE property panel.</doc>
<status status="NOT RUN" start="2026-05-18T11:31:40.718390" elapsed="0.000043"/>
</kw>
<kw name="Log" owner="BuiltIn">
<arg>Property set: ${property_name} = ${value}</arg>
<doc>Logs the given message with the given level.</doc>
<status status="NOT RUN" start="2026-05-18T11:31:40.718517" elapsed="0.000138"/>
</kw>
<arg>Enabled</arg>
<arg>True</arg>
<doc>Sets a value in the IDE property panel.</doc>
<status status="PASS" start="2026-05-18T11:31:40.718219" elapsed="0.000469"/>
</kw>
<kw name="Log" owner="BuiltIn">
<arg>OPCUA component initialised on port ${port}</arg>
<doc>Logs the given message with the given level.</doc>
<status status="NOT RUN" start="2026-05-18T11:31:40.718757" elapsed="0.000110"/>
</kw>
<doc>Adds and configures the OPCUA component in the project.</doc>
<status status="PASS" start="2026-05-18T11:31:40.713692" elapsed="0.005206"/>
</kw>
<kw name="Build Project" owner="project_keywords">
<kw name="Invoke IDE Menu" owner="ide_keywords">
<kw name="Invoke Menu" owner="FlaUILib">
<arg>${menu_name}</arg>
<arg>${menu_item}</arg>
<arg>${submenu_item}</arg>
<doc>Invoke a top-level menu, optionally clicking a menu item and submenu.</doc>
<status status="NOT RUN" start="2026-05-18T11:31:40.719742" elapsed="0.000041"/>
</kw>
<kw name="Log" owner="BuiltIn">
<arg>Menu invoked: ${menu_name} &gt; ${menu_item} &gt; ${submenu_item}</arg>
<doc>Logs the given message with the given level.</doc>
<status status="NOT RUN" start="2026-05-18T11:31:40.719847" elapsed="0.000096"/>
</kw>
<arg>Build</arg>
<arg>Build Active Project</arg>
<doc>Clicks a top-level menu and optionally a menu/sub-menu item.</doc>
<status status="PASS" start="2026-05-18T11:31:40.719547" elapsed="0.000423"/>
</kw>
<kw name="Wait For Build To Complete" owner="FlaUILib">
<arg>${timeout}</arg>
<doc>Wait for the IDE build process to finish.</doc>
<status status="NOT RUN" start="2026-05-18T11:31:40.720021" elapsed="0.000030"/>
</kw>
<kw name="Log" owner="BuiltIn">
<arg>Project build complete</arg>
<doc>Logs the given message with the given level.</doc>
<status status="NOT RUN" start="2026-05-18T11:31:40.720103" elapsed="0.000077"/>
</kw>
<doc>Builds the active project (Build &gt; Build Active Project) and waits for completion.</doc>
<status status="PASS" start="2026-05-18T11:31:40.719229" elapsed="0.000972"/>
</kw>
<kw name="Log" owner="BuiltIn">
<arg>Project loaded and modified successfully: ${project_name}</arg>
<doc>Logs the given message with the given level.</doc>
<status status="NOT RUN" start="2026-05-18T11:31:40.720348" elapsed="0.000122"/>
</kw>
<doc>Creates a project, closes it, re-loads it, and adds a component.</doc>
<tag>load</tag>
<tag>modify</tag>
<tag>project-creation</tag>
<status status="PASS" start="2026-05-18T11:31:40.706277" elapsed="0.014770"/>
</test>
<kw name="Close Automation Studio" owner="ide_keywords" type="TEARDOWN">
<kw name="Close Application" owner="FlaUILib">
<arg>${save_changes}</arg>
<doc>Close the IDE application.</doc>
<status status="NOT RUN" start="2026-05-18T11:31:40.721750" elapsed="0.000033"/>
</kw>
<kw name="Log" owner="BuiltIn">
<arg>Automation Studio closed (save_changes=${save_changes})</arg>
<doc>Logs the given message with the given level.</doc>
<status status="NOT RUN" start="2026-05-18T11:31:40.721839" elapsed="0.000119"/>
</kw>
<arg>save_changes=False</arg>
<doc>Closes Automation Studio IDE.</doc>
<status status="PASS" start="2026-05-18T11:31:40.721627" elapsed="0.000369"/>
</kw>
<doc>Test cases for Automation Studio project creation and initialization.</doc>
<status status="PASS" start="2026-05-18T11:31:40.662283" elapsed="0.059735"/>
</suite>
<status status="PASS" start="2026-05-18T11:31:40.661419" elapsed="0.061262"/>
</suite>
<status status="PASS" start="2026-05-18T11:31:40.162601" elapsed="0.560529"/>
</suite>
<statistics>
<total>
<stat pass="16" fail="0" skip="0">All Tests</stat>
</total>
<tag>
<stat pass="2" fail="0" skip="0">automationruntime</stat>
<stat pass="1" fail="0" skip="0">cleanup</stat>
<stat pass="1" fail="0" skip="0">comprehensive</stat>
<stat pass="4" fail="0" skip="0">configuration</stat>
<stat pass="1" fail="0" skip="0">deployment</stat>
<stat pass="2" fail="0" skip="0">full-stack</stat>
<stat pass="6" fail="0" skip="0">integration</stat>
<stat pass="1" fail="0" skip="0">lifecycle</stat>
<stat pass="1" fail="0" skip="0">load</stat>
<stat pass="7" fail="0" skip="0">mappview</stat>
<stat pass="1" fail="0" skip="0">modify</stat>
<stat pass="3" fail="0" skip="0">opcua</stat>
<stat pass="4" fail="0" skip="0">project-creation</stat>
<stat pass="1" fail="0" skip="0">properties</stat>
<stat pass="1" fail="0" skip="0">regression</stat>
<stat pass="5" fail="0" skip="0">smoke</stat>
<stat pass="1" fail="0" skip="0">visualization</stat>
<stat pass="2" fail="0" skip="0">widgets</stat>
<stat pass="1" fail="0" skip="0">workflow</stat>
</tag>
<suite>
<stat name="Tests" id="s1" pass="16" fail="0" skip="0">Tests</stat>
<stat name="Automationruntime" id="s1-s1" pass="2" fail="0" skip="0">Tests.Automationruntime</stat>
<stat name="Automationruntime Tests" id="s1-s1-s1" pass="2" fail="0" skip="0">Tests.Automationruntime.Automationruntime Tests</stat>
<stat name="Integration" id="s1-s2" pass="3" fail="0" skip="0">Tests.Integration</stat>
<stat name="Integration Tests" id="s1-s2-s1" pass="3" fail="0" skip="0">Tests.Integration.Integration Tests</stat>
<stat name="Mappview" id="s1-s3" pass="4" fail="0" skip="0">Tests.Mappview</stat>
<stat name="Mappview Tests" id="s1-s3-s1" pass="4" fail="0" skip="0">Tests.Mappview.Mappview Tests</stat>
<stat name="Opcua" id="s1-s4" pass="3" fail="0" skip="0">Tests.Opcua</stat>
<stat name="Opcua Tests" id="s1-s4-s1" pass="3" fail="0" skip="0">Tests.Opcua.Opcua Tests</stat>
<stat name="Project Creation" id="s1-s5" pass="4" fail="0" skip="0">Tests.Project Creation</stat>
<stat name="Project Creation" id="s1-s5-s1" pass="4" fail="0" skip="0">Tests.Project Creation.Project Creation</stat>
</suite>
</statistics>
<errors>
</errors>
</robot>
