<?xml version="1.0" encoding="UTF-8"?>
<robot generator="Robot 7.4.2 (Python 3.14.3 on win32)" generated="2026-05-22T12:34:50.372352" rpa="false" schemaversion="5">
<suite id="s1" name="ASW-UI-Tests" source="C:\Users\ATDIBRU\OneDrive - ABB\projects\ASW-UI-Tests">
<suite id="s1-s1" name="RobotTests" source="C:\Users\ATDIBRU\OneDrive - ABB\projects\ASW-UI-Tests\RobotTests">
<suite id="s1-s1-s1" name="Tests" source="C:\Users\ATDIBRU\OneDrive - ABB\projects\ASW-UI-Tests\RobotTests\tests">
<suite id="s1-s1-s1-s1" name="Automation Runtime" source="C:\Users\ATDIBRU\OneDrive - ABB\projects\ASW-UI-Tests\RobotTests\tests\Automation Runtime">
<suite id="s1-s1-s1-s1-s1" name="Automation Runtime" source="C:\Users\ATDIBRU\OneDrive - ABB\projects\ASW-UI-Tests\RobotTests\tests\Automation Runtime\Automation Runtime.robot">
<test id="s1-s1-s1-s1-s1-t1" name="Initialise Automation Runtime Version" line="6">
<kw name="Initialize Automation Studio" owner="ide_keywords">
<kw name="Initialize Automation Studio" owner="FlaUILib">
<arg>${AS_DEFAULT_TIMEOUT}</arg>
<status status="PASS" start="2026-05-22T12:34:56.468408" elapsed="0.002389"/>
</kw>
<kw name="Log" owner="BuiltIn">
<msg time="2026-05-22T12:34:56.472185" level="INFO">Automation Studio initialised.</msg>
<arg>Automation Studio initialised.</arg>
<doc>Logs the given message with the given level.</doc>
<status status="PASS" start="2026-05-22T12:34:56.471379" elapsed="0.001187"/>
</kw>
<doc>Launches (or attaches to) Automation Studio IDE and waits until ready.</doc>
<status status="PASS" start="2026-05-22T12:34:54.369600" elapsed="2.103172"/>
</kw>
<kw name="Select Working Version for Component" owner="project_keywords">
<kw name="Invoke IDE Menu" owner="ide_keywords">
<kw name="Invoke Menu" owner="FlaUILib">
<arg>${menu_name}</arg>
<arg>${menu_item}</arg>
<arg>${submenu_item}</arg>
<status status="PASS" start="2026-05-22T12:34:57.789569" elapsed="1.210611"/>
</kw>
<kw name="Log" owner="BuiltIn">
<msg time="2026-05-22T12:34:59.000769" level="INFO">Menu invoked: Project &gt; Change Runtime Versions... &gt; None</msg>
<arg>Menu invoked: ${menu_name} &gt; ${menu_item} &gt; ${submenu_item}</arg>
<doc>Logs the given message with the given level.</doc>
<status status="PASS" start="2026-05-22T12:34:59.000384" elapsed="0.000552"/>
</kw>
<arg>Project</arg>
<arg>Change Runtime Versions...</arg>
<doc>Clicks a top-level menu and optionally a menu/sub-menu item.</doc>
<status status="PASS" start="2026-05-22T12:34:57.094792" elapsed="1.906255"/>
</kw>
<kw name="Wait For Dialog" owner="FlaUILib">
<msg time="2026-05-22T12:35:03.066424" level="INFO">${dialog_appeared} = True</msg>
<var>${dialog_appeared}</var>
<arg>${CPU_TYPE} - Properties</arg>
<arg>1</arg>
<status status="PASS" start="2026-05-22T12:34:59.001175" elapsed="4.065434"/>
</kw>
<if>
<branch type="IF" condition="${dialog_appeared}">
<kw name="Select Component Version" owner="FlaUILib">
<arg>${component_name}</arg>
<arg>${working_version}</arg>
<status status="PASS" start="2026-05-22T12:35:05.491763" elapsed="3.167464"/>
</kw>
<kw name="Click Dialog Button" owner="FlaUILib">
<arg>OK</arg>
<arg>dialog_close=True</arg>
<status status="PASS" start="2026-05-22T12:35:08.659507" elapsed="6.465182"/>
</kw>
<status status="PASS" start="2026-05-22T12:35:03.066785" elapsed="12.058033"/>
</branch>
<branch type="ELSE">
<kw name="Log" owner="BuiltIn">
<arg>No Change Runtime Versions dialog appeared.</arg>
<doc>Logs the given message with the given level.</doc>
<status status="NOT RUN" start="2026-05-22T12:35:15.125067" elapsed="0.000087"/>
</kw>
<status status="NOT RUN" start="2026-05-22T12:35:15.124873" elapsed="0.000342"/>
</branch>
<status status="PASS" start="2026-05-22T12:35:03.066755" elapsed="12.058488"/>
</if>
<kw name="Log" owner="BuiltIn">
<msg time="2026-05-22T12:35:19.461161" level="INFO">Working version selected: 6.6.3</msg>
<arg>Working version selected: ${working_version}</arg>
<doc>Logs the given message with the given level.</doc>
<status status="PASS" start="2026-05-22T12:35:15.125315" elapsed="4.336656"/>
</kw>
<arg>Automation Runtime</arg>
<arg>${AR_VERSION}</arg>
<doc>Selects the component's version inside the Project - Change Runtime Version dialog.</doc>
<status status="PASS" start="2026-05-22T12:34:56.473222" elapsed="22.989239"/>
</kw>
<kw name="Log" owner="BuiltIn">
<msg time="2026-05-22T12:35:20.692337" level="INFO">Automation Runtime version initialised</msg>
<arg>Automation Runtime version initialised</arg>
<doc>Logs the given message with the given level.</doc>
<status status="PASS" start="2026-05-22T12:35:19.463357" elapsed="1.229209"/>
</kw>
<doc>Scenario: Initialize Automation Runtime version
Traceability ID: FW-AR-B1
Component: Automation Runtime
Source Manual:
Source Section:
Evidence Type: Manual procedure
Determinism: Deterministic UI path
Preconditions:</doc>
<tag>automationruntime</tag>
<tag>configuration</tag>
<tag>smoke</tag>
<tag>trace:fw-ar-b1</tag>
<status status="PASS" start="2026-05-22T12:34:54.367176" elapsed="26.325798"/>
</test>
<doc>Test cases for AutomationRuntime component configuration.</doc>
<status status="PASS" start="2026-05-22T12:34:50.423293" elapsed="30.274568"/>
</suite>
<status status="PASS" start="2026-05-22T12:34:50.420526" elapsed="30.280382"/>
</suite>
<status status="PASS" start="2026-05-22T12:34:50.418425" elapsed="30.285958"/>
</suite>
<status status="PASS" start="2026-05-22T12:34:50.415434" elapsed="30.291047"/>
</suite>
<status status="PASS" start="2026-05-22T12:34:50.378439" elapsed="30.329799"/>
</suite>
<statistics>
<total>
<stat pass="1" fail="0" skip="0">All Tests</stat>
</total>
<tag>
<stat pass="1" fail="0" skip="0">automationruntime</stat>
<stat pass="1" fail="0" skip="0">configuration</stat>
<stat pass="1" fail="0" skip="0">smoke</stat>
<stat pass="1" fail="0" skip="0">trace:fw-ar-b1</stat>
</tag>
<suite>
<stat name="ASW-UI-Tests" id="s1" pass="1" fail="0" skip="0">ASW-UI-Tests</stat>
<stat name="RobotTests" id="s1-s1" pass="1" fail="0" skip="0">ASW-UI-Tests.RobotTests</stat>
<stat name="Tests" id="s1-s1-s1" pass="1" fail="0" skip="0">ASW-UI-Tests.RobotTests.Tests</stat>
<stat name="Automation Runtime" id="s1-s1-s1-s1" pass="1" fail="0" skip="0">ASW-UI-Tests.RobotTests.Tests.Automation Runtime</stat>
<stat name="Automation Runtime" id="s1-s1-s1-s1-s1" pass="1" fail="0" skip="0">ASW-UI-Tests.RobotTests.Tests.Automation Runtime.Automation Runtime</stat>
</suite>
</statistics>
<errors>
<msg time="2026-05-22T12:34:54.261058" level="WARN">Imported resource file 'C:\Users\ATDIBRU\OneDrive - ABB\projects\ASW-UI-Tests\config\Automation Studio\config.robot' is empty.</msg>
</errors>
</robot>
