<?xml version="1.0" encoding="UTF-8"?>
<robot generator="Robot 7.4.2 (Python 3.14.3 on win32)" generated="2026-06-08T11:44:55.693357" rpa="false" schemaversion="5">
<suite id="s1" name="ASW-UI-Tests" source="C:\Users\ATDIBRU\OneDrive - ABB\projects\ASW-UI-Tests">
<suite id="s1-s1" name="RobotTests" source="C:\Users\ATDIBRU\OneDrive - ABB\projects\ASW-UI-Tests\RobotTests">
<suite id="s1-s1-s1" name="Tests" source="C:\Users\ATDIBRU\OneDrive - ABB\projects\ASW-UI-Tests\RobotTests\tests">
<suite id="s1-s1-s1-s1" name="mappView" source="C:\Users\ATDIBRU\OneDrive - ABB\projects\ASW-UI-Tests\RobotTests\tests\mappView">
<suite id="s1-s1-s1-s1-s1" name="mappView tests" source="C:\Users\ATDIBRU\OneDrive - ABB\projects\ASW-UI-Tests\RobotTests\tests\mappView\mappView_tests.robot">
<test id="s1-s1-s1-s1-s1-t1" name="Prepare Layout for Widget Pages" line="100">
<kw name="Initialize Automation Studio" owner="ide_keywords">
<kw name="Initialize Automation Studio" owner="FlaUILib">
<arg>${AS_DEFAULT_TIMEOUT}</arg>
<arg>${AS_VERBOSE}</arg>
<status status="PASS" start="2026-06-08T11:44:56.421486" elapsed="1.407147"/>
</kw>
<kw name="Log" owner="BuiltIn">
<msg time="2026-06-08T11:44:57.829554" level="INFO">Automation Studio initialised.</msg>
<arg>Automation Studio initialised.</arg>
<doc>Logs the given message with the given level.</doc>
<status status="PASS" start="2026-06-08T11:44:57.829196" elapsed="0.000544"/>
</kw>
<doc>Launches (or attaches to) Automation Studio IDE and waits until ready.</doc>
<status status="PASS" start="2026-06-08T11:44:56.421065" elapsed="1.408816"/>
</kw>
<kw name="Expand and Click Tree Leaf" owner="ide_keywords">
<kw name="Activate Tree Leaf" owner="FlaUILib">
<arg>${viewtype}</arg>
<arg>${tree_path}</arg>
<arg>${editorname}</arg>
<arg>${rootname}</arg>
<arg>${program}</arg>
<arg>${shortcut}</arg>
<arg>${single_click}</arg>
<arg>${filename}</arg>
<arg>${filetree}</arg>
<arg>${version}</arg>
<status status="PASS" start="2026-06-08T11:44:57.830757" elapsed="1.709329"/>
</kw>
<kw name="Log" owner="BuiltIn">
<msg time="2026-06-08T11:44:59.540717" level="INFO">Double-clicked tree path: BR_mappView|BR_Visualization|BR_Pages|BR_page_0|BR_page_0.page</msg>
<arg>Double-clicked tree path: ${tree_path}</arg>
<doc>Logs the given message with the given level.</doc>
<status status="PASS" start="2026-06-08T11:44:59.540344" elapsed="0.000600"/>
</kw>
<arg>Logical View</arg>
<arg>BR_mappView|BR_Visualization|BR_Pages|BR_page_0|BR_page_0.page</arg>
<arg>shortcut=0</arg>
<doc>Expands a tree node and (double)-clicks a leaf node in the active tree.</doc>
<status status="PASS" start="2026-06-08T11:44:57.830302" elapsed="1.710768"/>
</kw>
<kw name="Click Into IDE" owner="ide_keywords">
<kw name="Click into IDE" owner="FlaUILib">
<arg>${editor}</arg>
<arg>${position}</arg>
<status status="PASS" start="2026-06-08T11:44:59.542045" elapsed="0.012530"/>
</kw>
<kw name="Log" owner="BuiltIn">
<msg time="2026-06-08T11:44:59.556173" level="INFO">Clicked into IDE (editor=True, position=False)</msg>
<arg>Clicked into IDE (editor=${editor}, position=${position})</arg>
<doc>Logs the given message with the given level.</doc>
<status status="PASS" start="2026-06-08T11:44:59.555489" elapsed="0.001149"/>
</kw>
<arg>editor=True</arg>
<doc>Clicks into the IDE to ensure it has focus, optionally on an open editor. Marked elements loose focus.</doc>
<status status="PASS" start="2026-06-08T11:44:59.541529" elapsed="0.015306"/>
</kw>
<kw name="Set Workspace Minimum Size" owner="FlaUILib">
<msg time="2026-06-08T11:44:59.934347" level="FAIL">FlaUILibrary keyword 'set_workspace_min_size' failed: Editor not found: Page-Editor</msg>
<arg>editor_name=Page-Editor</arg>
<arg>percent=True</arg>
<status status="FAIL" start="2026-06-08T11:44:59.557124" elapsed="0.382347">FlaUILibrary keyword 'set_workspace_min_size' failed: Editor not found: Page-Editor</status>
</kw>
<kw name="Get Editor XPath" owner="FlaUILib">
<var>${xpath}</var>
<arg>editor_name=Page-Editor</arg>
<status status="NOT RUN" start="2026-06-08T11:45:47.941015" elapsed="0.000279"/>
</kw>
<kw name="Find One Element" owner="FlaUILibrary">
<var>${page_editor}</var>
<arg>${xpath}</arg>
<doc>Find one element from given xpath.
Runs immediately and without retrying later.
Returns an AutomationElement which contains properties to Xpath.
If AutomationId, ClassName or Name is set. Xpath can be used by these values and will be returned.</doc>
<status status="NOT RUN" start="2026-06-08T11:45:47.941850" elapsed="0.000225"/>
</kw>
<kw name="Get Rectangle Bounding From Element" owner="FlaUILibrary">
<var>${rect}</var>
<arg>${xpath}</arg>
<doc>Return rectangle value from element.</doc>
<status status="NOT RUN" start="2026-06-08T11:45:47.942784" elapsed="0.000219"/>
</kw>
<kw name="Evaluate" owner="BuiltIn">
<var>${x_offset}</var>
<arg>(${rect}[2] * 50)/800</arg>
<doc>Evaluates the given expression in Python and returns the result.</doc>
<status status="NOT RUN" start="2026-06-08T11:45:47.943531" elapsed="0.000210"/>
</kw>
<kw name="Evaluate" owner="BuiltIn">
<var>${click_x}</var>
<arg>${rect}[0] + ${x_offset}</arg>
<doc>Evaluates the given expression in Python and returns the result.</doc>
<status status="NOT RUN" start="2026-06-08T11:45:47.944274" elapsed="0.000208"/>
</kw>
<kw name="Evaluate" owner="BuiltIn">
<var>${y_offset}</var>
<arg>(${rect}[3] * 300)/600</arg>
<doc>Evaluates the given expression in Python and returns the result.</doc>
<status status="NOT RUN" start="2026-06-08T11:45:47.945484" elapsed="0.000206"/>
</kw>
<kw name="Evaluate" owner="BuiltIn">
<var>${click_y}</var>
<arg>${rect}[1] + ${y_offset}</arg>
<doc>Evaluates the given expression in Python and returns the result.</doc>
<status status="NOT RUN" start="2026-06-08T11:45:47.946209" elapsed="0.000215"/>
</kw>
<kw name="Click into IDE" owner="FlaUILib">
<arg>position_x=${click_x}</arg>
<arg>position_y=${click_y}</arg>
<status status="NOT RUN" start="2026-06-08T11:45:47.946887" elapsed="0.000203"/>
</kw>
<kw name="Select From MappView Dropdown" owner="FlaUILib">
<arg>property_name=Common</arg>
<arg>subproperty=refId</arg>
<arg>value=Navigation</arg>
<status status="NOT RUN" start="2026-06-08T11:45:47.947427" elapsed="0.000164"/>
</kw>
<kw name="Evaluate" owner="BuiltIn">
<var>${x_offset}</var>
<arg>(${rect}[2] * 400)/800</arg>
<doc>Evaluates the given expression in Python and returns the result.</doc>
<status status="NOT RUN" start="2026-06-08T11:45:47.947928" elapsed="0.000166"/>
</kw>
<kw name="Evaluate" owner="BuiltIn">
<var>${click_x}</var>
<arg>${rect}[0] + ${x_offset}</arg>
<doc>Evaluates the given expression in Python and returns the result.</doc>
<status status="NOT RUN" start="2026-06-08T11:45:47.948367" elapsed="0.000090"/>
</kw>
<kw name="Evaluate" owner="BuiltIn">
<var>${y_offset}</var>
<arg>(${rect}[3] * 50)/600</arg>
<doc>Evaluates the given expression in Python and returns the result.</doc>
<status status="NOT RUN" start="2026-06-08T11:45:47.948722" elapsed="0.000123"/>
</kw>
<kw name="Evaluate" owner="BuiltIn">
<var>${click_y}</var>
<arg>${rect}[1] + ${y_offset}</arg>
<doc>Evaluates the given expression in Python and returns the result.</doc>
<status status="NOT RUN" start="2026-06-08T11:45:47.949055" elapsed="0.000100"/>
</kw>
<kw name="Click into IDE" owner="FlaUILib">
<arg>position_x=${click_x}</arg>
<arg>position_y=${click_y}</arg>
<status status="NOT RUN" start="2026-06-08T11:45:47.949566" elapsed="0.000127"/>
</kw>
<kw name="Select From MappView Dropdown" owner="FlaUILib">
<arg>property_name=Common</arg>
<arg>subproperty=refId</arg>
<arg>value=Info_Pane</arg>
<status status="NOT RUN" start="2026-06-08T11:45:47.949886" elapsed="0.000102"/>
</kw>
<kw name="Click Toolbar Button" owner="FlaUILib">
<arg>Save All</arg>
<status status="NOT RUN" start="2026-06-08T11:45:47.950189" elapsed="0.000110"/>
</kw>
<kw name="Close Editor" owner="ide_keywords">
<doc>Closes the currently active editor, optionally saving changes.</doc>
<status status="NOT RUN" start="2026-06-08T11:45:47.950573" elapsed="0.000126"/>
</kw>
<kw name="Build Project" owner="project_keywords">
<doc>Builds the active configuration and waits for completion.</doc>
<status status="NOT RUN" start="2026-06-08T11:45:47.951152" elapsed="0.000160"/>
</kw>
<kw name="Log" owner="BuiltIn">
<arg>Layout and navigation prepared for widget page tests</arg>
<doc>Logs the given message with the given level.</doc>
<status status="NOT RUN" start="2026-06-08T11:45:47.951591" elapsed="0.000285"/>
</kw>
<doc>Scenario: Prepare mappView layout for widget page tests
Traceability ID: FW-MVIEW-C2
Component: mappView
Source Manual: agents/TM611-GER_Working_with_mapp_View_V6001_mV61.md
Source Section: 5.4 Content and Widgets
Evidence Type: Manual procedure
Determinism: Deterministic UI path
Preconditions: mappView component available and configured</doc>
<tag>configuration</tag>
<tag>mappview</tag>
<tag>trace:fw-mview-c2</tag>
<tag>trace:sec-5.4</tag>
<tag>trace:tm611</tag>
<status status="FAIL" start="2026-06-08T11:44:56.417157" elapsed="51.535736">FlaUILibrary keyword 'set_workspace_min_size' failed: Editor not found: Page-Editor</status>
</test>
<doc>Test cases for MappView component configuration and widget insertion.</doc>
<status status="FAIL" start="2026-06-08T11:44:55.736151" elapsed="52.242375"/>
</suite>
<status status="FAIL" start="2026-06-08T11:44:55.733982" elapsed="52.248069"/>
</suite>
<status status="FAIL" start="2026-06-08T11:44:55.731760" elapsed="52.252720"/>
</suite>
<status status="FAIL" start="2026-06-08T11:44:55.729066" elapsed="52.280813"/>
</suite>
<status status="FAIL" start="2026-06-08T11:44:55.697848" elapsed="52.314893"/>
</suite>
<statistics>
<total>
<stat pass="0" fail="1" skip="0">All Tests</stat>
</total>
<tag>
<stat pass="0" fail="1" skip="0">configuration</stat>
<stat pass="0" fail="1" skip="0">mappview</stat>
<stat pass="0" fail="1" skip="0">trace:fw-mview-c2</stat>
<stat pass="0" fail="1" skip="0">trace:sec-5.4</stat>
<stat pass="0" fail="1" skip="0">trace:tm611</stat>
</tag>
<suite>
<stat name="ASW-UI-Tests" id="s1" pass="0" fail="1" skip="0">ASW-UI-Tests</stat>
<stat name="RobotTests" id="s1-s1" pass="0" fail="1" skip="0">ASW-UI-Tests.RobotTests</stat>
<stat name="Tests" id="s1-s1-s1" pass="0" fail="1" skip="0">ASW-UI-Tests.RobotTests.Tests</stat>
<stat name="mappView" id="s1-s1-s1-s1" pass="0" fail="1" skip="0">ASW-UI-Tests.RobotTests.Tests.mappView</stat>
<stat name="mappView tests" id="s1-s1-s1-s1-s1" pass="0" fail="1" skip="0">ASW-UI-Tests.RobotTests.Tests.mappView.mappView tests</stat>
</suite>
</statistics>
<errors>
<msg time="2026-06-08T11:44:55.755027" level="WARN">Imported resource file 'C:\Users\ATDIBRU\OneDrive - ABB\projects\ASW-UI-Tests\config\Automation Studio\config.robot' is empty.</msg>
</errors>
</robot>
